[2022-10-27T18:48:30.300Z] Log level: Info
[2022-10-27T18:48:30.312Z] [info] Validating found git in: git
[2022-10-27T18:48:30.338Z] [info] Using git 2.38.1 from git
[2022-10-27T18:48:30.366Z] > git rev-parse --show-toplevel [7ms]
[2022-10-27T18:48:30.366Z] fatal: not a git repository (or any of the parent directories): .git
[2022-10-27T18:48:30.376Z] > git rev-parse --show-toplevel [2ms]
[2022-10-27T18:48:30.386Z] > git rev-parse --git-dir --git-common-dir [2ms]
[2022-10-27T18:48:30.397Z] [info] Open repository: /home/OutOfGravity/.config
[2022-10-27T18:48:30.419Z] > git rev-parse --show-toplevel [3ms]
[2022-10-27T18:48:30.419Z] fatal: not a git repository (or any of the parent directories): .git
[2022-10-27T18:48:30.430Z] > git rev-parse --show-toplevel [3ms]
[2022-10-27T18:48:30.430Z] fatal: not a git repository (or any of the parent directories): .git
[2022-10-27T18:48:30.460Z] > git status -z -uall [51ms]
[2022-10-27T18:48:30.470Z] > git symbolic-ref --short HEAD [2ms]
[2022-10-27T18:48:30.483Z] > git for-each-ref --format=%(refname)%00%(upstream:short)%00%(objectname)%00%(upstream:track)%00%(upstream:remotename)%00%(upstream:remoteref) refs/heads/main refs/remotes/main [5ms]
[2022-10-27T18:48:30.503Z] > git remote --verbose [7ms]
[2022-10-27T18:48:30.504Z] > git for-each-ref --sort -committerdate --format %(refname) %(objectname) %(*objectname) [14ms]
[2022-10-27T18:48:30.561Z] > git config --get commit.template [2ms]
[2022-10-27T18:48:30.576Z] > git status -z -uall [7ms]
[2022-10-27T18:48:30.582Z] > git symbolic-ref --short HEAD [2ms]
[2022-10-27T18:48:30.589Z] > git for-each-ref --format=%(refname)%00%(upstream:short)%00%(objectname)%00%(upstream:track)%00%(upstream:remotename)%00%(upstream:remoteref) refs/heads/main refs/remotes/main [2ms]
[2022-10-27T18:48:30.600Z] > git for-each-ref --sort -committerdate --format %(refname) %(objectname) %(*objectname) [6ms]
[2022-10-27T18:48:30.601Z] > git remote --verbose [3ms]
[2022-10-27T18:48:30.648Z] > git config --get commit.template [2ms]
[2022-10-27T18:48:31.225Z] > git show --textconv :polybar/vpn-wireguard-wg.sh [6ms]
[2022-10-27T18:48:31.226Z] > git ls-files --stage -- /home/OutOfGravity/.config/polybar/vpn-wireguard-wg.sh [2ms]
[2022-10-27T18:48:31.286Z] > git rev-parse --show-toplevel [3ms]
[2022-10-27T18:48:31.286Z] fatal: not a git repository (or any of the parent directories): .git
[2022-10-27T18:48:31.402Z] > git check-ignore -v -z --stdin [2ms]
[2022-10-27T18:48:33.403Z] > git status -z -uall [5ms]
[2022-10-27T18:48:33.407Z] > git symbolic-ref --short HEAD [1ms]
[2022-10-27T18:48:33.413Z] > git for-each-ref --format=%(refname)%00%(upstream:short)%00%(objectname)%00%(upstream:track)%00%(upstream:remotename)%00%(upstream:remoteref) refs/heads/main refs/remotes/main [1ms]
[2022-10-27T18:48:33.422Z] > git for-each-ref --sort -committerdate --format %(refname) %(objectname) %(*objectname) [4ms]
[2022-10-27T18:48:33.423Z] > git remote --verbose [2ms]
[2022-10-27T18:48:33.440Z] > git config --get commit.template [1ms]
[2022-10-27T18:48:33.890Z] > git show --textconv :polybar/cava.sh [5ms]
[2022-10-27T18:48:33.891Z] > git ls-files --stage -- /home/OutOfGravity/.config/polybar/cava.sh [2ms]
[2022-10-27T18:48:33.896Z] > git cat-file -s da7738f99437d59f0aec186f31acebf9f13cba2f [1ms]
[2022-10-27T18:48:33.905Z] > git check-ignore -v -z --stdin [1ms]
[2022-10-27T18:48:38.451Z] > git status -z -uall [5ms]
[2022-10-27T18:48:38.456Z] > git symbolic-ref --short HEAD [1ms]
[2022-10-27T18:48:38.461Z] > git for-each-ref --format=%(refname)%00%(upstream:short)%00%(objectname)%00%(upstream:track)%00%(upstream:remotename)%00%(upstream:remoteref) refs/heads/main refs/remotes/main [2ms]
[2022-10-27T18:48:38.468Z] > git for-each-ref --sort -committerdate --format %(refname) %(objectname) %(*objectname) [4ms]
[2022-10-27T18:48:38.468Z] > git remote --verbose [1ms]
[2022-10-27T18:48:38.484Z] > git config --get commit.template [1ms]
[2022-10-27T18:48:43.497Z] > git status -z -uall [5ms]
[2022-10-27T18:48:43.503Z] > git symbolic-ref --short HEAD [1ms]
[2022-10-27T18:48:43.509Z] > git for-each-ref --format=%(refname)%00%(upstream:short)%00%(objectname)%00%(upstream:track)%00%(upstream:remotename)%00%(upstream:remoteref) refs/heads/main refs/remotes/main [2ms]
[2022-10-27T18:48:43.517Z] > git for-each-ref --sort -committerdate --format %(refname) %(objectname) %(*objectname) [5ms]
[2022-10-27T18:48:43.517Z] > git remote --verbose [2ms]
[2022-10-27T18:48:43.533Z] > git config --get commit.template [1ms]
[2022-10-27T18:48:48.425Z] > git show --textconv :polybar/cava_setup.sh [4ms]
[2022-10-27T18:48:48.426Z] > git ls-files --stage -- /home/OutOfGravity/.config/polybar/cava_setup.sh [2ms]
[2022-10-27T18:48:48.430Z] > git cat-file -s 11425cc9e2f0c9e62b233c586f1f08f48744ee0e [1ms]
[2022-10-27T18:48:48.542Z] > git status -z -uall [4ms]
[2022-10-27T18:48:48.546Z] > git symbolic-ref --short HEAD [1ms]
[2022-10-27T18:48:48.550Z] > git for-each-ref --format=%(refname)%00%(upstream:short)%00%(objectname)%00%(upstream:track)%00%(upstream:remotename)%00%(upstream:remoteref) refs/heads/main refs/remotes/main [1ms]
[2022-10-27T18:48:48.556Z] > git for-each-ref --sort -committerdate --format %(refname) %(objectname) %(*objectname) [3ms]
[2022-10-27T18:48:48.557Z] > git remote --verbose [1ms]
[2022-10-27T18:48:48.572Z] > git config --get commit.template [1ms]
[2022-10-27T18:48:53.579Z] > git status -z -uall [4ms]
[2022-10-27T18:48:53.583Z] > git symbolic-ref --short HEAD [1ms]
[2022-10-27T18:48:53.589Z] > git for-each-ref --format=%(refname)%00%(upstream:short)%00%(objectname)%00%(upstream:track)%00%(upstream:remotename)%00%(upstream:remoteref) refs/heads/main refs/remotes/main [2ms]
[2022-10-27T18:48:53.596Z] > git for-each-ref --sort -committerdate --format %(refname) %(objectname) %(*objectname) [4ms]
[2022-10-27T18:48:53.597Z] > git remote --verbose [2ms]
[2022-10-27T18:48:53.610Z] > git config --get commit.template [1ms]
[2022-10-27T18:48:58.621Z] > git status -z -uall [5ms]
[2022-10-27T18:48:58.626Z] > git symbolic-ref --short HEAD [1ms]
[2022-10-27T18:48:58.630Z] > git for-each-ref --format=%(refname)%00%(upstream:short)%00%(objectname)%00%(upstream:track)%00%(upstream:remotename)%00%(upstream:remoteref) refs/heads/main refs/remotes/main [2ms]
[2022-10-27T18:48:58.636Z] > git for-each-ref --sort -committerdate --format %(refname) %(objectname) %(*objectname) [3ms]
[2022-10-27T18:48:58.637Z] > git remote --verbose [2ms]
[2022-10-27T18:48:58.652Z] > git config --get commit.template [1ms]
[2022-10-27T18:49:03.663Z] > git status -z -uall [5ms]
[2022-10-27T18:49:03.669Z] > git symbolic-ref --short HEAD [1ms]
[2022-10-27T18:49:03.674Z] > git for-each-ref --format=%(refname)%00%(upstream:short)%00%(objectname)%00%(upstream:track)%00%(upstream:remotename)%00%(upstream:remoteref) refs/heads/main refs/remotes/main [2ms]
[2022-10-27T18:49:03.681Z] > git for-each-ref --sort -committerdate --format %(refname) %(objectname) %(*objectname) [4ms]
[2022-10-27T18:49:03.681Z] > git remote --verbose [1ms]
[2022-10-27T18:49:03.696Z] > git config --get commit.template [1ms]
[2022-10-27T18:49:08.709Z] > git status -z -uall [4ms]
[2022-10-27T18:49:08.715Z] > git symbolic-ref --short HEAD [1ms]
[2022-10-27T18:49:08.720Z] > git for-each-ref --format=%(refname)%00%(upstream:short)%00%(objectname)%00%(upstream:track)%00%(upstream:remotename)%00%(upstream:remoteref) refs/heads/main refs/remotes/main [1ms]
[2022-10-27T18:49:08.729Z] > git for-each-ref --sort -committerdate --format %(refname) %(objectname) %(*objectname) [5ms]
[2022-10-27T18:49:08.730Z] > git remote --verbose [2ms]
[2022-10-27T18:49:08.749Z] > git config --get commit.template [4ms]
[2022-10-27T18:49:13.761Z] > git status -z -uall [6ms]
[2022-10-27T18:49:13.767Z] > git symbolic-ref --short HEAD [1ms]
[2022-10-27T18:49:13.773Z] > git for-each-ref --format=%(refname)%00%(upstream:short)%00%(objectname)%00%(upstream:track)%00%(upstream:remotename)%00%(upstream:remoteref) refs/heads/main refs/remotes/main [1ms]
[2022-10-27T18:49:13.783Z] > git for-each-ref --sort -committerdate --format %(refname) %(objectname) %(*objectname) [6ms]
[2022-10-27T18:49:13.783Z] > git remote --verbose [1ms]
[2022-10-27T18:49:13.800Z] > git config --get commit.template [1ms]
[2022-10-27T18:49:18.810Z] > git status -z -uall [4ms]
[2022-10-27T18:49:18.817Z] > git symbolic-ref --short HEAD [1ms]
[2022-10-27T18:49:18.823Z] > git for-each-ref --format=%(refname)%00%(upstream:short)%00%(objectname)%00%(upstream:track)%00%(upstream:remotename)%00%(upstream:remoteref) refs/heads/main refs/remotes/main [2ms]
[2022-10-27T18:49:18.829Z] > git for-each-ref --sort -committerdate --format %(refname) %(objectname) %(*objectname) [3ms]
[2022-10-27T18:49:18.830Z] > git remote --verbose [1ms]
[2022-10-27T18:49:18.845Z] > git config --get commit.template [1ms]
[2022-10-27T18:49:23.857Z] > git status -z -uall [6ms]
[2022-10-27T18:49:23.862Z] > git symbolic-ref --short HEAD [1ms]
[2022-10-27T18:49:23.867Z] > git for-each-ref --format=%(refname)%00%(upstream:short)%00%(objectname)%00%(upstream:track)%00%(upstream:remotename)%00%(upstream:remoteref) refs/heads/main refs/remotes/main [2ms]
[2022-10-27T18:49:23.874Z] > git for-each-ref --sort -committerdate --format %(refname) %(objectname) %(*objectname) [4ms]
[2022-10-27T18:49:23.874Z] > git remote --verbose [1ms]
[2022-10-27T18:49:23.886Z] > git config --get commit.template [1ms]
[2022-10-27T18:49:28.896Z] > git status -z -uall [6ms]
[2022-10-27T18:49:28.903Z] > git symbolic-ref --short HEAD [1ms]
[2022-10-27T18:49:28.909Z] > git for-each-ref --format=%(refname)%00%(upstream:short)%00%(objectname)%00%(upstream:track)%00%(upstream:remotename)%00%(upstream:remoteref) refs/heads/main refs/remotes/main [1ms]
[2022-10-27T18:49:28.917Z] > git for-each-ref --sort -committerdate --format %(refname) %(objectname) %(*objectname) [4ms]
[2022-10-27T18:49:28.917Z] > git remote --verbose [1ms]
[2022-10-27T18:49:28.930Z] > git config --get commit.template [2ms]
[2022-10-27T18:49:33.940Z] > git status -z -uall [4ms]
[2022-10-27T18:49:33.945Z] > git symbolic-ref --short HEAD [1ms]
[2022-10-27T18:49:33.949Z] > git for-each-ref --format=%(refname)%00%(upstream:short)%00%(objectname)%00%(upstream:track)%00%(upstream:remotename)%00%(upstream:remoteref) refs/heads/main refs/remotes/main [1ms]
[2022-10-27T18:49:33.958Z] > git for-each-ref --sort -committerdate --format %(refname) %(objectname) %(*objectname) [5ms]
[2022-10-27T18:49:33.959Z] > git remote --verbose [2ms]
[2022-10-27T18:49:33.975Z] > git config --get commit.template [1ms]
[2022-10-27T18:49:38.986Z] > git status -z -uall [4ms]
[2022-10-27T18:49:38.991Z] > git symbolic-ref --short HEAD [1ms]
[2022-10-27T18:49:38.996Z] > git for-each-ref --format=%(refname)%00%(upstream:short)%00%(objectname)%00%(upstream:track)%00%(upstream:remotename)%00%(upstream:remoteref) refs/heads/main refs/remotes/main [1ms]
[2022-10-27T18:49:39.006Z] > git for-each-ref --sort -committerdate --format %(refname) %(objectname) %(*objectname) [6ms]
[2022-10-27T18:49:39.006Z] > git remote --verbose [1ms]
[2022-10-27T18:49:39.020Z] > git config --get commit.template [2ms]
[2022-10-27T18:49:44.029Z] > git status -z -uall [4ms]
[2022-10-27T18:49:44.034Z] > git symbolic-ref --short HEAD [1ms]
[2022-10-27T18:49:44.039Z] > git for-each-ref --format=%(refname)%00%(upstream:short)%00%(objectname)%00%(upstream:track)%00%(upstream:remotename)%00%(upstream:remoteref) refs/heads/main refs/remotes/main [1ms]
[2022-10-27T18:49:44.050Z] > git for-each-ref --sort -committerdate --format %(refname) %(objectname) %(*objectname) [6ms]
[2022-10-27T18:49:44.050Z] > git remote --verbose [1ms]
[2022-10-27T18:49:44.066Z] > git config --get commit.template [3ms]
[2022-10-27T18:49:49.075Z] > git status -z -uall [5ms]
[2022-10-27T18:49:49.080Z] > git symbolic-ref --short HEAD [1ms]
[2022-10-27T18:49:49.084Z] > git for-each-ref --format=%(refname)%00%(upstream:short)%00%(objectname)%00%(upstream:track)%00%(upstream:remotename)%00%(upstream:remoteref) refs/heads/main refs/remotes/main [1ms]
[2022-10-27T18:49:49.091Z] > git for-each-ref --sort -committerdate --format %(refname) %(objectname) %(*objectname) [3ms]
[2022-10-27T18:49:49.091Z] > git remote --verbose [1ms]
[2022-10-27T18:49:49.106Z] > git config --get commit.template [1ms]
[2022-10-27T18:49:54.116Z] > git status -z -uall [4ms]
[2022-10-27T18:49:54.121Z] > git symbolic-ref --short HEAD [1ms]
[2022-10-27T18:49:54.125Z] > git for-each-ref --format=%(refname)%00%(upstream:short)%00%(objectname)%00%(upstream:track)%00%(upstream:remotename)%00%(upstream:remoteref) refs/heads/main refs/remotes/main [1ms]
[2022-10-27T18:49:54.131Z] > git for-each-ref --sort -committerdate --format %(refname) %(objectname) %(*objectname) [3ms]
[2022-10-27T18:49:54.131Z] > git remote --verbose [1ms]
[2022-10-27T18:49:54.145Z] > git config --get commit.template [1ms]
[2022-10-27T18:49:59.156Z] > git status -z -uall [6ms]
[2022-10-27T18:49:59.160Z] > git symbolic-ref --short HEAD [1ms]
[2022-10-27T18:49:59.165Z] > git for-each-ref --format=%(refname)%00%(upstream:short)%00%(objectname)%00%(upstream:track)%00%(upstream:remotename)%00%(upstream:remoteref) refs/heads/main refs/remotes/main [1ms]
[2022-10-27T18:49:59.172Z] > git for-each-ref --sort -committerdate --format %(refname) %(objectname) %(*objectname) [4ms]
[2022-10-27T18:49:59.172Z] > git remote --verbose [1ms]
[2022-10-27T18:49:59.187Z] > git config --get commit.template [1ms]
[2022-10-27T18:50:36.663Z] > git status -z -uall [6ms]
[2022-10-27T18:50:36.671Z] > git symbolic-ref --short HEAD [2ms]
[2022-10-27T18:50:36.680Z] > git for-each-ref --format=%(refname)%00%(upstream:short)%00%(objectname)%00%(upstream:track)%00%(upstream:remotename)%00%(upstream:remoteref) refs/heads/main refs/remotes/main [1ms]
[2022-10-27T18:50:36.696Z] > git for-each-ref --sort -committerdate --format %(refname) %(objectname) %(*objectname) [8ms]
[2022-10-27T18:50:36.696Z] > git remote --verbose [1ms]
[2022-10-27T18:50:36.716Z] > git config --get commit.template [2ms]
[2022-10-27T18:50:46.918Z] > git status -z -uall [7ms]
[2022-10-27T18:50:46.926Z] > git symbolic-ref --short HEAD [1ms]
[2022-10-27T18:50:46.934Z] > git for-each-ref --format=%(refname)%00%(upstream:short)%00%(objectname)%00%(upstream:track)%00%(upstream:remotename)%00%(upstream:remoteref) refs/heads/main refs/remotes/main [1ms]
[2022-10-27T18:50:46.945Z] > git for-each-ref --sort -committerdate --format %(refname) %(objectname) %(*objectname) [5ms]
[2022-10-27T18:50:46.946Z] > git remote --verbose [2ms]
[2022-10-27T18:50:46.965Z] > git config --get commit.template [1ms]
[2022-10-27T18:50:51.980Z] > git status -z -uall [5ms]
[2022-10-27T18:50:51.989Z] > git symbolic-ref --short HEAD [2ms]
[2022-10-27T18:50:51.993Z] > git for-each-ref --format=%(refname)%00%(upstream:short)%00%(objectname)%00%(upstream:track)%00%(upstream:remotename)%00%(upstream:remoteref) refs/heads/main refs/remotes/main [1ms]
[2022-10-27T18:50:52.003Z] > git for-each-ref --sort -committerdate --format %(refname) %(objectname) %(*objectname) [5ms]
[2022-10-27T18:50:52.003Z] > git remote --verbose [1ms]
[2022-10-27T18:50:52.015Z] > git config --get commit.template [1ms]
[2022-10-27T18:50:57.030Z] > git status -z -uall [5ms]
[2022-10-27T18:50:57.037Z] > git symbolic-ref --short HEAD [1ms]
[2022-10-27T18:50:57.044Z] > git for-each-ref --format=%(refname)%00%(upstream:short)%00%(objectname)%00%(upstream:track)%00%(upstream:remotename)%00%(upstream:remoteref) refs/heads/main refs/remotes/main [1ms]
[2022-10-27T18:50:57.054Z] > git for-each-ref --sort -committerdate --format %(refname) %(objectname) %(*objectname) [4ms]
[2022-10-27T18:50:57.054Z] > git remote --verbose [1ms]
[2022-10-27T18:50:57.076Z] > git config --get commit.template [2ms]
[2022-10-27T18:51:02.092Z] > git status -z -uall [6ms]
[2022-10-27T18:51:02.104Z] > git symbolic-ref --short HEAD [2ms]
[2022-10-27T18:51:02.110Z] > git for-each-ref --format=%(refname)%00%(upstream:short)%00%(objectname)%00%(upstream:track)%00%(upstream:remotename)%00%(upstream:remoteref) refs/heads/main refs/remotes/main [2ms]
[2022-10-27T18:51:02.127Z] > git for-each-ref --sort -committerdate --format %(refname) %(objectname) %(*objectname) [10ms]
[2022-10-27T18:51:02.128Z] > git remote --verbose [6ms]
[2022-10-27T18:51:02.145Z] > git config --get commit.template [1ms]
[2022-10-27T18:51:07.160Z] > git status -z -uall [5ms]
[2022-10-27T18:51:07.169Z] > git symbolic-ref --short HEAD [1ms]
[2022-10-27T18:51:07.173Z] > git for-each-ref --format=%(refname)%00%(upstream:short)%00%(objectname)%00%(upstream:track)%00%(upstream:remotename)%00%(upstream:remoteref) refs/heads/main refs/remotes/main [1ms]
[2022-10-27T18:51:07.183Z] > git for-each-ref --sort -committerdate --format %(refname) %(objectname) %(*objectname) [6ms]
[2022-10-27T18:51:07.183Z] > git remote --verbose [1ms]
[2022-10-27T18:51:07.198Z] > git config --get commit.template [1ms]
[2022-10-27T18:51:12.213Z] > git status -z -uall [4ms]
[2022-10-27T18:51:12.218Z] > git symbolic-ref --short HEAD [0ms]
[2022-10-27T18:51:12.223Z] > git for-each-ref --format=%(refname)%00%(upstream:short)%00%(objectname)%00%(upstream:track)%00%(upstream:remotename)%00%(upstream:remoteref) refs/heads/main refs/remotes/main [1ms]
[2022-10-27T18:51:12.232Z] > git for-each-ref --sort -committerdate --format %(refname) %(objectname) %(*objectname) [5ms]
[2022-10-27T18:51:12.233Z] > git remote --verbose [1ms]
[2022-10-27T18:51:12.250Z] > git config --get commit.template [3ms]
[2022-10-27T18:51:17.260Z] > git status -z -uall [4ms]
[2022-10-27T18:51:17.267Z] > git symbolic-ref --short HEAD [1ms]
[2022-10-27T18:51:17.273Z] > git for-each-ref --format=%(refname)%00%(upstream:short)%00%(objectname)%00%(upstream:track)%00%(upstream:remotename)%00%(upstream:remoteref) refs/heads/main refs/remotes/main [2ms]
[2022-10-27T18:51:17.282Z] > git for-each-ref --sort -committerdate --format %(refname) %(objectname) %(*objectname) [6ms]
[2022-10-27T18:51:17.282Z] > git remote --verbose [1ms]
[2022-10-27T18:51:17.294Z] > git config --get commit.template [1ms]
[2022-10-27T18:51:22.305Z] > git status -z -uall [6ms]
[2022-10-27T18:51:22.311Z] > git symbolic-ref --short HEAD [1ms]
[2022-10-27T18:51:22.317Z] > git for-each-ref --format=%(refname)%00%(upstream:short)%00%(objectname)%00%(upstream:track)%00%(upstream:remotename)%00%(upstream:remoteref) refs/heads/main refs/remotes/main [1ms]
[2022-10-27T18:51:22.327Z] > git for-each-ref --sort -committerdate --format %(refname) %(objectname) %(*objectname) [4ms]
[2022-10-27T18:51:22.327Z] > git remote --verbose [1ms]
[2022-10-27T18:51:22.351Z] > git config --get commit.template [1ms]
[2022-10-27T18:51:27.364Z] > git status -z -uall [4ms]
[2022-10-27T18:51:27.370Z] > git symbolic-ref --short HEAD [1ms]
[2022-10-27T18:51:27.376Z] > git for-each-ref --format=%(refname)%00%(upstream:short)%00%(objectname)%00%(upstream:track)%00%(upstream:remotename)%00%(upstream:remoteref) refs/heads/main refs/remotes/main [1ms]
[2022-10-27T18:51:27.382Z] > git for-each-ref --sort -committerdate --format %(refname) %(objectname) %(*objectname) [3ms]
[2022-10-27T18:51:27.383Z] > git remote --verbose [2ms]
[2022-10-27T18:51:27.395Z] > git config --get commit.template [1ms]
[2022-10-27T18:51:32.409Z] > git status -z -uall [6ms]
[2022-10-27T18:51:32.417Z] > git symbolic-ref --short HEAD [1ms]
[2022-10-27T18:51:32.425Z] > git for-each-ref --format=%(refname)%00%(upstream:short)%00%(objectname)%00%(upstream:track)%00%(upstream:remotename)%00%(upstream:remoteref) refs/heads/main refs/remotes/main [2ms]
[2022-10-27T18:51:32.434Z] > git for-each-ref --sort -committerdate --format %(refname) %(objectname) %(*objectname) [5ms]
[2022-10-27T18:51:32.434Z] > git remote --verbose [1ms]
[2022-10-27T18:51:32.450Z] > git config --get commit.template [1ms]
[2022-10-27T18:51:41.873Z] > git status -z -uall [6ms]
[2022-10-27T18:51:41.880Z] > git symbolic-ref --short HEAD [1ms]
[2022-10-27T18:51:41.891Z] > git for-each-ref --format=%(refname)%00%(upstream:short)%00%(objectname)%00%(upstream:track)%00%(upstream:remotename)%00%(upstream:remoteref) refs/heads/main refs/remotes/main [3ms]
[2022-10-27T18:51:41.904Z] > git for-each-ref --sort -committerdate --format %(refname) %(objectname) %(*objectname) [7ms]
[2022-10-27T18:51:41.904Z] > git remote --verbose [1ms]
[2022-10-27T18:51:41.921Z] > git config --get commit.template [1ms]
