[2022-11-01T20:14:39.645Z] Log level: Info
[2022-11-01T20:14:39.651Z] [info] Validating found git in: git
[2022-11-01T20:14:39.671Z] [info] Using git 2.38.1 from git
[2022-11-01T20:14:39.700Z] > git rev-parse --show-toplevel [5ms]
[2022-11-01T20:14:39.700Z] fatal: not a git repository (or any of the parent directories): .git
[2022-11-01T20:14:39.712Z] > git rev-parse --show-toplevel [1ms]
[2022-11-01T20:14:39.720Z] > git rev-parse --git-dir --git-common-dir [2ms]
[2022-11-01T20:14:39.729Z] [info] Open repository: /home/OutOfGravity/.config
[2022-11-01T20:14:39.799Z] > git status -z -uall [59ms]
[2022-11-01T20:14:39.804Z] > git rev-parse --show-toplevel [57ms]
[2022-11-01T20:14:39.804Z] fatal: not a git repository (or any of the parent directories): .git
[2022-11-01T20:14:39.815Z] > git symbolic-ref --short HEAD [11ms]
[2022-11-01T20:14:39.843Z] > git rev-parse --show-toplevel [33ms]
[2022-11-01T20:14:39.843Z] fatal: not a git repository (or any of the parent directories): .git
[2022-11-01T20:14:39.845Z] > git for-each-ref --format=%(refname)%00%(upstream:short)%00%(objectname)%00%(upstream:track)%00%(upstream:remotename)%00%(upstream:remoteref) refs/heads/main refs/remotes/main [27ms]
[2022-11-01T20:14:39.862Z] > git remote --verbose [7ms]
[2022-11-01T20:14:39.863Z] > git for-each-ref --sort -committerdate --format %(refname) %(objectname) %(*objectname) [13ms]
[2022-11-01T20:14:39.903Z] > git config --get commit.template [1ms]
[2022-11-01T20:14:39.919Z] > git status -z -uall [8ms]
[2022-11-01T20:14:39.927Z] > git symbolic-ref --short HEAD [2ms]
[2022-11-01T20:14:39.933Z] > git for-each-ref --format=%(refname)%00%(upstream:short)%00%(objectname)%00%(upstream:track)%00%(upstream:remotename)%00%(upstream:remoteref) refs/heads/main refs/remotes/main [2ms]
[2022-11-01T20:14:39.949Z] > git for-each-ref --sort -committerdate --format %(refname) %(objectname) %(*objectname) [11ms]
[2022-11-01T20:14:39.950Z] > git remote --verbose [7ms]
[2022-11-01T20:14:39.976Z] > git config --get commit.template [1ms]
[2022-11-01T20:14:40.246Z] > git show --textconv :polybar/config.ini [10ms]
[2022-11-01T20:14:40.248Z] > git ls-files --stage -- /home/OutOfGravity/.config/polybar/config.ini [4ms]
[2022-11-01T20:14:40.255Z] > git cat-file -s 3646d2cb71aaec0dd50c663ebf8c32751661e37d [1ms]
[2022-11-01T20:14:40.265Z] > git check-ignore -v -z --stdin [2ms]
[2022-11-01T20:14:40.510Z] > git rev-parse --show-toplevel [2ms]
[2022-11-01T20:14:40.510Z] fatal: not a git repository (or any of the parent directories): .git
[2022-11-01T20:14:42.968Z] > git status -z -uall [7ms]
[2022-11-01T20:14:42.974Z] > git symbolic-ref --short HEAD [1ms]
[2022-11-01T20:14:42.979Z] > git for-each-ref --format=%(refname)%00%(upstream:short)%00%(objectname)%00%(upstream:track)%00%(upstream:remotename)%00%(upstream:remoteref) refs/heads/main refs/remotes/main [1ms]
[2022-11-01T20:14:42.990Z] > git for-each-ref --sort -committerdate --format %(refname) %(objectname) %(*objectname) [7ms]
[2022-11-01T20:14:42.991Z] > git remote --verbose [3ms]
[2022-11-01T20:14:43.013Z] > git config --get commit.template [1ms]
[2022-11-01T20:14:43.368Z] > git show --textconv :polybar/cava_setup.sh [34ms]
[2022-11-01T20:14:43.368Z] > git ls-files --stage -- /home/OutOfGravity/.config/polybar/cava_setup.sh [28ms]
[2022-11-01T20:14:43.376Z] > git cat-file -s 8d4599b7af2c28c06e5bd564af05d6de419df85c [1ms]
[2022-11-01T20:14:48.023Z] > git status -z -uall [5ms]
[2022-11-01T20:14:48.028Z] > git symbolic-ref --short HEAD [1ms]
[2022-11-01T20:14:48.032Z] > git for-each-ref --format=%(refname)%00%(upstream:short)%00%(objectname)%00%(upstream:track)%00%(upstream:remotename)%00%(upstream:remoteref) refs/heads/main refs/remotes/main [1ms]
[2022-11-01T20:14:48.040Z] > git for-each-ref --sort -committerdate --format %(refname) %(objectname) %(*objectname) [5ms]
[2022-11-01T20:14:48.040Z] > git remote --verbose [1ms]
[2022-11-01T20:14:48.062Z] > git config --get commit.template [6ms]
[2022-11-01T20:14:53.074Z] > git status -z -uall [6ms]
[2022-11-01T20:14:53.080Z] > git symbolic-ref --short HEAD [1ms]
[2022-11-01T20:14:53.085Z] > git for-each-ref --format=%(refname)%00%(upstream:short)%00%(objectname)%00%(upstream:track)%00%(upstream:remotename)%00%(upstream:remoteref) refs/heads/main refs/remotes/main [2ms]
[2022-11-01T20:14:53.092Z] > git for-each-ref --sort -committerdate --format %(refname) %(objectname) %(*objectname) [4ms]
[2022-11-01T20:14:53.093Z] > git remote --verbose [2ms]
[2022-11-01T20:14:53.108Z] > git config --get commit.template [1ms]
[2022-11-01T20:14:58.116Z] > git status -z -uall [4ms]
[2022-11-01T20:14:58.120Z] > git symbolic-ref --short HEAD [1ms]
[2022-11-01T20:14:58.124Z] > git for-each-ref --format=%(refname)%00%(upstream:short)%00%(objectname)%00%(upstream:track)%00%(upstream:remotename)%00%(upstream:remoteref) refs/heads/main refs/remotes/main [1ms]
[2022-11-01T20:14:58.131Z] > git for-each-ref --sort -committerdate --format %(refname) %(objectname) %(*objectname) [3ms]
[2022-11-01T20:14:58.131Z] > git remote --verbose [1ms]
[2022-11-01T20:14:58.147Z] > git config --get commit.template [1ms]
[2022-11-01T20:15:03.157Z] > git status -z -uall [6ms]
[2022-11-01T20:15:03.165Z] > git symbolic-ref --short HEAD [1ms]
[2022-11-01T20:15:03.171Z] > git for-each-ref --format=%(refname)%00%(upstream:short)%00%(objectname)%00%(upstream:track)%00%(upstream:remotename)%00%(upstream:remoteref) refs/heads/main refs/remotes/main [3ms]
[2022-11-01T20:15:03.179Z] > git for-each-ref --sort -committerdate --format %(refname) %(objectname) %(*objectname) [5ms]
[2022-11-01T20:15:03.180Z] > git remote --verbose [2ms]
[2022-11-01T20:15:03.209Z] > git config --get commit.template [9ms]
[2022-11-01T20:15:08.218Z] > git status -z -uall [4ms]
[2022-11-01T20:15:08.224Z] > git symbolic-ref --short HEAD [1ms]
[2022-11-01T20:15:08.229Z] > git for-each-ref --format=%(refname)%00%(upstream:short)%00%(objectname)%00%(upstream:track)%00%(upstream:remotename)%00%(upstream:remoteref) refs/heads/main refs/remotes/main [1ms]
[2022-11-01T20:15:08.236Z] > git for-each-ref --sort -committerdate --format %(refname) %(objectname) %(*objectname) [4ms]
[2022-11-01T20:15:08.236Z] > git remote --verbose [1ms]
[2022-11-01T20:15:08.252Z] > git config --get commit.template [1ms]
[2022-11-01T20:15:13.262Z] > git status -z -uall [4ms]
[2022-11-01T20:15:13.267Z] > git symbolic-ref --short HEAD [1ms]
[2022-11-01T20:15:13.272Z] > git for-each-ref --format=%(refname)%00%(upstream:short)%00%(objectname)%00%(upstream:track)%00%(upstream:remotename)%00%(upstream:remoteref) refs/heads/main refs/remotes/main [1ms]
[2022-11-01T20:15:13.280Z] > git for-each-ref --sort -committerdate --format %(refname) %(objectname) %(*objectname) [4ms]
[2022-11-01T20:15:13.280Z] > git remote --verbose [2ms]
[2022-11-01T20:15:13.297Z] > git config --get commit.template [0ms]
[2022-11-01T20:15:18.311Z] > git status -z -uall [5ms]
[2022-11-01T20:15:18.315Z] > git symbolic-ref --short HEAD [1ms]
[2022-11-01T20:15:18.319Z] > git for-each-ref --format=%(refname)%00%(upstream:short)%00%(objectname)%00%(upstream:track)%00%(upstream:remotename)%00%(upstream:remoteref) refs/heads/main refs/remotes/main [1ms]
[2022-11-01T20:15:18.327Z] > git for-each-ref --sort -committerdate --format %(refname) %(objectname) %(*objectname) [4ms]
[2022-11-01T20:15:18.328Z] > git remote --verbose [2ms]
[2022-11-01T20:15:18.343Z] > git config --get commit.template [1ms]
[2022-11-01T20:15:23.353Z] > git status -z -uall [6ms]
[2022-11-01T20:15:23.357Z] > git symbolic-ref --short HEAD [1ms]
[2022-11-01T20:15:23.362Z] > git for-each-ref --format=%(refname)%00%(upstream:short)%00%(objectname)%00%(upstream:track)%00%(upstream:remotename)%00%(upstream:remoteref) refs/heads/main refs/remotes/main [1ms]
[2022-11-01T20:15:23.369Z] > git for-each-ref --sort -committerdate --format %(refname) %(objectname) %(*objectname) [4ms]
[2022-11-01T20:15:23.370Z] > git remote --verbose [2ms]
[2022-11-01T20:15:23.383Z] > git config --get commit.template [2ms]
[2022-11-01T20:15:28.393Z] > git status -z -uall [4ms]
[2022-11-01T20:15:28.398Z] > git symbolic-ref --short HEAD [1ms]
[2022-11-01T20:15:28.403Z] > git for-each-ref --format=%(refname)%00%(upstream:short)%00%(objectname)%00%(upstream:track)%00%(upstream:remotename)%00%(upstream:remoteref) refs/heads/main refs/remotes/main [1ms]
[2022-11-01T20:15:28.410Z] > git for-each-ref --sort -committerdate --format %(refname) %(objectname) %(*objectname) [3ms]
[2022-11-01T20:15:28.410Z] > git remote --verbose [1ms]
[2022-11-01T20:15:28.424Z] > git config --get commit.template [1ms]
[2022-11-01T20:15:33.434Z] > git status -z -uall [4ms]
[2022-11-01T20:15:33.442Z] > git symbolic-ref --short HEAD [2ms]
[2022-11-01T20:15:33.447Z] > git for-each-ref --format=%(refname)%00%(upstream:short)%00%(objectname)%00%(upstream:track)%00%(upstream:remotename)%00%(upstream:remoteref) refs/heads/main refs/remotes/main [1ms]
[2022-11-01T20:15:33.456Z] > git for-each-ref --sort -committerdate --format %(refname) %(objectname) %(*objectname) [5ms]
[2022-11-01T20:15:33.457Z] > git remote --verbose [2ms]
[2022-11-01T20:15:33.475Z] > git config --get commit.template [4ms]
[2022-11-01T20:15:38.486Z] > git status -z -uall [5ms]
[2022-11-01T20:15:38.491Z] > git symbolic-ref --short HEAD [1ms]
[2022-11-01T20:15:38.496Z] > git for-each-ref --format=%(refname)%00%(upstream:short)%00%(objectname)%00%(upstream:track)%00%(upstream:remotename)%00%(upstream:remoteref) refs/heads/main refs/remotes/main [1ms]
[2022-11-01T20:15:38.505Z] > git for-each-ref --sort -committerdate --format %(refname) %(objectname) %(*objectname) [5ms]
[2022-11-01T20:15:38.506Z] > git remote --verbose [2ms]
[2022-11-01T20:15:38.523Z] > git config --get commit.template [2ms]
[2022-11-01T20:15:43.531Z] > git status -z -uall [4ms]
[2022-11-01T20:15:43.538Z] > git symbolic-ref --short HEAD [1ms]
[2022-11-01T20:15:43.542Z] > git for-each-ref --format=%(refname)%00%(upstream:short)%00%(objectname)%00%(upstream:track)%00%(upstream:remotename)%00%(upstream:remoteref) refs/heads/main refs/remotes/main [1ms]
[2022-11-01T20:15:43.550Z] > git for-each-ref --sort -committerdate --format %(refname) %(objectname) %(*objectname) [4ms]
[2022-11-01T20:15:43.550Z] > git remote --verbose [1ms]
[2022-11-01T20:15:43.564Z] > git config --get commit.template [1ms]
[2022-11-01T20:15:48.577Z] > git status -z -uall [4ms]
[2022-11-01T20:15:48.583Z] > git symbolic-ref --short HEAD [1ms]
[2022-11-01T20:15:48.591Z] > git for-each-ref --format=%(refname)%00%(upstream:short)%00%(objectname)%00%(upstream:track)%00%(upstream:remotename)%00%(upstream:remoteref) refs/heads/main refs/remotes/main [2ms]
[2022-11-01T20:15:48.598Z] > git for-each-ref --sort -committerdate --format %(refname) %(objectname) %(*objectname) [3ms]
[2022-11-01T20:15:48.599Z] > git remote --verbose [1ms]
[2022-11-01T20:15:48.613Z] > git config --get commit.template [2ms]
[2022-11-01T20:15:53.624Z] > git status -z -uall [5ms]
[2022-11-01T20:15:53.629Z] > git symbolic-ref --short HEAD [0ms]
[2022-11-01T20:15:53.635Z] > git for-each-ref --format=%(refname)%00%(upstream:short)%00%(objectname)%00%(upstream:track)%00%(upstream:remotename)%00%(upstream:remoteref) refs/heads/main refs/remotes/main [1ms]
[2022-11-01T20:15:53.642Z] > git for-each-ref --sort -committerdate --format %(refname) %(objectname) %(*objectname) [3ms]
[2022-11-01T20:15:53.643Z] > git remote --verbose [2ms]
[2022-11-01T20:15:53.657Z] > git config --get commit.template [2ms]
[2022-11-01T20:15:58.668Z] > git status -z -uall [4ms]
[2022-11-01T20:15:58.674Z] > git symbolic-ref --short HEAD [1ms]
[2022-11-01T20:15:58.679Z] > git for-each-ref --format=%(refname)%00%(upstream:short)%00%(objectname)%00%(upstream:track)%00%(upstream:remotename)%00%(upstream:remoteref) refs/heads/main refs/remotes/main [2ms]
[2022-11-01T20:15:58.685Z] > git for-each-ref --sort -committerdate --format %(refname) %(objectname) %(*objectname) [3ms]
[2022-11-01T20:15:58.685Z] > git remote --verbose [1ms]
[2022-11-01T20:15:58.698Z] > git config --get commit.template [1ms]
[2022-11-01T20:16:03.708Z] > git status -z -uall [4ms]
[2022-11-01T20:16:03.713Z] > git symbolic-ref --short HEAD [1ms]
[2022-11-01T20:16:03.717Z] > git for-each-ref --format=%(refname)%00%(upstream:short)%00%(objectname)%00%(upstream:track)%00%(upstream:remotename)%00%(upstream:remoteref) refs/heads/main refs/remotes/main [1ms]
[2022-11-01T20:16:03.725Z] > git for-each-ref --sort -committerdate --format %(refname) %(objectname) %(*objectname) [3ms]
[2022-11-01T20:16:03.726Z] > git remote --verbose [2ms]
[2022-11-01T20:16:03.738Z] > git config --get commit.template [1ms]
[2022-11-01T20:16:11.083Z] > git status -z -uall [5ms]
[2022-11-01T20:16:11.091Z] > git symbolic-ref --short HEAD [1ms]
[2022-11-01T20:16:11.099Z] > git for-each-ref --format=%(refname)%00%(upstream:short)%00%(objectname)%00%(upstream:track)%00%(upstream:remotename)%00%(upstream:remoteref) refs/heads/main refs/remotes/main [1ms]
[2022-11-01T20:16:11.114Z] > git for-each-ref --sort -committerdate --format %(refname) %(objectname) %(*objectname) [7ms]
[2022-11-01T20:16:11.115Z] > git remote --verbose [2ms]
[2022-11-01T20:16:11.140Z] > git config --get commit.template [0ms]
[2022-11-01T20:18:46.553Z] > git status -z -uall [7ms]
[2022-11-01T20:18:46.560Z] > git symbolic-ref --short HEAD [1ms]
[2022-11-01T20:18:46.566Z] > git for-each-ref --format=%(refname)%00%(upstream:short)%00%(objectname)%00%(upstream:track)%00%(upstream:remotename)%00%(upstream:remoteref) refs/heads/main refs/remotes/main [2ms]
[2022-11-01T20:18:46.574Z] > git for-each-ref --sort -committerdate --format %(refname) %(objectname) %(*objectname) [4ms]
[2022-11-01T20:18:46.574Z] > git remote --verbose [1ms]
[2022-11-01T20:18:46.590Z] > git config --get commit.template [2ms]
[2022-11-01T20:18:51.600Z] > git status -z -uall [5ms]
[2022-11-01T20:18:51.605Z] > git symbolic-ref --short HEAD [1ms]
[2022-11-01T20:18:51.610Z] > git for-each-ref --format=%(refname)%00%(upstream:short)%00%(objectname)%00%(upstream:track)%00%(upstream:remotename)%00%(upstream:remoteref) refs/heads/main refs/remotes/main [1ms]
[2022-11-01T20:18:51.618Z] > git for-each-ref --sort -committerdate --format %(refname) %(objectname) %(*objectname) [4ms]
[2022-11-01T20:18:51.618Z] > git remote --verbose [1ms]
[2022-11-01T20:18:51.640Z] > git config --get commit.template [1ms]
[2022-11-01T20:18:56.649Z] > git status -z -uall [4ms]
[2022-11-01T20:18:56.654Z] > git symbolic-ref --short HEAD [0ms]
[2022-11-01T20:18:56.660Z] > git for-each-ref --format=%(refname)%00%(upstream:short)%00%(objectname)%00%(upstream:track)%00%(upstream:remotename)%00%(upstream:remoteref) refs/heads/main refs/remotes/main [2ms]
[2022-11-01T20:18:56.670Z] > git for-each-ref --sort -committerdate --format %(refname) %(objectname) %(*objectname) [5ms]
[2022-11-01T20:18:56.671Z] > git remote --verbose [2ms]
[2022-11-01T20:18:56.684Z] > git config --get commit.template [1ms]
[2022-11-01T20:19:01.694Z] > git status -z -uall [4ms]
[2022-11-01T20:19:01.699Z] > git symbolic-ref --short HEAD [1ms]
[2022-11-01T20:19:01.703Z] > git for-each-ref --format=%(refname)%00%(upstream:short)%00%(objectname)%00%(upstream:track)%00%(upstream:remotename)%00%(upstream:remoteref) refs/heads/main refs/remotes/main [1ms]
[2022-11-01T20:19:01.709Z] > git for-each-ref --sort -committerdate --format %(refname) %(objectname) %(*objectname) [3ms]
[2022-11-01T20:19:01.709Z] > git remote --verbose [1ms]
[2022-11-01T20:19:01.728Z] > git config --get commit.template [6ms]
[2022-11-01T20:19:06.737Z] > git status -z -uall [5ms]
[2022-11-01T20:19:06.742Z] > git symbolic-ref --short HEAD [1ms]
[2022-11-01T20:19:06.747Z] > git for-each-ref --format=%(refname)%00%(upstream:short)%00%(objectname)%00%(upstream:track)%00%(upstream:remotename)%00%(upstream:remoteref) refs/heads/main refs/remotes/main [1ms]
[2022-11-01T20:19:06.753Z] > git for-each-ref --sort -committerdate --format %(refname) %(objectname) %(*objectname) [3ms]
[2022-11-01T20:19:06.754Z] > git remote --verbose [1ms]
[2022-11-01T20:19:06.769Z] > git config --get commit.template [3ms]
[2022-11-01T20:19:11.777Z] > git status -z -uall [3ms]
[2022-11-01T20:19:11.782Z] > git symbolic-ref --short HEAD [1ms]
[2022-11-01T20:19:11.786Z] > git for-each-ref --format=%(refname)%00%(upstream:short)%00%(objectname)%00%(upstream:track)%00%(upstream:remotename)%00%(upstream:remoteref) refs/heads/main refs/remotes/main [1ms]
[2022-11-01T20:19:11.792Z] > git for-each-ref --sort -committerdate --format %(refname) %(objectname) %(*objectname) [3ms]
[2022-11-01T20:19:11.793Z] > git remote --verbose [1ms]
[2022-11-01T20:19:11.805Z] > git config --get commit.template [0ms]
[2022-11-01T20:19:16.815Z] > git status -z -uall [4ms]
[2022-11-01T20:19:16.820Z] > git symbolic-ref --short HEAD [1ms]
[2022-11-01T20:19:16.824Z] > git for-each-ref --format=%(refname)%00%(upstream:short)%00%(objectname)%00%(upstream:track)%00%(upstream:remotename)%00%(upstream:remoteref) refs/heads/main refs/remotes/main [1ms]
[2022-11-01T20:19:16.832Z] > git for-each-ref --sort -committerdate --format %(refname) %(objectname) %(*objectname) [4ms]
[2022-11-01T20:19:16.833Z] > git remote --verbose [1ms]
[2022-11-01T20:19:16.849Z] > git config --get commit.template [3ms]
[2022-11-01T20:19:21.858Z] > git status -z -uall [5ms]
[2022-11-01T20:19:21.863Z] > git symbolic-ref --short HEAD [1ms]
[2022-11-01T20:19:21.868Z] > git for-each-ref --format=%(refname)%00%(upstream:short)%00%(objectname)%00%(upstream:track)%00%(upstream:remotename)%00%(upstream:remoteref) refs/heads/main refs/remotes/main [1ms]
[2022-11-01T20:19:21.876Z] > git for-each-ref --sort -committerdate --format %(refname) %(objectname) %(*objectname) [4ms]
[2022-11-01T20:19:21.876Z] > git remote --verbose [1ms]
[2022-11-01T20:19:21.890Z] > git config --get commit.template [1ms]
[2022-11-01T20:19:26.900Z] > git status -z -uall [4ms]
[2022-11-01T20:19:26.905Z] > git symbolic-ref --short HEAD [1ms]
[2022-11-01T20:19:26.909Z] > git for-each-ref --format=%(refname)%00%(upstream:short)%00%(objectname)%00%(upstream:track)%00%(upstream:remotename)%00%(upstream:remoteref) refs/heads/main refs/remotes/main [1ms]
[2022-11-01T20:19:26.918Z] > git for-each-ref --sort -committerdate --format %(refname) %(objectname) %(*objectname) [5ms]
[2022-11-01T20:19:26.919Z] > git remote --verbose [1ms]
[2022-11-01T20:19:26.931Z] > git config --get commit.template [1ms]
[2022-11-01T20:19:31.941Z] > git status -z -uall [4ms]
[2022-11-01T20:19:31.946Z] > git symbolic-ref --short HEAD [1ms]
[2022-11-01T20:19:31.951Z] > git for-each-ref --format=%(refname)%00%(upstream:short)%00%(objectname)%00%(upstream:track)%00%(upstream:remotename)%00%(upstream:remoteref) refs/heads/main refs/remotes/main [1ms]
[2022-11-01T20:19:31.960Z] > git for-each-ref --sort -committerdate --format %(refname) %(objectname) %(*objectname) [5ms]
[2022-11-01T20:19:31.961Z] > git remote --verbose [2ms]
[2022-11-01T20:19:31.976Z] > git config --get commit.template [1ms]
[2022-11-01T20:19:36.985Z] > git status -z -uall [4ms]
[2022-11-01T20:19:36.989Z] > git symbolic-ref --short HEAD [1ms]
[2022-11-01T20:19:36.993Z] > git for-each-ref --format=%(refname)%00%(upstream:short)%00%(objectname)%00%(upstream:track)%00%(upstream:remotename)%00%(upstream:remoteref) refs/heads/main refs/remotes/main [1ms]
[2022-11-01T20:19:37.002Z] > git for-each-ref --sort -committerdate --format %(refname) %(objectname) %(*objectname) [5ms]
[2022-11-01T20:19:37.003Z] > git remote --verbose [1ms]
[2022-11-01T20:19:37.023Z] > git config --get commit.template [0ms]
[2022-11-01T20:19:42.034Z] > git status -z -uall [4ms]
[2022-11-01T20:19:42.040Z] > git symbolic-ref --short HEAD [1ms]
[2022-11-01T20:19:42.044Z] > git for-each-ref --format=%(refname)%00%(upstream:short)%00%(objectname)%00%(upstream:track)%00%(upstream:remotename)%00%(upstream:remoteref) refs/heads/main refs/remotes/main [1ms]
[2022-11-01T20:19:42.054Z] > git for-each-ref --sort -committerdate --format %(refname) %(objectname) %(*objectname) [5ms]
[2022-11-01T20:19:42.054Z] > git remote --verbose [1ms]
[2022-11-01T20:19:42.067Z] > git config --get commit.template [1ms]
[2022-11-01T20:19:47.077Z] > git status -z -uall [5ms]
[2022-11-01T20:19:47.085Z] > git symbolic-ref --short HEAD [2ms]
[2022-11-01T20:19:47.091Z] > git for-each-ref --format=%(refname)%00%(upstream:short)%00%(objectname)%00%(upstream:track)%00%(upstream:remotename)%00%(upstream:remoteref) refs/heads/main refs/remotes/main [1ms]
[2022-11-01T20:19:47.100Z] > git for-each-ref --sort -committerdate --format %(refname) %(objectname) %(*objectname) [4ms]
[2022-11-01T20:19:47.100Z] > git remote --verbose [1ms]
[2022-11-01T20:19:47.115Z] > git config --get commit.template [1ms]
[2022-11-01T20:19:52.129Z] > git status -z -uall [5ms]
[2022-11-01T20:19:52.134Z] > git symbolic-ref --short HEAD [1ms]
[2022-11-01T20:19:52.140Z] > git for-each-ref --format=%(refname)%00%(upstream:short)%00%(objectname)%00%(upstream:track)%00%(upstream:remotename)%00%(upstream:remoteref) refs/heads/main refs/remotes/main [2ms]
[2022-11-01T20:19:52.146Z] > git for-each-ref --sort -committerdate --format %(refname) %(objectname) %(*objectname) [3ms]
[2022-11-01T20:19:52.147Z] > git remote --verbose [1ms]
[2022-11-01T20:19:52.160Z] > git config --get commit.template [1ms]
[2022-11-01T20:19:57.169Z] > git status -z -uall [4ms]
[2022-11-01T20:19:57.173Z] > git symbolic-ref --short HEAD [0ms]
[2022-11-01T20:19:57.178Z] > git for-each-ref --format=%(refname)%00%(upstream:short)%00%(objectname)%00%(upstream:track)%00%(upstream:remotename)%00%(upstream:remoteref) refs/heads/main refs/remotes/main [1ms]
[2022-11-01T20:19:57.184Z] > git for-each-ref --sort -committerdate --format %(refname) %(objectname) %(*objectname) [3ms]
[2022-11-01T20:19:57.185Z] > git remote --verbose [1ms]
[2022-11-01T20:19:57.199Z] > git config --get commit.template [2ms]
[2022-11-01T20:20:02.210Z] > git status -z -uall [5ms]
[2022-11-01T20:20:02.216Z] > git symbolic-ref --short HEAD [1ms]
[2022-11-01T20:20:02.221Z] > git for-each-ref --format=%(refname)%00%(upstream:short)%00%(objectname)%00%(upstream:track)%00%(upstream:remotename)%00%(upstream:remoteref) refs/heads/main refs/remotes/main [2ms]
[2022-11-01T20:20:02.228Z] > git for-each-ref --sort -committerdate --format %(refname) %(objectname) %(*objectname) [4ms]
[2022-11-01T20:20:02.228Z] > git remote --verbose [1ms]
[2022-11-01T20:20:02.242Z] > git config --get commit.template [1ms]
[2022-11-01T20:20:07.252Z] > git status -z -uall [4ms]
[2022-11-01T20:20:07.256Z] > git symbolic-ref --short HEAD [1ms]
[2022-11-01T20:20:07.260Z] > git for-each-ref --format=%(refname)%00%(upstream:short)%00%(objectname)%00%(upstream:track)%00%(upstream:remotename)%00%(upstream:remoteref) refs/heads/main refs/remotes/main [1ms]
[2022-11-01T20:20:07.267Z] > git for-each-ref --sort -committerdate --format %(refname) %(objectname) %(*objectname) [3ms]
[2022-11-01T20:20:07.268Z] > git remote --verbose [1ms]
[2022-11-01T20:20:07.282Z] > git config --get commit.template [1ms]
[2022-11-01T20:20:12.292Z] > git status -z -uall [4ms]
[2022-11-01T20:20:12.297Z] > git symbolic-ref --short HEAD [1ms]
[2022-11-01T20:20:12.304Z] > git for-each-ref --format=%(refname)%00%(upstream:short)%00%(objectname)%00%(upstream:track)%00%(upstream:remotename)%00%(upstream:remoteref) refs/heads/main refs/remotes/main [1ms]
[2022-11-01T20:20:12.313Z] > git for-each-ref --sort -committerdate --format %(refname) %(objectname) %(*objectname) [4ms]
[2022-11-01T20:20:12.313Z] > git remote --verbose [1ms]
[2022-11-01T20:20:12.330Z] > git config --get commit.template [3ms]
[2022-11-01T20:20:17.339Z] > git status -z -uall [4ms]
[2022-11-01T20:20:17.346Z] > git symbolic-ref --short HEAD [2ms]
[2022-11-01T20:20:17.350Z] > git for-each-ref --format=%(refname)%00%(upstream:short)%00%(objectname)%00%(upstream:track)%00%(upstream:remotename)%00%(upstream:remoteref) refs/heads/main refs/remotes/main [1ms]
[2022-11-01T20:20:17.359Z] > git for-each-ref --sort -committerdate --format %(refname) %(objectname) %(*objectname) [5ms]
[2022-11-01T20:20:17.359Z] > git remote --verbose [1ms]
[2022-11-01T20:20:17.374Z] > git config --get commit.template [3ms]
[2022-11-01T20:20:22.385Z] > git status -z -uall [4ms]
[2022-11-01T20:20:22.392Z] > git symbolic-ref --short HEAD [1ms]
[2022-11-01T20:20:22.398Z] > git for-each-ref --format=%(refname)%00%(upstream:short)%00%(objectname)%00%(upstream:track)%00%(upstream:remotename)%00%(upstream:remoteref) refs/heads/main refs/remotes/main [2ms]
[2022-11-01T20:20:22.405Z] > git for-each-ref --sort -committerdate --format %(refname) %(objectname) %(*objectname) [4ms]
[2022-11-01T20:20:22.405Z] > git remote --verbose [1ms]
[2022-11-01T20:20:22.417Z] > git config --get commit.template [2ms]
[2022-11-01T20:20:27.431Z] > git status -z -uall [5ms]
[2022-11-01T20:20:27.440Z] > git symbolic-ref --short HEAD [2ms]
[2022-11-01T20:20:27.447Z] > git for-each-ref --format=%(refname)%00%(upstream:short)%00%(objectname)%00%(upstream:track)%00%(upstream:remotename)%00%(upstream:remoteref) refs/heads/main refs/remotes/main [1ms]
[2022-11-01T20:20:27.457Z] > git for-each-ref --sort -committerdate --format %(refname) %(objectname) %(*objectname) [4ms]
[2022-11-01T20:20:27.458Z] > git remote --verbose [2ms]
[2022-11-01T20:20:27.485Z] > git config --get commit.template [1ms]
[2022-11-01T20:20:32.498Z] > git status -z -uall [5ms]
[2022-11-01T20:20:32.506Z] > git symbolic-ref --short HEAD [1ms]
[2022-11-01T20:20:32.513Z] > git for-each-ref --format=%(refname)%00%(upstream:short)%00%(objectname)%00%(upstream:track)%00%(upstream:remotename)%00%(upstream:remoteref) refs/heads/main refs/remotes/main [2ms]
[2022-11-01T20:20:32.523Z] > git for-each-ref --sort -committerdate --format %(refname) %(objectname) %(*objectname) [5ms]
[2022-11-01T20:20:32.523Z] > git remote --verbose [1ms]
[2022-11-01T20:20:32.539Z] > git config --get commit.template [1ms]
[2022-11-01T20:20:39.776Z] > git status -z -uall [6ms]
[2022-11-01T20:20:39.781Z] > git symbolic-ref --short HEAD [1ms]
[2022-11-01T20:20:39.788Z] > git for-each-ref --format=%(refname)%00%(upstream:short)%00%(objectname)%00%(upstream:track)%00%(upstream:remotename)%00%(upstream:remoteref) refs/heads/main refs/remotes/main [2ms]
[2022-11-01T20:20:39.799Z] > git for-each-ref --sort -committerdate --format %(refname) %(objectname) %(*objectname) [6ms]
[2022-11-01T20:20:39.800Z] > git remote --verbose [2ms]
[2022-11-01T20:20:39.818Z] > git config --get commit.template [1ms]
[2022-11-01T20:21:35.911Z] > git status -z -uall [4ms]
[2022-11-01T20:21:35.918Z] > git symbolic-ref --short HEAD [0ms]
[2022-11-01T20:21:35.926Z] > git for-each-ref --format=%(refname)%00%(upstream:short)%00%(objectname)%00%(upstream:track)%00%(upstream:remotename)%00%(upstream:remoteref) refs/heads/main refs/remotes/main [1ms]
[2022-11-01T20:21:35.938Z] > git for-each-ref --sort -committerdate --format %(refname) %(objectname) %(*objectname) [6ms]
[2022-11-01T20:21:35.939Z] > git remote --verbose [2ms]
[2022-11-01T20:21:35.962Z] > git config --get commit.template [2ms]
[2022-11-01T20:22:42.944Z] > git status -z -uall [5ms]
[2022-11-01T20:22:42.949Z] > git symbolic-ref --short HEAD [1ms]
[2022-11-01T20:22:42.956Z] > git for-each-ref --format=%(refname)%00%(upstream:short)%00%(objectname)%00%(upstream:track)%00%(upstream:remotename)%00%(upstream:remoteref) refs/heads/main refs/remotes/main [2ms]
[2022-11-01T20:22:42.965Z] > git for-each-ref --sort -committerdate --format %(refname) %(objectname) %(*objectname) [4ms]
[2022-11-01T20:22:42.965Z] > git remote --verbose [1ms]
[2022-11-01T20:22:42.981Z] > git config --get commit.template [1ms]
[2022-11-01T20:22:47.991Z] > git status -z -uall [4ms]
[2022-11-01T20:22:47.996Z] > git symbolic-ref --short HEAD [1ms]
[2022-11-01T20:22:48.002Z] > git for-each-ref --format=%(refname)%00%(upstream:short)%00%(objectname)%00%(upstream:track)%00%(upstream:remotename)%00%(upstream:remoteref) refs/heads/main refs/remotes/main [2ms]
[2022-11-01T20:22:48.010Z] > git for-each-ref --sort -committerdate --format %(refname) %(objectname) %(*objectname) [3ms]
[2022-11-01T20:22:48.010Z] > git remote --verbose [1ms]
[2022-11-01T20:22:48.023Z] > git config --get commit.template [1ms]
[2022-11-01T20:24:03.952Z] > git status -z -uall [5ms]
[2022-11-01T20:24:03.959Z] > git symbolic-ref --short HEAD [1ms]
[2022-11-01T20:24:03.966Z] > git for-each-ref --format=%(refname)%00%(upstream:short)%00%(objectname)%00%(upstream:track)%00%(upstream:remotename)%00%(upstream:remoteref) refs/heads/main refs/remotes/main [1ms]
[2022-11-01T20:24:03.976Z] > git for-each-ref --sort -committerdate --format %(refname) %(objectname) %(*objectname) [7ms]
[2022-11-01T20:24:03.976Z] > git remote --verbose [1ms]
[2022-11-01T20:24:03.993Z] > git config --get commit.template [2ms]
[2022-11-01T20:24:09.000Z] > git status -z -uall [3ms]
[2022-11-01T20:24:09.005Z] > git symbolic-ref --short HEAD [1ms]
[2022-11-01T20:24:09.009Z] > git for-each-ref --format=%(refname)%00%(upstream:short)%00%(objectname)%00%(upstream:track)%00%(upstream:remotename)%00%(upstream:remoteref) refs/heads/main refs/remotes/main [1ms]
[2022-11-01T20:24:09.016Z] > git for-each-ref --sort -committerdate --format %(refname) %(objectname) %(*objectname) [4ms]
[2022-11-01T20:24:09.017Z] > git remote --verbose [1ms]
[2022-11-01T20:24:09.028Z] > git config --get commit.template [1ms]
[2022-11-01T20:24:14.037Z] > git status -z -uall [5ms]
[2022-11-01T20:24:14.041Z] > git symbolic-ref --short HEAD [1ms]
[2022-11-01T20:24:14.046Z] > git for-each-ref --format=%(refname)%00%(upstream:short)%00%(objectname)%00%(upstream:track)%00%(upstream:remotename)%00%(upstream:remoteref) refs/heads/main refs/remotes/main [1ms]
[2022-11-01T20:24:14.052Z] > git for-each-ref --sort -committerdate --format %(refname) %(objectname) %(*objectname) [3ms]
[2022-11-01T20:24:14.052Z] > git remote --verbose [1ms]
[2022-11-01T20:24:14.064Z] > git config --get commit.template [1ms]
[2022-11-01T20:24:19.073Z] > git status -z -uall [4ms]
[2022-11-01T20:24:19.078Z] > git symbolic-ref --short HEAD [1ms]
[2022-11-01T20:24:19.082Z] > git for-each-ref --format=%(refname)%00%(upstream:short)%00%(objectname)%00%(upstream:track)%00%(upstream:remotename)%00%(upstream:remoteref) refs/heads/main refs/remotes/main [1ms]
[2022-11-01T20:24:19.089Z] > git for-each-ref --sort -committerdate --format %(refname) %(objectname) %(*objectname) [4ms]
[2022-11-01T20:24:19.089Z] > git remote --verbose [1ms]
[2022-11-01T20:24:19.102Z] > git config --get commit.template [1ms]
[2022-11-01T20:24:24.111Z] > git status -z -uall [4ms]
[2022-11-01T20:24:24.116Z] > git symbolic-ref --short HEAD [1ms]
[2022-11-01T20:24:24.123Z] > git for-each-ref --format=%(refname)%00%(upstream:short)%00%(objectname)%00%(upstream:track)%00%(upstream:remotename)%00%(upstream:remoteref) refs/heads/main refs/remotes/main [2ms]
[2022-11-01T20:24:24.131Z] > git for-each-ref --sort -committerdate --format %(refname) %(objectname) %(*objectname) [5ms]
[2022-11-01T20:24:24.132Z] > git remote --verbose [2ms]
[2022-11-01T20:24:24.146Z] > git config --get commit.template [1ms]
[2022-11-01T20:24:37.747Z] > git status -z -uall [5ms]
[2022-11-01T20:24:37.753Z] > git symbolic-ref --short HEAD [2ms]
[2022-11-01T20:24:37.758Z] > git for-each-ref --format=%(refname)%00%(upstream:short)%00%(objectname)%00%(upstream:track)%00%(upstream:remotename)%00%(upstream:remoteref) refs/heads/main refs/remotes/main [1ms]
[2022-11-01T20:24:37.768Z] > git for-each-ref --sort -committerdate --format %(refname) %(objectname) %(*objectname) [5ms]
[2022-11-01T20:24:37.769Z] > git remote --verbose [1ms]
[2022-11-01T20:24:37.784Z] > git config --get commit.template [1ms]
[2022-11-01T20:24:38.032Z] > git show --textconv :polybar/backup-cavaSetup [9ms]
[2022-11-01T20:24:38.032Z] > git ls-files --stage -- /home/OutOfGravity/.config/polybar/backup-cavaSetup [1ms]
[2022-11-01T20:24:38.250Z] > git check-ignore -v -z --stdin [1ms]
[2022-11-01T20:24:42.793Z] > git status -z -uall [4ms]
[2022-11-01T20:24:42.797Z] > git symbolic-ref --short HEAD [1ms]
[2022-11-01T20:24:42.802Z] > git for-each-ref --format=%(refname)%00%(upstream:short)%00%(objectname)%00%(upstream:track)%00%(upstream:remotename)%00%(upstream:remoteref) refs/heads/main refs/remotes/main [2ms]
[2022-11-01T20:24:42.809Z] > git for-each-ref --sort -committerdate --format %(refname) %(objectname) %(*objectname) [4ms]
[2022-11-01T20:24:42.810Z] > git remote --verbose [1ms]
[2022-11-01T20:24:42.824Z] > git config --get commit.template [1ms]
[2022-11-01T20:24:43.386Z] > git show --textconv :polybar/cava_setup.sh [4ms]
[2022-11-01T20:24:43.387Z] > git ls-files --stage -- /home/OutOfGravity/.config/polybar/cava_setup.sh [1ms]
[2022-11-01T20:24:43.393Z] > git cat-file -s 8d4599b7af2c28c06e5bd564af05d6de419df85c [2ms]
[2022-11-01T20:24:47.833Z] > git status -z -uall [5ms]
[2022-11-01T20:24:47.838Z] > git symbolic-ref --short HEAD [1ms]
[2022-11-01T20:24:47.843Z] > git for-each-ref --format=%(refname)%00%(upstream:short)%00%(objectname)%00%(upstream:track)%00%(upstream:remotename)%00%(upstream:remoteref) refs/heads/main refs/remotes/main [1ms]
[2022-11-01T20:24:47.850Z] > git for-each-ref --sort -committerdate --format %(refname) %(objectname) %(*objectname) [4ms]
[2022-11-01T20:24:47.850Z] > git remote --verbose [1ms]
[2022-11-01T20:24:47.863Z] > git config --get commit.template [1ms]
[2022-11-01T20:24:52.872Z] > git status -z -uall [5ms]
[2022-11-01T20:24:52.878Z] > git symbolic-ref --short HEAD [1ms]
[2022-11-01T20:24:52.884Z] > git for-each-ref --format=%(refname)%00%(upstream:short)%00%(objectname)%00%(upstream:track)%00%(upstream:remotename)%00%(upstream:remoteref) refs/heads/main refs/remotes/main [1ms]
[2022-11-01T20:24:52.893Z] > git for-each-ref --sort -committerdate --format %(refname) %(objectname) %(*objectname) [4ms]
[2022-11-01T20:24:52.894Z] > git remote --verbose [1ms]
[2022-11-01T20:24:52.907Z] > git config --get commit.template [1ms]
[2022-11-01T20:24:57.917Z] > git status -z -uall [4ms]
[2022-11-01T20:24:57.923Z] > git symbolic-ref --short HEAD [1ms]
[2022-11-01T20:24:57.928Z] > git for-each-ref --format=%(refname)%00%(upstream:short)%00%(objectname)%00%(upstream:track)%00%(upstream:remotename)%00%(upstream:remoteref) refs/heads/main refs/remotes/main [1ms]
[2022-11-01T20:24:57.935Z] > git for-each-ref --sort -committerdate --format %(refname) %(objectname) %(*objectname) [4ms]
[2022-11-01T20:24:57.935Z] > git remote --verbose [1ms]
[2022-11-01T20:24:57.949Z] > git config --get commit.template [1ms]
[2022-11-01T20:25:02.959Z] > git status -z -uall [4ms]
[2022-11-01T20:25:02.963Z] > git symbolic-ref --short HEAD [1ms]
[2022-11-01T20:25:02.968Z] > git for-each-ref --format=%(refname)%00%(upstream:short)%00%(objectname)%00%(upstream:track)%00%(upstream:remotename)%00%(upstream:remoteref) refs/heads/main refs/remotes/main [1ms]
[2022-11-01T20:25:02.975Z] > git for-each-ref --sort -committerdate --format %(refname) %(objectname) %(*objectname) [4ms]
[2022-11-01T20:25:02.975Z] > git remote --verbose [1ms]
[2022-11-01T20:25:02.988Z] > git config --get commit.template [1ms]
[2022-11-01T20:25:07.999Z] > git status -z -uall [4ms]
[2022-11-01T20:25:08.003Z] > git symbolic-ref --short HEAD [1ms]
[2022-11-01T20:25:08.008Z] > git for-each-ref --format=%(refname)%00%(upstream:short)%00%(objectname)%00%(upstream:track)%00%(upstream:remotename)%00%(upstream:remoteref) refs/heads/main refs/remotes/main [1ms]
[2022-11-01T20:25:08.016Z] > git for-each-ref --sort -committerdate --format %(refname) %(objectname) %(*objectname) [3ms]
[2022-11-01T20:25:08.017Z] > git remote --verbose [1ms]
[2022-11-01T20:25:08.033Z] > git config --get commit.template [1ms]
[2022-11-01T20:25:13.042Z] > git status -z -uall [4ms]
[2022-11-01T20:25:13.047Z] > git symbolic-ref --short HEAD [1ms]
[2022-11-01T20:25:13.054Z] > git for-each-ref --format=%(refname)%00%(upstream:short)%00%(objectname)%00%(upstream:track)%00%(upstream:remotename)%00%(upstream:remoteref) refs/heads/main refs/remotes/main [1ms]
[2022-11-01T20:25:13.062Z] > git for-each-ref --sort -committerdate --format %(refname) %(objectname) %(*objectname) [4ms]
[2022-11-01T20:25:13.062Z] > git remote --verbose [1ms]
[2022-11-01T20:25:13.077Z] > git config --get commit.template [1ms]
[2022-11-01T20:25:18.085Z] > git status -z -uall [4ms]
[2022-11-01T20:25:18.090Z] > git symbolic-ref --short HEAD [1ms]
[2022-11-01T20:25:18.094Z] > git for-each-ref --format=%(refname)%00%(upstream:short)%00%(objectname)%00%(upstream:track)%00%(upstream:remotename)%00%(upstream:remoteref) refs/heads/main refs/remotes/main [1ms]
[2022-11-01T20:25:18.101Z] > git for-each-ref --sort -committerdate --format %(refname) %(objectname) %(*objectname) [3ms]
[2022-11-01T20:25:18.101Z] > git remote --verbose [1ms]
[2022-11-01T20:25:18.115Z] > git config --get commit.template [1ms]
[2022-11-01T20:25:23.124Z] > git status -z -uall [4ms]
[2022-11-01T20:25:23.129Z] > git symbolic-ref --short HEAD [1ms]
[2022-11-01T20:25:23.133Z] > git for-each-ref --format=%(refname)%00%(upstream:short)%00%(objectname)%00%(upstream:track)%00%(upstream:remotename)%00%(upstream:remoteref) refs/heads/main refs/remotes/main [1ms]
[2022-11-01T20:25:23.141Z] > git for-each-ref --sort -committerdate --format %(refname) %(objectname) %(*objectname) [4ms]
[2022-11-01T20:25:23.141Z] > git remote --verbose [1ms]
[2022-11-01T20:25:23.157Z] > git config --get commit.template [1ms]
[2022-11-01T20:27:12.633Z] > git status -z -uall [5ms]
[2022-11-01T20:27:12.638Z] > git symbolic-ref --short HEAD [1ms]
[2022-11-01T20:27:12.642Z] > git for-each-ref --format=%(refname)%00%(upstream:short)%00%(objectname)%00%(upstream:track)%00%(upstream:remotename)%00%(upstream:remoteref) refs/heads/main refs/remotes/main [1ms]
[2022-11-01T20:27:12.648Z] > git for-each-ref --sort -committerdate --format %(refname) %(objectname) %(*objectname) [3ms]
[2022-11-01T20:27:12.648Z] > git remote --verbose [1ms]
[2022-11-01T20:27:12.660Z] > git config --get commit.template [0ms]
[2022-11-01T20:27:19.586Z] > git status -z -uall [9ms]
[2022-11-01T20:27:19.595Z] > git symbolic-ref --short HEAD [3ms]
[2022-11-01T20:27:19.603Z] > git for-each-ref --format=%(refname)%00%(upstream:short)%00%(objectname)%00%(upstream:track)%00%(upstream:remotename)%00%(upstream:remoteref) refs/heads/main refs/remotes/main [3ms]
[2022-11-01T20:27:19.615Z] > git for-each-ref --sort -committerdate --format %(refname) %(objectname) %(*objectname) [7ms]
[2022-11-01T20:27:19.615Z] > git remote --verbose [1ms]
[2022-11-01T20:27:19.629Z] > git config --get commit.template [2ms]
[2022-11-01T20:27:20.020Z] > git show --textconv :polybar/cava.sh [4ms]
[2022-11-01T20:27:20.021Z] > git ls-files --stage -- /home/OutOfGravity/.config/polybar/cava.sh [2ms]
[2022-11-01T20:27:20.026Z] > git cat-file -s da7738f99437d59f0aec186f31acebf9f13cba2f [2ms]
[2022-11-01T20:27:24.640Z] > git status -z -uall [4ms]
[2022-11-01T20:27:24.645Z] > git symbolic-ref --short HEAD [1ms]
[2022-11-01T20:27:24.649Z] > git for-each-ref --format=%(refname)%00%(upstream:short)%00%(objectname)%00%(upstream:track)%00%(upstream:remotename)%00%(upstream:remoteref) refs/heads/main refs/remotes/main [1ms]
[2022-11-01T20:27:24.657Z] > git for-each-ref --sort -committerdate --format %(refname) %(objectname) %(*objectname) [4ms]
[2022-11-01T20:27:24.658Z] > git remote --verbose [2ms]
[2022-11-01T20:27:24.672Z] > git config --get commit.template [1ms]
[2022-11-01T20:27:29.682Z] > git status -z -uall [5ms]
[2022-11-01T20:27:29.689Z] > git symbolic-ref --short HEAD [1ms]
[2022-11-01T20:27:29.695Z] > git for-each-ref --format=%(refname)%00%(upstream:short)%00%(objectname)%00%(upstream:track)%00%(upstream:remotename)%00%(upstream:remoteref) refs/heads/main refs/remotes/main [1ms]
[2022-11-01T20:27:29.704Z] > git for-each-ref --sort -committerdate --format %(refname) %(objectname) %(*objectname) [5ms]
[2022-11-01T20:27:29.704Z] > git remote --verbose [1ms]
[2022-11-01T20:27:29.721Z] > git config --get commit.template [1ms]
[2022-11-01T20:27:34.731Z] > git status -z -uall [4ms]
[2022-11-01T20:27:34.738Z] > git symbolic-ref --short HEAD [1ms]
[2022-11-01T20:27:34.743Z] > git for-each-ref --format=%(refname)%00%(upstream:short)%00%(objectname)%00%(upstream:track)%00%(upstream:remotename)%00%(upstream:remoteref) refs/heads/main refs/remotes/main [1ms]
[2022-11-01T20:27:34.753Z] > git for-each-ref --sort -committerdate --format %(refname) %(objectname) %(*objectname) [4ms]
[2022-11-01T20:27:34.753Z] > git remote --verbose [1ms]
[2022-11-01T20:27:34.770Z] > git config --get commit.template [1ms]
[2022-11-01T20:27:39.781Z] > git status -z -uall [4ms]
[2022-11-01T20:27:39.787Z] > git symbolic-ref --short HEAD [1ms]
[2022-11-01T20:27:39.793Z] > git for-each-ref --format=%(refname)%00%(upstream:short)%00%(objectname)%00%(upstream:track)%00%(upstream:remotename)%00%(upstream:remoteref) refs/heads/main refs/remotes/main [1ms]
[2022-11-01T20:27:39.800Z] > git for-each-ref --sort -committerdate --format %(refname) %(objectname) %(*objectname) [4ms]
[2022-11-01T20:27:39.800Z] > git remote --verbose [1ms]
[2022-11-01T20:27:39.814Z] > git config --get commit.template [2ms]
[2022-11-01T20:27:44.822Z] > git status -z -uall [4ms]
[2022-11-01T20:27:44.827Z] > git symbolic-ref --short HEAD [1ms]
[2022-11-01T20:27:44.833Z] > git for-each-ref --format=%(refname)%00%(upstream:short)%00%(objectname)%00%(upstream:track)%00%(upstream:remotename)%00%(upstream:remoteref) refs/heads/main refs/remotes/main [1ms]
[2022-11-01T20:27:44.842Z] > git for-each-ref --sort -committerdate --format %(refname) %(objectname) %(*objectname) [4ms]
[2022-11-01T20:27:44.842Z] > git remote --verbose [1ms]
[2022-11-01T20:27:44.859Z] > git config --get commit.template [1ms]
[2022-11-01T20:28:59.009Z] > git status -z -uall [5ms]
[2022-11-01T20:28:59.015Z] > git symbolic-ref --short HEAD [1ms]
[2022-11-01T20:28:59.021Z] > git for-each-ref --format=%(refname)%00%(upstream:short)%00%(objectname)%00%(upstream:track)%00%(upstream:remotename)%00%(upstream:remoteref) refs/heads/main refs/remotes/main [2ms]
[2022-11-01T20:28:59.031Z] > git for-each-ref --sort -committerdate --format %(refname) %(objectname) %(*objectname) [6ms]
[2022-11-01T20:28:59.031Z] > git remote --verbose [1ms]
[2022-11-01T20:28:59.049Z] > git config --get commit.template [1ms]
