[2022-10-23T17:11:21.847Z] Log level: Info
[2022-10-23T17:11:21.853Z] [info] Validating found git in: git
[2022-10-23T17:11:21.872Z] [info] Using git 2.38.1 from git
[2022-10-23T17:11:21.892Z] > git rev-parse --show-toplevel [5ms]
[2022-10-23T17:11:21.893Z] fatal: not a git repository (or any of the parent directories): .git
[2022-10-23T17:11:21.904Z] > git rev-parse --show-toplevel [1ms]
[2022-10-23T17:11:21.904Z] fatal: not a git repository (or any of the parent directories): .git
[2022-10-23T17:11:21.911Z] > git rev-parse --show-toplevel [2ms]
[2022-10-23T17:11:21.911Z] fatal: not a git repository (or any of the parent directories): .git
[2022-10-23T17:11:22.551Z] > git rev-parse --show-toplevel [6ms]
[2022-10-23T17:11:22.551Z] fatal: not a git repository (or any of the parent directories): .git
[2022-10-23T17:11:43.676Z] > git rev-parse --show-toplevel [1ms]
[2022-10-23T17:11:43.682Z] > git rev-parse --git-dir --git-common-dir [1ms]
[2022-10-23T17:11:43.689Z] [info] Open repository: /home/OutOfGravity/.config
[2022-10-23T17:11:43.726Z] > git status -z -uall [29ms]
[2022-10-23T17:11:43.732Z] > git symbolic-ref --short HEAD [1ms]
[2022-10-23T17:11:43.744Z] > git for-each-ref --format=%(refname)%00%(upstream:short)%00%(objectname)%00%(upstream:track)%00%(upstream:remotename)%00%(upstream:remoteref) refs/heads/main refs/remotes/main [5ms]
[2022-10-23T17:11:43.783Z] > git remote --verbose [4ms]
[2022-10-23T17:11:43.784Z] > git for-each-ref --sort -committerdate --format %(refname) %(objectname) %(*objectname) [19ms]
[2022-10-23T17:11:43.963Z] > git config --get commit.template [1ms]
[2022-10-23T17:11:43.972Z] > git status -z -uall [4ms]
[2022-10-23T17:11:43.976Z] > git symbolic-ref --short HEAD [1ms]
[2022-10-23T17:11:43.980Z] > git for-each-ref --format=%(refname)%00%(upstream:short)%00%(objectname)%00%(upstream:track)%00%(upstream:remotename)%00%(upstream:remoteref) refs/heads/main refs/remotes/main [1ms]
[2022-10-23T17:11:43.990Z] > git for-each-ref --sort -committerdate --format %(refname) %(objectname) %(*objectname) [7ms]
[2022-10-23T17:11:43.991Z] > git remote --verbose [5ms]
[2022-10-23T17:11:44.012Z] > git config --get commit.template [1ms]
[2022-10-23T17:11:44.324Z] > git show --textconv :polybar/cava_setup.sh [5ms]
[2022-10-23T17:11:44.325Z] > git ls-files --stage -- /home/OutOfGravity/.config/polybar/cava_setup.sh [2ms]
[2022-10-23T17:11:44.462Z] > git check-ignore -v -z --stdin [1ms]
[2022-10-23T17:11:45.530Z] > git status -z -uall [6ms]
[2022-10-23T17:11:45.539Z] > git symbolic-ref --short HEAD [2ms]
[2022-10-23T17:11:45.546Z] > git for-each-ref --format=%(refname)%00%(upstream:short)%00%(objectname)%00%(upstream:track)%00%(upstream:remotename)%00%(upstream:remoteref) refs/heads/main refs/remotes/main [1ms]
[2022-10-23T17:11:45.557Z] > git for-each-ref --sort -committerdate --format %(refname) %(objectname) %(*objectname) [4ms]
[2022-10-23T17:11:45.558Z] > git remote --verbose [3ms]
[2022-10-23T17:11:45.588Z] > git config --get commit.template [1ms]
[2022-10-23T17:11:50.604Z] > git status -z -uall [5ms]
[2022-10-23T17:11:50.611Z] > git symbolic-ref --short HEAD [1ms]
[2022-10-23T17:11:50.618Z] > git for-each-ref --format=%(refname)%00%(upstream:short)%00%(objectname)%00%(upstream:track)%00%(upstream:remotename)%00%(upstream:remoteref) refs/heads/main refs/remotes/main [2ms]
[2022-10-23T17:11:50.630Z] > git for-each-ref --sort -committerdate --format %(refname) %(objectname) %(*objectname) [7ms]
[2022-10-23T17:11:50.632Z] > git remote --verbose [3ms]
[2022-10-23T17:11:50.658Z] > git config --get commit.template [2ms]
[2022-10-23T17:11:55.673Z] > git status -z -uall [5ms]
[2022-10-23T17:11:55.682Z] > git symbolic-ref --short HEAD [1ms]
[2022-10-23T17:11:55.689Z] > git for-each-ref --format=%(refname)%00%(upstream:short)%00%(objectname)%00%(upstream:track)%00%(upstream:remotename)%00%(upstream:remoteref) refs/heads/main refs/remotes/main [2ms]
[2022-10-23T17:11:55.699Z] > git for-each-ref --sort -committerdate --format %(refname) %(objectname) %(*objectname) [5ms]
[2022-10-23T17:11:55.700Z] > git remote --verbose [2ms]
[2022-10-23T17:11:55.730Z] > git config --get commit.template [1ms]
[2022-10-23T17:11:59.351Z] > git rev-parse --show-toplevel [3ms]
[2022-10-23T17:11:59.351Z] fatal: not a git repository (or any of the parent directories): .git
[2022-10-23T17:12:00.067Z] > git check-ignore -v -z --stdin [2ms]
[2022-10-23T17:12:00.744Z] > git status -z -uall [6ms]
[2022-10-23T17:12:00.753Z] > git symbolic-ref --short HEAD [2ms]
[2022-10-23T17:12:00.760Z] > git for-each-ref --format=%(refname)%00%(upstream:short)%00%(objectname)%00%(upstream:track)%00%(upstream:remotename)%00%(upstream:remoteref) refs/heads/main refs/remotes/main [2ms]
[2022-10-23T17:12:00.771Z] > git for-each-ref --sort -committerdate --format %(refname) %(objectname) %(*objectname) [6ms]
[2022-10-23T17:12:00.772Z] > git remote --verbose [3ms]
[2022-10-23T17:12:00.794Z] > git config --get commit.template [1ms]
[2022-10-23T17:12:05.804Z] > git status -z -uall [4ms]
[2022-10-23T17:12:05.807Z] > git symbolic-ref --short HEAD [1ms]
[2022-10-23T17:12:05.814Z] > git for-each-ref --format=%(refname)%00%(upstream:short)%00%(objectname)%00%(upstream:track)%00%(upstream:remotename)%00%(upstream:remoteref) refs/heads/main refs/remotes/main [2ms]
[2022-10-23T17:12:05.822Z] > git for-each-ref --sort -committerdate --format %(refname) %(objectname) %(*objectname) [3ms]
[2022-10-23T17:12:05.822Z] > git remote --verbose [1ms]
[2022-10-23T17:12:05.836Z] > git config --get commit.template [1ms]
[2022-10-23T17:12:08.127Z] > git check-ignore -v -z --stdin [2ms]
[2022-10-23T17:12:10.848Z] > git status -z -uall [5ms]
[2022-10-23T17:12:10.855Z] > git symbolic-ref --short HEAD [2ms]
[2022-10-23T17:12:10.862Z] > git for-each-ref --format=%(refname)%00%(upstream:short)%00%(objectname)%00%(upstream:track)%00%(upstream:remotename)%00%(upstream:remoteref) refs/heads/main refs/remotes/main [1ms]
[2022-10-23T17:12:10.871Z] > git for-each-ref --sort -committerdate --format %(refname) %(objectname) %(*objectname) [5ms]
[2022-10-23T17:12:10.872Z] > git remote --verbose [2ms]
[2022-10-23T17:12:10.892Z] > git config --get commit.template [1ms]
[2022-10-23T17:12:15.908Z] > git status -z -uall [6ms]
[2022-10-23T17:12:15.916Z] > git symbolic-ref --short HEAD [2ms]
[2022-10-23T17:12:15.924Z] > git for-each-ref --format=%(refname)%00%(upstream:short)%00%(objectname)%00%(upstream:track)%00%(upstream:remotename)%00%(upstream:remoteref) refs/heads/main refs/remotes/main [2ms]
[2022-10-23T17:12:15.933Z] > git for-each-ref --sort -committerdate --format %(refname) %(objectname) %(*objectname) [5ms]
[2022-10-23T17:12:15.934Z] > git remote --verbose [2ms]
[2022-10-23T17:12:15.953Z] > git config --get commit.template [2ms]
[2022-10-23T17:12:20.969Z] > git status -z -uall [6ms]
[2022-10-23T17:12:20.979Z] > git symbolic-ref --short HEAD [1ms]
[2022-10-23T17:12:20.985Z] > git for-each-ref --format=%(refname)%00%(upstream:short)%00%(objectname)%00%(upstream:track)%00%(upstream:remotename)%00%(upstream:remoteref) refs/heads/main refs/remotes/main [1ms]
[2022-10-23T17:12:20.994Z] > git remote --verbose [1ms]
[2022-10-23T17:12:20.995Z] > git for-each-ref --sort -committerdate --format %(refname) %(objectname) %(*objectname) [6ms]
[2022-10-23T17:12:21.008Z] > git config --get commit.template [1ms]
[2022-10-23T17:12:26.025Z] > git status -z -uall [6ms]
[2022-10-23T17:12:26.033Z] > git symbolic-ref --short HEAD [2ms]
[2022-10-23T17:12:26.042Z] > git for-each-ref --format=%(refname)%00%(upstream:short)%00%(objectname)%00%(upstream:track)%00%(upstream:remotename)%00%(upstream:remoteref) refs/heads/main refs/remotes/main [2ms]
[2022-10-23T17:12:26.055Z] > git for-each-ref --sort -committerdate --format %(refname) %(objectname) %(*objectname) [7ms]
[2022-10-23T17:12:26.055Z] > git remote --verbose [1ms]
[2022-10-23T17:12:26.083Z] > git config --get commit.template [7ms]
[2022-10-23T17:12:31.098Z] > git status -z -uall [6ms]
[2022-10-23T17:12:31.107Z] > git symbolic-ref --short HEAD [2ms]
[2022-10-23T17:12:31.116Z] > git for-each-ref --format=%(refname)%00%(upstream:short)%00%(objectname)%00%(upstream:track)%00%(upstream:remotename)%00%(upstream:remoteref) refs/heads/main refs/remotes/main [2ms]
[2022-10-23T17:12:31.128Z] > git for-each-ref --sort -committerdate --format %(refname) %(objectname) %(*objectname) [5ms]
[2022-10-23T17:12:31.129Z] > git remote --verbose [2ms]
[2022-10-23T17:12:31.153Z] > git config --get commit.template [1ms]
[2022-10-23T17:12:36.167Z] > git status -z -uall [5ms]
[2022-10-23T17:12:36.176Z] > git symbolic-ref --short HEAD [2ms]
[2022-10-23T17:12:36.186Z] > git for-each-ref --format=%(refname)%00%(upstream:short)%00%(objectname)%00%(upstream:track)%00%(upstream:remotename)%00%(upstream:remoteref) refs/heads/main refs/remotes/main [1ms]
[2022-10-23T17:12:36.201Z] > git for-each-ref --sort -committerdate --format %(refname) %(objectname) %(*objectname) [7ms]
[2022-10-23T17:12:36.202Z] > git remote --verbose [3ms]
[2022-10-23T17:12:36.230Z] > git config --get commit.template [2ms]
[2022-10-23T17:12:41.244Z] > git status -z -uall [5ms]
[2022-10-23T17:12:41.251Z] > git symbolic-ref --short HEAD [1ms]
[2022-10-23T17:12:41.260Z] > git for-each-ref --format=%(refname)%00%(upstream:short)%00%(objectname)%00%(upstream:track)%00%(upstream:remotename)%00%(upstream:remoteref) refs/heads/main refs/remotes/main [2ms]
[2022-10-23T17:12:41.270Z] > git for-each-ref --sort -committerdate --format %(refname) %(objectname) %(*objectname) [5ms]
[2022-10-23T17:12:41.271Z] > git remote --verbose [2ms]
[2022-10-23T17:12:41.297Z] > git config --get commit.template [1ms]
[2022-10-23T17:12:46.309Z] > git status -z -uall [5ms]
[2022-10-23T17:12:46.313Z] > git symbolic-ref --short HEAD [1ms]
[2022-10-23T17:12:46.318Z] > git for-each-ref --format=%(refname)%00%(upstream:short)%00%(objectname)%00%(upstream:track)%00%(upstream:remotename)%00%(upstream:remoteref) refs/heads/main refs/remotes/main [1ms]
[2022-10-23T17:12:46.326Z] > git for-each-ref --sort -committerdate --format %(refname) %(objectname) %(*objectname) [4ms]
[2022-10-23T17:12:46.326Z] > git remote --verbose [1ms]
[2022-10-23T17:12:46.338Z] > git config --get commit.template [1ms]
[2022-10-23T17:12:51.350Z] > git status -z -uall [5ms]
[2022-10-23T17:12:51.356Z] > git symbolic-ref --short HEAD [2ms]
[2022-10-23T17:12:51.363Z] > git for-each-ref --format=%(refname)%00%(upstream:short)%00%(objectname)%00%(upstream:track)%00%(upstream:remotename)%00%(upstream:remoteref) refs/heads/main refs/remotes/main [1ms]
[2022-10-23T17:12:51.373Z] > git for-each-ref --sort -committerdate --format %(refname) %(objectname) %(*objectname) [5ms]
[2022-10-23T17:12:51.374Z] > git remote --verbose [1ms]
[2022-10-23T17:12:51.388Z] > git config --get commit.template [3ms]
[2022-10-23T17:12:56.401Z] > git status -z -uall [5ms]
[2022-10-23T17:12:56.405Z] > git symbolic-ref --short HEAD [1ms]
[2022-10-23T17:12:56.410Z] > git for-each-ref --format=%(refname)%00%(upstream:short)%00%(objectname)%00%(upstream:track)%00%(upstream:remotename)%00%(upstream:remoteref) refs/heads/main refs/remotes/main [2ms]
[2022-10-23T17:12:56.420Z] > git for-each-ref --sort -committerdate --format %(refname) %(objectname) %(*objectname) [5ms]
[2022-10-23T17:12:56.421Z] > git remote --verbose [2ms]
[2022-10-23T17:12:56.445Z] > git config --get commit.template [1ms]
[2022-10-23T17:13:26.185Z] > git status -z -uall [4ms]
[2022-10-23T17:13:26.191Z] > git symbolic-ref --short HEAD [1ms]
[2022-10-23T17:13:26.198Z] > git for-each-ref --format=%(refname)%00%(upstream:short)%00%(objectname)%00%(upstream:track)%00%(upstream:remotename)%00%(upstream:remoteref) refs/heads/main refs/remotes/main [2ms]
[2022-10-23T17:13:26.205Z] > git for-each-ref --sort -committerdate --format %(refname) %(objectname) %(*objectname) [4ms]
[2022-10-23T17:13:26.205Z] > git remote --verbose [1ms]
[2022-10-23T17:13:26.219Z] > git config --get commit.template [1ms]
[2022-10-23T17:13:31.234Z] > git status -z -uall [6ms]
[2022-10-23T17:13:31.242Z] > git symbolic-ref --short HEAD [1ms]
[2022-10-23T17:13:31.249Z] > git for-each-ref --format=%(refname)%00%(upstream:short)%00%(objectname)%00%(upstream:track)%00%(upstream:remotename)%00%(upstream:remoteref) refs/heads/main refs/remotes/main [2ms]
[2022-10-23T17:13:31.263Z] > git for-each-ref --sort -committerdate --format %(refname) %(objectname) %(*objectname) [7ms]
[2022-10-23T17:13:31.264Z] > git remote --verbose [2ms]
[2022-10-23T17:13:31.288Z] > git config --get commit.template [1ms]
[2022-10-23T17:13:36.301Z] > git status -z -uall [5ms]
[2022-10-23T17:13:36.309Z] > git symbolic-ref --short HEAD [1ms]
[2022-10-23T17:13:36.316Z] > git for-each-ref --format=%(refname)%00%(upstream:short)%00%(objectname)%00%(upstream:track)%00%(upstream:remotename)%00%(upstream:remoteref) refs/heads/main refs/remotes/main [1ms]
[2022-10-23T17:13:36.326Z] > git for-each-ref --sort -committerdate --format %(refname) %(objectname) %(*objectname) [4ms]
[2022-10-23T17:13:36.327Z] > git remote --verbose [2ms]
[2022-10-23T17:13:36.353Z] > git config --get commit.template [1ms]
[2022-10-23T17:14:10.554Z] > git status -z -uall [6ms]
[2022-10-23T17:14:10.562Z] > git symbolic-ref --short HEAD [1ms]
[2022-10-23T17:14:10.571Z] > git for-each-ref --format=%(refname)%00%(upstream:short)%00%(objectname)%00%(upstream:track)%00%(upstream:remotename)%00%(upstream:remoteref) refs/heads/main refs/remotes/main [2ms]
[2022-10-23T17:14:10.585Z] > git for-each-ref --sort -committerdate --format %(refname) %(objectname) %(*objectname) [6ms]
[2022-10-23T17:14:10.585Z] > git remote --verbose [2ms]
[2022-10-23T17:14:10.599Z] > git config --get commit.template [1ms]
[2022-10-23T17:14:15.609Z] > git status -z -uall [4ms]
[2022-10-23T17:14:15.616Z] > git symbolic-ref --short HEAD [1ms]
[2022-10-23T17:14:15.623Z] > git for-each-ref --format=%(refname)%00%(upstream:short)%00%(objectname)%00%(upstream:track)%00%(upstream:remotename)%00%(upstream:remoteref) refs/heads/main refs/remotes/main [2ms]
[2022-10-23T17:14:15.630Z] > git for-each-ref --sort -committerdate --format %(refname) %(objectname) %(*objectname) [4ms]
[2022-10-23T17:14:15.630Z] > git remote --verbose [1ms]
[2022-10-23T17:14:15.656Z] > git config --get commit.template [1ms]
[2022-10-23T17:14:20.667Z] > git status -z -uall [5ms]
[2022-10-23T17:14:20.672Z] > git symbolic-ref --short HEAD [1ms]
[2022-10-23T17:14:20.677Z] > git for-each-ref --format=%(refname)%00%(upstream:short)%00%(objectname)%00%(upstream:track)%00%(upstream:remotename)%00%(upstream:remoteref) refs/heads/main refs/remotes/main [2ms]
[2022-10-23T17:14:20.688Z] > git for-each-ref --sort -committerdate --format %(refname) %(objectname) %(*objectname) [6ms]
[2022-10-23T17:14:20.689Z] > git remote --verbose [2ms]
[2022-10-23T17:14:20.706Z] > git config --get commit.template [1ms]
[2022-10-23T17:14:22.285Z] > git rev-parse --show-toplevel [3ms]
[2022-10-23T17:14:22.285Z] fatal: not a git repository (or any of the parent directories): .git
[2022-10-23T17:14:25.720Z] > git status -z -uall [5ms]
[2022-10-23T17:14:25.728Z] > git symbolic-ref --short HEAD [1ms]
[2022-10-23T17:14:25.734Z] > git for-each-ref --format=%(refname)%00%(upstream:short)%00%(objectname)%00%(upstream:track)%00%(upstream:remotename)%00%(upstream:remoteref) refs/heads/main refs/remotes/main [1ms]
[2022-10-23T17:14:25.748Z] > git for-each-ref --sort -committerdate --format %(refname) %(objectname) %(*objectname) [7ms]
[2022-10-23T17:14:25.749Z] > git remote --verbose [3ms]
[2022-10-23T17:14:25.779Z] > git config --get commit.template [1ms]
[2022-10-23T17:14:30.794Z] > git status -z -uall [5ms]
[2022-10-23T17:14:30.802Z] > git symbolic-ref --short HEAD [1ms]
[2022-10-23T17:14:30.810Z] > git for-each-ref --format=%(refname)%00%(upstream:short)%00%(objectname)%00%(upstream:track)%00%(upstream:remotename)%00%(upstream:remoteref) refs/heads/main refs/remotes/main [2ms]
[2022-10-23T17:14:30.823Z] > git for-each-ref --sort -committerdate --format %(refname) %(objectname) %(*objectname) [6ms]
[2022-10-23T17:14:30.824Z] > git remote --verbose [2ms]
[2022-10-23T17:14:30.849Z] > git config --get commit.template [0ms]
[2022-10-23T17:14:35.863Z] > git status -z -uall [5ms]
[2022-10-23T17:14:35.872Z] > git symbolic-ref --short HEAD [1ms]
[2022-10-23T17:14:35.879Z] > git for-each-ref --format=%(refname)%00%(upstream:short)%00%(objectname)%00%(upstream:track)%00%(upstream:remotename)%00%(upstream:remoteref) refs/heads/main refs/remotes/main [1ms]
[2022-10-23T17:14:35.890Z] > git for-each-ref --sort -committerdate --format %(refname) %(objectname) %(*objectname) [5ms]
[2022-10-23T17:14:35.891Z] > git remote --verbose [2ms]
[2022-10-23T17:14:35.917Z] > git config --get commit.template [2ms]
[2022-10-23T17:14:40.931Z] > git status -z -uall [5ms]
[2022-10-23T17:14:40.937Z] > git symbolic-ref --short HEAD [2ms]
[2022-10-23T17:14:40.947Z] > git for-each-ref --format=%(refname)%00%(upstream:short)%00%(objectname)%00%(upstream:track)%00%(upstream:remotename)%00%(upstream:remoteref) refs/heads/main refs/remotes/main [2ms]
[2022-10-23T17:14:40.961Z] > git for-each-ref --sort -committerdate --format %(refname) %(objectname) %(*objectname) [6ms]
[2022-10-23T17:14:40.962Z] > git remote --verbose [1ms]
[2022-10-23T17:14:40.979Z] > git config --get commit.template [1ms]
[2022-10-23T17:14:44.404Z] > git check-ignore -v -z --stdin [2ms]
[2022-10-23T17:14:45.995Z] > git status -z -uall [6ms]
[2022-10-23T17:14:46.003Z] > git symbolic-ref --short HEAD [1ms]
[2022-10-23T17:14:46.011Z] > git for-each-ref --format=%(refname)%00%(upstream:short)%00%(objectname)%00%(upstream:track)%00%(upstream:remotename)%00%(upstream:remoteref) refs/heads/main refs/remotes/main [2ms]
[2022-10-23T17:14:46.019Z] > git for-each-ref --sort -committerdate --format %(refname) %(objectname) %(*objectname) [4ms]
[2022-10-23T17:14:46.020Z] > git remote --verbose [1ms]
[2022-10-23T17:14:46.034Z] > git config --get commit.template [3ms]
[2022-10-23T17:14:48.401Z] > git show --textconv :polybar/cava_setup.sh [5ms]
[2022-10-23T17:14:48.403Z] > git ls-files --stage -- /home/OutOfGravity/.config/polybar/cava_setup.sh [2ms]
[2022-10-23T17:14:51.047Z] > git status -z -uall [5ms]
[2022-10-23T17:14:51.056Z] > git symbolic-ref --short HEAD [2ms]
[2022-10-23T17:14:51.063Z] > git for-each-ref --format=%(refname)%00%(upstream:short)%00%(objectname)%00%(upstream:track)%00%(upstream:remotename)%00%(upstream:remoteref) refs/heads/main refs/remotes/main [1ms]
[2022-10-23T17:14:51.073Z] > git for-each-ref --sort -committerdate --format %(refname) %(objectname) %(*objectname) [5ms]
[2022-10-23T17:14:51.073Z] > git remote --verbose [1ms]
[2022-10-23T17:14:51.099Z] > git config --get commit.template [1ms]
[2022-10-23T17:14:56.112Z] > git status -z -uall [5ms]
[2022-10-23T17:14:56.119Z] > git symbolic-ref --short HEAD [1ms]
[2022-10-23T17:14:56.124Z] > git for-each-ref --format=%(refname)%00%(upstream:short)%00%(objectname)%00%(upstream:track)%00%(upstream:remotename)%00%(upstream:remoteref) refs/heads/main refs/remotes/main [2ms]
[2022-10-23T17:14:56.132Z] > git for-each-ref --sort -committerdate --format %(refname) %(objectname) %(*objectname) [5ms]
[2022-10-23T17:14:56.132Z] > git remote --verbose [1ms]
[2022-10-23T17:14:56.144Z] > git config --get commit.template [1ms]
[2022-10-23T17:15:01.160Z] > git status -z -uall [6ms]
[2022-10-23T17:15:01.171Z] > git symbolic-ref --short HEAD [2ms]
[2022-10-23T17:15:01.180Z] > git for-each-ref --format=%(refname)%00%(upstream:short)%00%(objectname)%00%(upstream:track)%00%(upstream:remotename)%00%(upstream:remoteref) refs/heads/main refs/remotes/main [2ms]
[2022-10-23T17:15:01.190Z] > git for-each-ref --sort -committerdate --format %(refname) %(objectname) %(*objectname) [5ms]
[2022-10-23T17:15:01.190Z] > git remote --verbose [1ms]
[2022-10-23T17:15:01.219Z] > git config --get commit.template [2ms]
[2022-10-23T17:15:06.233Z] > git status -z -uall [5ms]
[2022-10-23T17:15:06.241Z] > git symbolic-ref --short HEAD [1ms]
[2022-10-23T17:15:06.247Z] > git for-each-ref --format=%(refname)%00%(upstream:short)%00%(objectname)%00%(upstream:track)%00%(upstream:remotename)%00%(upstream:remoteref) refs/heads/main refs/remotes/main [1ms]
[2022-10-23T17:15:06.260Z] > git for-each-ref --sort -committerdate --format %(refname) %(objectname) %(*objectname) [7ms]
[2022-10-23T17:15:06.260Z] > git remote --verbose [1ms]
[2022-10-23T17:15:06.287Z] > git config --get commit.template [2ms]
[2022-10-23T17:15:11.303Z] > git status -z -uall [5ms]
[2022-10-23T17:15:11.312Z] > git symbolic-ref --short HEAD [1ms]
[2022-10-23T17:15:11.320Z] > git for-each-ref --format=%(refname)%00%(upstream:short)%00%(objectname)%00%(upstream:track)%00%(upstream:remotename)%00%(upstream:remoteref) refs/heads/main refs/remotes/main [2ms]
[2022-10-23T17:15:11.332Z] > git for-each-ref --sort -committerdate --format %(refname) %(objectname) %(*objectname) [7ms]
[2022-10-23T17:15:11.332Z] > git remote --verbose [1ms]
[2022-10-23T17:15:11.354Z] > git config --get commit.template [1ms]
[2022-10-23T17:15:16.370Z] > git status -z -uall [6ms]
[2022-10-23T17:15:16.378Z] > git symbolic-ref --short HEAD [1ms]
[2022-10-23T17:15:16.386Z] > git for-each-ref --format=%(refname)%00%(upstream:short)%00%(objectname)%00%(upstream:track)%00%(upstream:remotename)%00%(upstream:remoteref) refs/heads/main refs/remotes/main [1ms]
[2022-10-23T17:15:16.397Z] > git for-each-ref --sort -committerdate --format %(refname) %(objectname) %(*objectname) [5ms]
[2022-10-23T17:15:16.398Z] > git remote --verbose [1ms]
[2022-10-23T17:15:16.424Z] > git config --get commit.template [3ms]
[2022-10-23T17:15:21.034Z] > git show --textconv :polybar/cava_setup.sh [5ms]
[2022-10-23T17:15:21.035Z] > git ls-files --stage -- /home/OutOfGravity/.config/polybar/cava_setup.sh [1ms]
[2022-10-23T17:15:21.437Z] > git status -z -uall [5ms]
[2022-10-23T17:15:21.445Z] > git symbolic-ref --short HEAD [1ms]
[2022-10-23T17:15:21.452Z] > git for-each-ref --format=%(refname)%00%(upstream:short)%00%(objectname)%00%(upstream:track)%00%(upstream:remotename)%00%(upstream:remoteref) refs/heads/main refs/remotes/main [2ms]
[2022-10-23T17:15:21.464Z] > git for-each-ref --sort -committerdate --format %(refname) %(objectname) %(*objectname) [5ms]
[2022-10-23T17:15:21.465Z] > git remote --verbose [2ms]
[2022-10-23T17:15:21.483Z] > git config --get commit.template [2ms]
[2022-10-23T17:15:26.495Z] > git status -z -uall [4ms]
[2022-10-23T17:15:26.503Z] > git symbolic-ref --short HEAD [1ms]
[2022-10-23T17:15:26.510Z] > git for-each-ref --format=%(refname)%00%(upstream:short)%00%(objectname)%00%(upstream:track)%00%(upstream:remotename)%00%(upstream:remoteref) refs/heads/main refs/remotes/main [1ms]
[2022-10-23T17:15:26.522Z] > git for-each-ref --sort -committerdate --format %(refname) %(objectname) %(*objectname) [6ms]
[2022-10-23T17:15:26.523Z] > git remote --verbose [2ms]
[2022-10-23T17:15:26.547Z] > git config --get commit.template [2ms]
[2022-10-23T17:15:31.562Z] > git status -z -uall [5ms]
[2022-10-23T17:15:31.571Z] > git symbolic-ref --short HEAD [2ms]
[2022-10-23T17:15:31.579Z] > git for-each-ref --format=%(refname)%00%(upstream:short)%00%(objectname)%00%(upstream:track)%00%(upstream:remotename)%00%(upstream:remoteref) refs/heads/main refs/remotes/main [2ms]
[2022-10-23T17:15:31.592Z] > git for-each-ref --sort -committerdate --format %(refname) %(objectname) %(*objectname) [6ms]
[2022-10-23T17:15:31.593Z] > git remote --verbose [1ms]
[2022-10-23T17:15:31.616Z] > git config --get commit.template [1ms]
[2022-10-23T17:15:36.630Z] > git status -z -uall [5ms]
[2022-10-23T17:15:36.640Z] > git symbolic-ref --short HEAD [2ms]
[2022-10-23T17:15:36.649Z] > git for-each-ref --format=%(refname)%00%(upstream:short)%00%(objectname)%00%(upstream:track)%00%(upstream:remotename)%00%(upstream:remoteref) refs/heads/main refs/remotes/main [2ms]
[2022-10-23T17:15:36.659Z] > git for-each-ref --sort -committerdate --format %(refname) %(objectname) %(*objectname) [4ms]
[2022-10-23T17:15:36.660Z] > git remote --verbose [2ms]
[2022-10-23T17:15:36.685Z] > git config --get commit.template [1ms]
[2022-10-23T17:15:41.702Z] > git status -z -uall [8ms]
[2022-10-23T17:15:41.714Z] > git symbolic-ref --short HEAD [3ms]
[2022-10-23T17:15:41.727Z] > git for-each-ref --format=%(refname)%00%(upstream:short)%00%(objectname)%00%(upstream:track)%00%(upstream:remotename)%00%(upstream:remoteref) refs/heads/main refs/remotes/main [7ms]
[2022-10-23T17:15:41.737Z] > git for-each-ref --sort -committerdate --format %(refname) %(objectname) %(*objectname) [5ms]
[2022-10-23T17:15:41.738Z] > git remote --verbose [2ms]
[2022-10-23T17:15:41.758Z] > git config --get commit.template [1ms]
[2022-10-23T17:15:46.769Z] > git status -z -uall [5ms]
[2022-10-23T17:15:46.775Z] > git symbolic-ref --short HEAD [1ms]
[2022-10-23T17:15:46.780Z] > git for-each-ref --format=%(refname)%00%(upstream:short)%00%(objectname)%00%(upstream:track)%00%(upstream:remotename)%00%(upstream:remoteref) refs/heads/main refs/remotes/main [1ms]
[2022-10-23T17:15:46.789Z] > git for-each-ref --sort -committerdate --format %(refname) %(objectname) %(*objectname) [4ms]
[2022-10-23T17:15:46.790Z] > git remote --verbose [1ms]
[2022-10-23T17:15:46.806Z] > git config --get commit.template [1ms]
[2022-10-23T17:15:51.817Z] > git status -z -uall [5ms]
[2022-10-23T17:15:51.824Z] > git symbolic-ref --short HEAD [1ms]
[2022-10-23T17:15:51.833Z] > git for-each-ref --format=%(refname)%00%(upstream:short)%00%(objectname)%00%(upstream:track)%00%(upstream:remotename)%00%(upstream:remoteref) refs/heads/main refs/remotes/main [2ms]
[2022-10-23T17:15:51.844Z] > git for-each-ref --sort -committerdate --format %(refname) %(objectname) %(*objectname) [5ms]
[2022-10-23T17:15:51.844Z] > git remote --verbose [1ms]
[2022-10-23T17:15:51.872Z] > git config --get commit.template [1ms]
[2022-10-23T17:15:56.881Z] > git status -z -uall [4ms]
[2022-10-23T17:15:56.889Z] > git symbolic-ref --short HEAD [2ms]
[2022-10-23T17:15:56.897Z] > git for-each-ref --format=%(refname)%00%(upstream:short)%00%(objectname)%00%(upstream:track)%00%(upstream:remotename)%00%(upstream:remoteref) refs/heads/main refs/remotes/main [2ms]
[2022-10-23T17:15:56.910Z] > git for-each-ref --sort -committerdate --format %(refname) %(objectname) %(*objectname) [7ms]
[2022-10-23T17:15:56.910Z] > git remote --verbose [1ms]
[2022-10-23T17:15:56.927Z] > git config --get commit.template [1ms]
[2022-10-23T17:16:01.938Z] > git status -z -uall [4ms]
[2022-10-23T17:16:01.944Z] > git symbolic-ref --short HEAD [1ms]
[2022-10-23T17:16:01.951Z] > git for-each-ref --format=%(refname)%00%(upstream:short)%00%(objectname)%00%(upstream:track)%00%(upstream:remotename)%00%(upstream:remoteref) refs/heads/main refs/remotes/main [2ms]
[2022-10-23T17:16:01.962Z] > git for-each-ref --sort -committerdate --format %(refname) %(objectname) %(*objectname) [6ms]
[2022-10-23T17:16:01.962Z] > git remote --verbose [1ms]
[2022-10-23T17:16:01.979Z] > git config --get commit.template [4ms]
[2022-10-23T17:16:06.991Z] > git status -z -uall [5ms]
[2022-10-23T17:16:06.998Z] > git symbolic-ref --short HEAD [1ms]
[2022-10-23T17:16:07.004Z] > git for-each-ref --format=%(refname)%00%(upstream:short)%00%(objectname)%00%(upstream:track)%00%(upstream:remotename)%00%(upstream:remoteref) refs/heads/main refs/remotes/main [2ms]
[2022-10-23T17:16:07.015Z] > git for-each-ref --sort -committerdate --format %(refname) %(objectname) %(*objectname) [7ms]
[2022-10-23T17:16:07.015Z] > git remote --verbose [1ms]
[2022-10-23T17:16:07.031Z] > git config --get commit.template [1ms]
[2022-10-23T17:16:11.804Z] > git show --textconv :polybar/cava_setup.sh [5ms]
[2022-10-23T17:16:11.805Z] > git ls-files --stage -- /home/OutOfGravity/.config/polybar/cava_setup.sh [2ms]
[2022-10-23T17:16:12.044Z] > git status -z -uall [6ms]
[2022-10-23T17:16:12.051Z] > git symbolic-ref --short HEAD [1ms]
[2022-10-23T17:16:12.059Z] > git for-each-ref --format=%(refname)%00%(upstream:short)%00%(objectname)%00%(upstream:track)%00%(upstream:remotename)%00%(upstream:remoteref) refs/heads/main refs/remotes/main [2ms]
[2022-10-23T17:16:12.072Z] > git for-each-ref --sort -committerdate --format %(refname) %(objectname) %(*objectname) [6ms]
[2022-10-23T17:16:12.073Z] > git remote --verbose [2ms]
[2022-10-23T17:16:12.100Z] > git config --get commit.template [1ms]
[2022-10-23T17:16:17.116Z] > git status -z -uall [5ms]
[2022-10-23T17:16:17.124Z] > git symbolic-ref --short HEAD [1ms]
[2022-10-23T17:16:17.129Z] > git for-each-ref --format=%(refname)%00%(upstream:short)%00%(objectname)%00%(upstream:track)%00%(upstream:remotename)%00%(upstream:remoteref) refs/heads/main refs/remotes/main [2ms]
[2022-10-23T17:16:17.137Z] > git for-each-ref --sort -committerdate --format %(refname) %(objectname) %(*objectname) [5ms]
[2022-10-23T17:16:17.137Z] > git remote --verbose [0ms]
[2022-10-23T17:16:17.150Z] > git config --get commit.template [1ms]
