[2022-10-23T17:16:23.944Z] Log level: Info
[2022-10-23T17:16:23.948Z] [info] Validating found git in: git
[2022-10-23T17:16:23.970Z] [info] Using git 2.38.1 from git
[2022-10-23T17:16:23.989Z] > git rev-parse --show-toplevel [5ms]
[2022-10-23T17:16:23.989Z] fatal: not a git repository (or any of the parent directories): .git
[2022-10-23T17:16:24.001Z] > git rev-parse --show-toplevel [1ms]
[2022-10-23T17:16:24.009Z] > git rev-parse --git-dir --git-common-dir [2ms]
[2022-10-23T17:16:24.019Z] [info] Open repository: /home/OutOfGravity/.config
[2022-10-23T17:16:24.075Z] > git status -z -uall [48ms]
[2022-10-23T17:16:24.081Z] > git rev-parse --show-toplevel [50ms]
[2022-10-23T17:16:24.081Z] fatal: not a git repository (or any of the parent directories): .git
[2022-10-23T17:16:24.090Z] > git rev-parse --show-toplevel [4ms]
[2022-10-23T17:16:24.090Z] fatal: not a git repository (or any of the parent directories): .git
[2022-10-23T17:16:24.091Z] > git symbolic-ref --short HEAD [11ms]
[2022-10-23T17:16:24.121Z] > git for-each-ref --format=%(refname)%00%(upstream:short)%00%(objectname)%00%(upstream:track)%00%(upstream:remotename)%00%(upstream:remoteref) refs/heads/main refs/remotes/main [25ms]
[2022-10-23T17:16:24.132Z] > git remote --verbose [3ms]
[2022-10-23T17:16:24.132Z] > git for-each-ref --sort -committerdate --format %(refname) %(objectname) %(*objectname) [7ms]
[2022-10-23T17:16:24.166Z] > git config --get commit.template [3ms]
[2022-10-23T17:16:24.179Z] > git status -z -uall [5ms]
[2022-10-23T17:16:24.184Z] > git symbolic-ref --short HEAD [1ms]
[2022-10-23T17:16:24.191Z] > git for-each-ref --format=%(refname)%00%(upstream:short)%00%(objectname)%00%(upstream:track)%00%(upstream:remotename)%00%(upstream:remoteref) refs/heads/main refs/remotes/main [2ms]
[2022-10-23T17:16:24.201Z] > git for-each-ref --sort -committerdate --format %(refname) %(objectname) %(*objectname) [5ms]
[2022-10-23T17:16:24.202Z] > git remote --verbose [2ms]
[2022-10-23T17:16:24.224Z] > git config --get commit.template [1ms]
[2022-10-23T17:16:24.422Z] > git rev-parse --show-toplevel [1ms]
[2022-10-23T17:16:24.422Z] fatal: not a git repository (or any of the parent directories): .git
[2022-10-23T17:16:24.550Z] > git check-ignore -v -z --stdin [1ms]
[2022-10-23T17:16:24.652Z] > git show --textconv :polybar/cava_setup.sh [7ms]
[2022-10-23T17:16:24.655Z] > git ls-files --stage -- /home/OutOfGravity/.config/polybar/cava_setup.sh [4ms]
[2022-10-23T17:16:26.987Z] > git status -z -uall [6ms]
[2022-10-23T17:16:26.994Z] > git symbolic-ref --short HEAD [1ms]
[2022-10-23T17:16:27.001Z] > git for-each-ref --format=%(refname)%00%(upstream:short)%00%(objectname)%00%(upstream:track)%00%(upstream:remotename)%00%(upstream:remoteref) refs/heads/main refs/remotes/main [2ms]
[2022-10-23T17:16:27.011Z] > git for-each-ref --sort -committerdate --format %(refname) %(objectname) %(*objectname) [4ms]
[2022-10-23T17:16:27.012Z] > git remote --verbose [2ms]
[2022-10-23T17:16:27.041Z] > git config --get commit.template [1ms]
[2022-10-23T17:16:32.055Z] > git status -z -uall [6ms]
[2022-10-23T17:16:32.063Z] > git symbolic-ref --short HEAD [2ms]
[2022-10-23T17:16:32.070Z] > git for-each-ref --format=%(refname)%00%(upstream:short)%00%(objectname)%00%(upstream:track)%00%(upstream:remotename)%00%(upstream:remoteref) refs/heads/main refs/remotes/main [2ms]
[2022-10-23T17:16:32.080Z] > git for-each-ref --sort -committerdate --format %(refname) %(objectname) %(*objectname) [5ms]
[2022-10-23T17:16:32.081Z] > git remote --verbose [2ms]
[2022-10-23T17:16:32.103Z] > git config --get commit.template [3ms]
[2022-10-23T17:16:37.118Z] > git status -z -uall [6ms]
[2022-10-23T17:16:37.127Z] > git symbolic-ref --short HEAD [2ms]
[2022-10-23T17:16:37.134Z] > git for-each-ref --format=%(refname)%00%(upstream:short)%00%(objectname)%00%(upstream:track)%00%(upstream:remotename)%00%(upstream:remoteref) refs/heads/main refs/remotes/main [1ms]
[2022-10-23T17:16:37.146Z] > git for-each-ref --sort -committerdate --format %(refname) %(objectname) %(*objectname) [6ms]
[2022-10-23T17:16:37.147Z] > git remote --verbose [2ms]
[2022-10-23T17:16:37.169Z] > git config --get commit.template [1ms]
[2022-10-23T17:16:42.185Z] > git status -z -uall [7ms]
[2022-10-23T17:16:42.193Z] > git symbolic-ref --short HEAD [1ms]
[2022-10-23T17:16:42.199Z] > git for-each-ref --format=%(refname)%00%(upstream:short)%00%(objectname)%00%(upstream:track)%00%(upstream:remotename)%00%(upstream:remoteref) refs/heads/main refs/remotes/main [1ms]
[2022-10-23T17:16:42.209Z] > git for-each-ref --sort -committerdate --format %(refname) %(objectname) %(*objectname) [6ms]
[2022-10-23T17:16:42.210Z] > git remote --verbose [2ms]
[2022-10-23T17:16:42.238Z] > git config --get commit.template [0ms]
[2022-10-23T17:16:47.254Z] > git status -z -uall [6ms]
[2022-10-23T17:16:47.261Z] > git symbolic-ref --short HEAD [1ms]
[2022-10-23T17:16:47.268Z] > git for-each-ref --format=%(refname)%00%(upstream:short)%00%(objectname)%00%(upstream:track)%00%(upstream:remotename)%00%(upstream:remoteref) refs/heads/main refs/remotes/main [1ms]
[2022-10-23T17:16:47.279Z] > git for-each-ref --sort -committerdate --format %(refname) %(objectname) %(*objectname) [5ms]
[2022-10-23T17:16:47.280Z] > git remote --verbose [2ms]
[2022-10-23T17:16:47.307Z] > git config --get commit.template [1ms]
[2022-10-23T17:16:52.321Z] > git status -z -uall [6ms]
[2022-10-23T17:16:52.329Z] > git symbolic-ref --short HEAD [1ms]
[2022-10-23T17:16:52.337Z] > git for-each-ref --format=%(refname)%00%(upstream:short)%00%(objectname)%00%(upstream:track)%00%(upstream:remotename)%00%(upstream:remoteref) refs/heads/main refs/remotes/main [2ms]
[2022-10-23T17:16:52.347Z] > git for-each-ref --sort -committerdate --format %(refname) %(objectname) %(*objectname) [5ms]
[2022-10-23T17:16:52.348Z] > git remote --verbose [2ms]
[2022-10-23T17:16:52.376Z] > git config --get commit.template [1ms]
[2022-10-23T17:16:57.391Z] > git status -z -uall [6ms]
[2022-10-23T17:16:57.400Z] > git symbolic-ref --short HEAD [1ms]
[2022-10-23T17:16:57.407Z] > git for-each-ref --format=%(refname)%00%(upstream:short)%00%(objectname)%00%(upstream:track)%00%(upstream:remotename)%00%(upstream:remoteref) refs/heads/main refs/remotes/main [1ms]
[2022-10-23T17:16:57.417Z] > git for-each-ref --sort -committerdate --format %(refname) %(objectname) %(*objectname) [5ms]
[2022-10-23T17:16:57.418Z] > git remote --verbose [3ms]
[2022-10-23T17:16:57.445Z] > git config --get commit.template [2ms]
[2022-10-23T17:17:02.462Z] > git status -z -uall [6ms]
[2022-10-23T17:17:02.470Z] > git symbolic-ref --short HEAD [1ms]
[2022-10-23T17:17:02.477Z] > git for-each-ref --format=%(refname)%00%(upstream:short)%00%(objectname)%00%(upstream:track)%00%(upstream:remotename)%00%(upstream:remoteref) refs/heads/main refs/remotes/main [1ms]
[2022-10-23T17:17:02.489Z] > git for-each-ref --sort -committerdate --format %(refname) %(objectname) %(*objectname) [6ms]
[2022-10-23T17:17:02.490Z] > git remote --verbose [2ms]
[2022-10-23T17:17:02.521Z] > git config --get commit.template [2ms]
[2022-10-23T17:17:07.537Z] > git status -z -uall [6ms]
[2022-10-23T17:17:07.546Z] > git symbolic-ref --short HEAD [1ms]
[2022-10-23T17:17:07.554Z] > git for-each-ref --format=%(refname)%00%(upstream:short)%00%(objectname)%00%(upstream:track)%00%(upstream:remotename)%00%(upstream:remoteref) refs/heads/main refs/remotes/main [2ms]
[2022-10-23T17:17:07.565Z] > git for-each-ref --sort -committerdate --format %(refname) %(objectname) %(*objectname) [6ms]
[2022-10-23T17:17:07.566Z] > git remote --verbose [2ms]
[2022-10-23T17:17:07.596Z] > git config --get commit.template [2ms]
[2022-10-23T17:17:42.876Z] > git status -z -uall [7ms]
[2022-10-23T17:17:42.883Z] > git symbolic-ref --short HEAD [1ms]
[2022-10-23T17:17:42.891Z] > git for-each-ref --format=%(refname)%00%(upstream:short)%00%(objectname)%00%(upstream:track)%00%(upstream:remotename)%00%(upstream:remoteref) refs/heads/main refs/remotes/main [2ms]
[2022-10-23T17:17:42.906Z] > git for-each-ref --sort -committerdate --format %(refname) %(objectname) %(*objectname) [9ms]
[2022-10-23T17:17:42.906Z] > git remote --verbose [1ms]
[2022-10-23T17:17:42.931Z] > git config --get commit.template [1ms]
[2022-10-23T17:18:31.221Z] > git status -z -uall [6ms]
[2022-10-23T17:18:31.228Z] > git symbolic-ref --short HEAD [2ms]
[2022-10-23T17:18:31.237Z] > git for-each-ref --format=%(refname)%00%(upstream:short)%00%(objectname)%00%(upstream:track)%00%(upstream:remotename)%00%(upstream:remoteref) refs/heads/main refs/remotes/main [2ms]
[2022-10-23T17:18:31.245Z] > git for-each-ref --sort -committerdate --format %(refname) %(objectname) %(*objectname) [5ms]
[2022-10-23T17:18:31.246Z] > git remote --verbose [2ms]
[2022-10-23T17:18:31.264Z] > git config --get commit.template [1ms]
[2022-10-23T17:18:36.278Z] > git status -z -uall [6ms]
[2022-10-23T17:18:36.287Z] > git symbolic-ref --short HEAD [2ms]
[2022-10-23T17:18:36.297Z] > git for-each-ref --format=%(refname)%00%(upstream:short)%00%(objectname)%00%(upstream:track)%00%(upstream:remotename)%00%(upstream:remoteref) refs/heads/main refs/remotes/main [2ms]
[2022-10-23T17:18:36.309Z] > git for-each-ref --sort -committerdate --format %(refname) %(objectname) %(*objectname) [5ms]
[2022-10-23T17:18:36.310Z] > git remote --verbose [2ms]
[2022-10-23T17:18:36.330Z] > git config --get commit.template [1ms]
[2022-10-23T17:18:41.343Z] > git status -z -uall [5ms]
[2022-10-23T17:18:41.350Z] > git symbolic-ref --short HEAD [1ms]
[2022-10-23T17:18:41.357Z] > git for-each-ref --format=%(refname)%00%(upstream:short)%00%(objectname)%00%(upstream:track)%00%(upstream:remotename)%00%(upstream:remoteref) refs/heads/main refs/remotes/main [2ms]
[2022-10-23T17:18:41.366Z] > git for-each-ref --sort -committerdate --format %(refname) %(objectname) %(*objectname) [4ms]
[2022-10-23T17:18:41.367Z] > git remote --verbose [2ms]
[2022-10-23T17:18:41.391Z] > git config --get commit.template [1ms]
[2022-10-23T17:18:46.407Z] > git status -z -uall [6ms]
[2022-10-23T17:18:46.414Z] > git symbolic-ref --short HEAD [2ms]
[2022-10-23T17:18:46.422Z] > git for-each-ref --format=%(refname)%00%(upstream:short)%00%(objectname)%00%(upstream:track)%00%(upstream:remotename)%00%(upstream:remoteref) refs/heads/main refs/remotes/main [1ms]
[2022-10-23T17:18:46.432Z] > git for-each-ref --sort -committerdate --format %(refname) %(objectname) %(*objectname) [4ms]
[2022-10-23T17:18:46.433Z] > git remote --verbose [1ms]
[2022-10-23T17:18:46.459Z] > git config --get commit.template [2ms]
[2022-10-23T17:19:45.564Z] > git status -z -uall [5ms]
[2022-10-23T17:19:45.571Z] > git symbolic-ref --short HEAD [1ms]
[2022-10-23T17:19:45.577Z] > git for-each-ref --format=%(refname)%00%(upstream:short)%00%(objectname)%00%(upstream:track)%00%(upstream:remotename)%00%(upstream:remoteref) refs/heads/main refs/remotes/main [1ms]
[2022-10-23T17:19:45.588Z] > git for-each-ref --sort -committerdate --format %(refname) %(objectname) %(*objectname) [6ms]
[2022-10-23T17:19:45.588Z] > git remote --verbose [1ms]
[2022-10-23T17:19:45.603Z] > git config --get commit.template [1ms]
[2022-10-23T17:19:50.616Z] > git status -z -uall [6ms]
[2022-10-23T17:19:50.624Z] > git symbolic-ref --short HEAD [2ms]
[2022-10-23T17:19:50.631Z] > git for-each-ref --format=%(refname)%00%(upstream:short)%00%(objectname)%00%(upstream:track)%00%(upstream:remotename)%00%(upstream:remoteref) refs/heads/main refs/remotes/main [2ms]
[2022-10-23T17:19:50.640Z] > git for-each-ref --sort -committerdate --format %(refname) %(objectname) %(*objectname) [5ms]
[2022-10-23T17:19:50.640Z] > git remote --verbose [1ms]
[2022-10-23T17:19:50.668Z] > git config --get commit.template [1ms]
[2022-10-23T17:20:04.215Z] > git status -z -uall [8ms]
[2022-10-23T17:20:04.231Z] > git symbolic-ref --short HEAD [9ms]
[2022-10-23T17:20:04.241Z] > git for-each-ref --format=%(refname)%00%(upstream:short)%00%(objectname)%00%(upstream:track)%00%(upstream:remotename)%00%(upstream:remoteref) refs/heads/main refs/remotes/main [3ms]
[2022-10-23T17:20:04.252Z] > git for-each-ref --sort -committerdate --format %(refname) %(objectname) %(*objectname) [7ms]
[2022-10-23T17:20:04.252Z] > git remote --verbose [1ms]
[2022-10-23T17:20:04.269Z] > git config --get commit.template [2ms]
[2022-10-23T17:20:09.284Z] > git status -z -uall [6ms]
[2022-10-23T17:20:09.291Z] > git symbolic-ref --short HEAD [2ms]
[2022-10-23T17:20:09.298Z] > git for-each-ref --format=%(refname)%00%(upstream:short)%00%(objectname)%00%(upstream:track)%00%(upstream:remotename)%00%(upstream:remoteref) refs/heads/main refs/remotes/main [2ms]
[2022-10-23T17:20:09.309Z] > git for-each-ref --sort -committerdate --format %(refname) %(objectname) %(*objectname) [6ms]
[2022-10-23T17:20:09.309Z] > git remote --verbose [1ms]
[2022-10-23T17:20:09.330Z] > git config --get commit.template [1ms]
[2022-10-23T17:20:14.345Z] > git status -z -uall [6ms]
[2022-10-23T17:20:14.353Z] > git symbolic-ref --short HEAD [1ms]
[2022-10-23T17:20:14.360Z] > git for-each-ref --format=%(refname)%00%(upstream:short)%00%(objectname)%00%(upstream:track)%00%(upstream:remotename)%00%(upstream:remoteref) refs/heads/main refs/remotes/main [2ms]
[2022-10-23T17:20:14.371Z] > git for-each-ref --sort -committerdate --format %(refname) %(objectname) %(*objectname) [6ms]
[2022-10-23T17:20:14.372Z] > git remote --verbose [2ms]
[2022-10-23T17:20:14.393Z] > git config --get commit.template [1ms]
[2022-10-23T17:20:19.405Z] > git status -z -uall [6ms]
[2022-10-23T17:20:19.410Z] > git symbolic-ref --short HEAD [1ms]
[2022-10-23T17:20:19.415Z] > git for-each-ref --format=%(refname)%00%(upstream:short)%00%(objectname)%00%(upstream:track)%00%(upstream:remotename)%00%(upstream:remoteref) refs/heads/main refs/remotes/main [1ms]
[2022-10-23T17:20:19.425Z] > git for-each-ref --sort -committerdate --format %(refname) %(objectname) %(*objectname) [4ms]
[2022-10-23T17:20:19.425Z] > git remote --verbose [1ms]
[2022-10-23T17:20:19.439Z] > git config --get commit.template [1ms]
[2022-10-23T17:20:24.454Z] > git status -z -uall [6ms]
[2022-10-23T17:20:24.460Z] > git symbolic-ref --short HEAD [1ms]
[2022-10-23T17:20:24.464Z] > git for-each-ref --format=%(refname)%00%(upstream:short)%00%(objectname)%00%(upstream:track)%00%(upstream:remotename)%00%(upstream:remoteref) refs/heads/main refs/remotes/main [1ms]
[2022-10-23T17:20:24.470Z] > git for-each-ref --sort -committerdate --format %(refname) %(objectname) %(*objectname) [4ms]
[2022-10-23T17:20:24.470Z] > git remote --verbose [1ms]
[2022-10-23T17:20:24.481Z] > git config --get commit.template [0ms]
[2022-10-23T17:20:29.494Z] > git status -z -uall [4ms]
[2022-10-23T17:20:29.502Z] > git symbolic-ref --short HEAD [1ms]
[2022-10-23T17:20:29.508Z] > git for-each-ref --format=%(refname)%00%(upstream:short)%00%(objectname)%00%(upstream:track)%00%(upstream:remotename)%00%(upstream:remoteref) refs/heads/main refs/remotes/main [2ms]
[2022-10-23T17:20:29.518Z] > git for-each-ref --sort -committerdate --format %(refname) %(objectname) %(*objectname) [7ms]
[2022-10-23T17:20:29.518Z] > git remote --verbose [2ms]
[2022-10-23T17:20:29.537Z] > git config --get commit.template [2ms]
[2022-10-23T17:20:38.917Z] > git status -z -uall [5ms]
[2022-10-23T17:20:38.924Z] > git symbolic-ref --short HEAD [1ms]
[2022-10-23T17:20:38.932Z] > git for-each-ref --format=%(refname)%00%(upstream:short)%00%(objectname)%00%(upstream:track)%00%(upstream:remotename)%00%(upstream:remoteref) refs/heads/main refs/remotes/main [1ms]
[2022-10-23T17:20:38.944Z] > git for-each-ref --sort -committerdate --format %(refname) %(objectname) %(*objectname) [5ms]
[2022-10-23T17:20:38.944Z] > git remote --verbose [1ms]
[2022-10-23T17:20:38.960Z] > git config --get commit.template [1ms]
[2022-10-23T17:21:10.818Z] > git status -z -uall [5ms]
[2022-10-23T17:21:10.823Z] > git symbolic-ref --short HEAD [1ms]
[2022-10-23T17:21:10.832Z] > git for-each-ref --format=%(refname)%00%(upstream:short)%00%(objectname)%00%(upstream:track)%00%(upstream:remotename)%00%(upstream:remoteref) refs/heads/main refs/remotes/main [2ms]
[2022-10-23T17:21:10.845Z] > git for-each-ref --sort -committerdate --format %(refname) %(objectname) %(*objectname) [8ms]
[2022-10-23T17:21:10.845Z] > git remote --verbose [1ms]
[2022-10-23T17:21:10.863Z] > git config --get commit.template [2ms]
[2022-10-23T17:21:28.379Z] > git status -z -uall [7ms]
[2022-10-23T17:21:28.385Z] > git symbolic-ref --short HEAD [1ms]
[2022-10-23T17:21:28.391Z] > git for-each-ref --format=%(refname)%00%(upstream:short)%00%(objectname)%00%(upstream:track)%00%(upstream:remotename)%00%(upstream:remoteref) refs/heads/main refs/remotes/main [2ms]
[2022-10-23T17:21:28.403Z] > git for-each-ref --sort -committerdate --format %(refname) %(objectname) %(*objectname) [5ms]
[2022-10-23T17:21:28.404Z] > git remote --verbose [2ms]
[2022-10-23T17:21:28.421Z] > git config --get commit.template [2ms]
[2022-10-23T17:21:33.434Z] > git status -z -uall [5ms]
[2022-10-23T17:21:33.443Z] > git symbolic-ref --short HEAD [2ms]
[2022-10-23T17:21:33.451Z] > git for-each-ref --format=%(refname)%00%(upstream:short)%00%(objectname)%00%(upstream:track)%00%(upstream:remotename)%00%(upstream:remoteref) refs/heads/main refs/remotes/main [2ms]
[2022-10-23T17:21:33.462Z] > git for-each-ref --sort -committerdate --format %(refname) %(objectname) %(*objectname) [6ms]
[2022-10-23T17:21:33.463Z] > git remote --verbose [2ms]
[2022-10-23T17:21:33.482Z] > git config --get commit.template [2ms]
[2022-10-23T17:21:38.496Z] > git status -z -uall [5ms]
[2022-10-23T17:21:38.503Z] > git symbolic-ref --short HEAD [1ms]
[2022-10-23T17:21:38.512Z] > git for-each-ref --format=%(refname)%00%(upstream:short)%00%(objectname)%00%(upstream:track)%00%(upstream:remotename)%00%(upstream:remoteref) refs/heads/main refs/remotes/main [1ms]
[2022-10-23T17:21:38.522Z] > git for-each-ref --sort -committerdate --format %(refname) %(objectname) %(*objectname) [5ms]
[2022-10-23T17:21:38.522Z] > git remote --verbose [1ms]
[2022-10-23T17:21:38.542Z] > git config --get commit.template [1ms]
[2022-10-23T17:21:43.553Z] > git status -z -uall [4ms]
[2022-10-23T17:21:43.559Z] > git symbolic-ref --short HEAD [1ms]
[2022-10-23T17:21:43.565Z] > git for-each-ref --format=%(refname)%00%(upstream:short)%00%(objectname)%00%(upstream:track)%00%(upstream:remotename)%00%(upstream:remoteref) refs/heads/main refs/remotes/main [2ms]
[2022-10-23T17:21:43.573Z] > git for-each-ref --sort -committerdate --format %(refname) %(objectname) %(*objectname) [5ms]
[2022-10-23T17:21:43.573Z] > git remote --verbose [1ms]
[2022-10-23T17:21:43.585Z] > git config --get commit.template [1ms]
[2022-10-23T17:21:48.597Z] > git status -z -uall [5ms]
[2022-10-23T17:21:48.603Z] > git symbolic-ref --short HEAD [1ms]
[2022-10-23T17:21:48.609Z] > git for-each-ref --format=%(refname)%00%(upstream:short)%00%(objectname)%00%(upstream:track)%00%(upstream:remotename)%00%(upstream:remoteref) refs/heads/main refs/remotes/main [1ms]
[2022-10-23T17:21:48.621Z] > git for-each-ref --sort -committerdate --format %(refname) %(objectname) %(*objectname) [7ms]
[2022-10-23T17:21:48.622Z] > git remote --verbose [3ms]
[2022-10-23T17:21:48.646Z] > git config --get commit.template [1ms]
[2022-10-23T17:21:53.660Z] > git status -z -uall [5ms]
[2022-10-23T17:21:53.669Z] > git symbolic-ref --short HEAD [1ms]
[2022-10-23T17:21:53.677Z] > git for-each-ref --format=%(refname)%00%(upstream:short)%00%(objectname)%00%(upstream:track)%00%(upstream:remotename)%00%(upstream:remoteref) refs/heads/main refs/remotes/main [2ms]
[2022-10-23T17:21:53.689Z] > git for-each-ref --sort -committerdate --format %(refname) %(objectname) %(*objectname) [4ms]
[2022-10-23T17:21:53.690Z] > git remote --verbose [2ms]
[2022-10-23T17:21:53.713Z] > git config --get commit.template [1ms]
[2022-10-23T17:22:05.150Z] > git status -z -uall [5ms]
[2022-10-23T17:22:05.156Z] > git symbolic-ref --short HEAD [1ms]
[2022-10-23T17:22:05.163Z] > git for-each-ref --format=%(refname)%00%(upstream:short)%00%(objectname)%00%(upstream:track)%00%(upstream:remotename)%00%(upstream:remoteref) refs/heads/main refs/remotes/main [1ms]
[2022-10-23T17:22:05.175Z] > git for-each-ref --sort -committerdate --format %(refname) %(objectname) %(*objectname) [7ms]
[2022-10-23T17:22:05.176Z] > git remote --verbose [2ms]
[2022-10-23T17:22:05.197Z] > git config --get commit.template [1ms]
[2022-10-23T17:22:10.210Z] > git status -z -uall [5ms]
[2022-10-23T17:22:10.217Z] > git symbolic-ref --short HEAD [1ms]
[2022-10-23T17:22:10.224Z] > git for-each-ref --format=%(refname)%00%(upstream:short)%00%(objectname)%00%(upstream:track)%00%(upstream:remotename)%00%(upstream:remoteref) refs/heads/main refs/remotes/main [2ms]
[2022-10-23T17:22:10.236Z] > git for-each-ref --sort -committerdate --format %(refname) %(objectname) %(*objectname) [6ms]
[2022-10-23T17:22:10.236Z] > git remote --verbose [1ms]
[2022-10-23T17:22:10.262Z] > git config --get commit.template [1ms]
[2022-10-23T17:22:15.277Z] > git status -z -uall [5ms]
[2022-10-23T17:22:15.288Z] > git symbolic-ref --short HEAD [3ms]
[2022-10-23T17:22:15.295Z] > git for-each-ref --format=%(refname)%00%(upstream:short)%00%(objectname)%00%(upstream:track)%00%(upstream:remotename)%00%(upstream:remoteref) refs/heads/main refs/remotes/main [2ms]
[2022-10-23T17:22:15.304Z] > git for-each-ref --sort -committerdate --format %(refname) %(objectname) %(*objectname) [4ms]
[2022-10-23T17:22:15.304Z] > git remote --verbose [1ms]
[2022-10-23T17:22:15.321Z] > git config --get commit.template [1ms]
[2022-10-23T17:22:20.329Z] > git status -z -uall [3ms]
[2022-10-23T17:22:20.335Z] > git symbolic-ref --short HEAD [1ms]
[2022-10-23T17:22:20.340Z] > git for-each-ref --format=%(refname)%00%(upstream:short)%00%(objectname)%00%(upstream:track)%00%(upstream:remotename)%00%(upstream:remoteref) refs/heads/main refs/remotes/main [2ms]
[2022-10-23T17:22:20.348Z] > git for-each-ref --sort -committerdate --format %(refname) %(objectname) %(*objectname) [5ms]
[2022-10-23T17:22:20.348Z] > git remote --verbose [1ms]
[2022-10-23T17:22:20.360Z] > git config --get commit.template [1ms]
[2022-10-23T17:22:25.374Z] > git status -z -uall [6ms]
[2022-10-23T17:22:25.382Z] > git symbolic-ref --short HEAD [1ms]
[2022-10-23T17:22:25.387Z] > git for-each-ref --format=%(refname)%00%(upstream:short)%00%(objectname)%00%(upstream:track)%00%(upstream:remotename)%00%(upstream:remoteref) refs/heads/main refs/remotes/main [1ms]
[2022-10-23T17:22:25.399Z] > git for-each-ref --sort -committerdate --format %(refname) %(objectname) %(*objectname) [5ms]
[2022-10-23T17:22:25.400Z] > git remote --verbose [2ms]
[2022-10-23T17:22:25.426Z] > git config --get commit.template [5ms]
[2022-10-23T17:22:30.442Z] > git status -z -uall [5ms]
[2022-10-23T17:22:30.450Z] > git symbolic-ref --short HEAD [1ms]
[2022-10-23T17:22:30.460Z] > git for-each-ref --format=%(refname)%00%(upstream:short)%00%(objectname)%00%(upstream:track)%00%(upstream:remotename)%00%(upstream:remoteref) refs/heads/main refs/remotes/main [2ms]
[2022-10-23T17:22:30.471Z] > git for-each-ref --sort -committerdate --format %(refname) %(objectname) %(*objectname) [5ms]
[2022-10-23T17:22:30.471Z] > git remote --verbose [1ms]
[2022-10-23T17:22:30.483Z] > git config --get commit.template [1ms]
[2022-10-23T17:22:35.499Z] > git status -z -uall [5ms]
[2022-10-23T17:22:35.506Z] > git symbolic-ref --short HEAD [1ms]
[2022-10-23T17:22:35.513Z] > git for-each-ref --format=%(refname)%00%(upstream:short)%00%(objectname)%00%(upstream:track)%00%(upstream:remotename)%00%(upstream:remoteref) refs/heads/main refs/remotes/main [1ms]
[2022-10-23T17:22:35.525Z] > git for-each-ref --sort -committerdate --format %(refname) %(objectname) %(*objectname) [5ms]
[2022-10-23T17:22:35.526Z] > git remote --verbose [1ms]
[2022-10-23T17:22:35.552Z] > git config --get commit.template [1ms]
[2022-10-23T17:22:40.563Z] > git status -z -uall [5ms]
[2022-10-23T17:22:40.571Z] > git symbolic-ref --short HEAD [1ms]
[2022-10-23T17:22:40.578Z] > git for-each-ref --format=%(refname)%00%(upstream:short)%00%(objectname)%00%(upstream:track)%00%(upstream:remotename)%00%(upstream:remoteref) refs/heads/main refs/remotes/main [2ms]
[2022-10-23T17:22:40.585Z] > git for-each-ref --sort -committerdate --format %(refname) %(objectname) %(*objectname) [4ms]
[2022-10-23T17:22:40.586Z] > git remote --verbose [1ms]
[2022-10-23T17:22:40.599Z] > git config --get commit.template [1ms]
[2022-10-23T17:22:45.614Z] > git status -z -uall [6ms]
[2022-10-23T17:22:45.623Z] > git symbolic-ref --short HEAD [2ms]
[2022-10-23T17:22:45.630Z] > git for-each-ref --format=%(refname)%00%(upstream:short)%00%(objectname)%00%(upstream:track)%00%(upstream:remotename)%00%(upstream:remoteref) refs/heads/main refs/remotes/main [2ms]
[2022-10-23T17:22:45.642Z] > git for-each-ref --sort -committerdate --format %(refname) %(objectname) %(*objectname) [6ms]
[2022-10-23T17:22:45.642Z] > git remote --verbose [1ms]
[2022-10-23T17:22:45.659Z] > git config --get commit.template [1ms]
[2022-10-23T17:22:50.674Z] > git status -z -uall [6ms]
[2022-10-23T17:22:50.682Z] > git symbolic-ref --short HEAD [2ms]
[2022-10-23T17:22:50.689Z] > git for-each-ref --format=%(refname)%00%(upstream:short)%00%(objectname)%00%(upstream:track)%00%(upstream:remotename)%00%(upstream:remoteref) refs/heads/main refs/remotes/main [1ms]
[2022-10-23T17:22:50.700Z] > git for-each-ref --sort -committerdate --format %(refname) %(objectname) %(*objectname) [5ms]
[2022-10-23T17:22:50.701Z] > git remote --verbose [2ms]
[2022-10-23T17:22:50.725Z] > git config --get commit.template [1ms]
[2022-10-23T17:22:55.741Z] > git status -z -uall [6ms]
[2022-10-23T17:22:55.748Z] > git symbolic-ref --short HEAD [1ms]
[2022-10-23T17:22:55.756Z] > git for-each-ref --format=%(refname)%00%(upstream:short)%00%(objectname)%00%(upstream:track)%00%(upstream:remotename)%00%(upstream:remoteref) refs/heads/main refs/remotes/main [2ms]
[2022-10-23T17:22:55.766Z] > git for-each-ref --sort -committerdate --format %(refname) %(objectname) %(*objectname) [5ms]
[2022-10-23T17:22:55.767Z] > git remote --verbose [2ms]
[2022-10-23T17:22:55.794Z] > git config --get commit.template [1ms]
[2022-10-23T17:23:00.808Z] > git status -z -uall [5ms]
[2022-10-23T17:23:00.817Z] > git symbolic-ref --short HEAD [1ms]
[2022-10-23T17:23:00.826Z] > git for-each-ref --format=%(refname)%00%(upstream:short)%00%(objectname)%00%(upstream:track)%00%(upstream:remotename)%00%(upstream:remoteref) refs/heads/main refs/remotes/main [2ms]
[2022-10-23T17:23:00.836Z] > git for-each-ref --sort -committerdate --format %(refname) %(objectname) %(*objectname) [4ms]
[2022-10-23T17:23:00.837Z] > git remote --verbose [1ms]
[2022-10-23T17:23:00.861Z] > git config --get commit.template [1ms]
[2022-10-23T17:23:05.876Z] > git status -z -uall [4ms]
[2022-10-23T17:23:05.882Z] > git symbolic-ref --short HEAD [2ms]
[2022-10-23T17:23:05.889Z] > git for-each-ref --format=%(refname)%00%(upstream:short)%00%(objectname)%00%(upstream:track)%00%(upstream:remotename)%00%(upstream:remoteref) refs/heads/main refs/remotes/main [1ms]
[2022-10-23T17:23:05.902Z] > git for-each-ref --sort -committerdate --format %(refname) %(objectname) %(*objectname) [7ms]
[2022-10-23T17:23:05.902Z] > git remote --verbose [1ms]
[2022-10-23T17:23:05.918Z] > git config --get commit.template [1ms]
[2022-10-23T17:23:10.931Z] > git status -z -uall [5ms]
[2022-10-23T17:23:10.938Z] > git symbolic-ref --short HEAD [1ms]
[2022-10-23T17:23:10.945Z] > git for-each-ref --format=%(refname)%00%(upstream:short)%00%(objectname)%00%(upstream:track)%00%(upstream:remotename)%00%(upstream:remoteref) refs/heads/main refs/remotes/main [2ms]
[2022-10-23T17:23:10.956Z] > git for-each-ref --sort -committerdate --format %(refname) %(objectname) %(*objectname) [6ms]
[2022-10-23T17:23:10.957Z] > git remote --verbose [2ms]
[2022-10-23T17:23:10.980Z] > git config --get commit.template [1ms]
[2022-10-23T17:23:15.994Z] > git status -z -uall [6ms]
[2022-10-23T17:23:15.999Z] > git symbolic-ref --short HEAD [1ms]
[2022-10-23T17:23:16.003Z] > git for-each-ref --format=%(refname)%00%(upstream:short)%00%(objectname)%00%(upstream:track)%00%(upstream:remotename)%00%(upstream:remoteref) refs/heads/main refs/remotes/main [1ms]
[2022-10-23T17:23:16.011Z] > git for-each-ref --sort -committerdate --format %(refname) %(objectname) %(*objectname) [5ms]
[2022-10-23T17:23:16.012Z] > git remote --verbose [1ms]
[2022-10-23T17:23:16.033Z] > git config --get commit.template [1ms]
[2022-10-23T17:23:21.047Z] > git status -z -uall [6ms]
[2022-10-23T17:23:21.054Z] > git symbolic-ref --short HEAD [1ms]
[2022-10-23T17:23:21.062Z] > git for-each-ref --format=%(refname)%00%(upstream:short)%00%(objectname)%00%(upstream:track)%00%(upstream:remotename)%00%(upstream:remoteref) refs/heads/main refs/remotes/main [2ms]
[2022-10-23T17:23:21.072Z] > git for-each-ref --sort -committerdate --format %(refname) %(objectname) %(*objectname) [5ms]
[2022-10-23T17:23:21.073Z] > git remote --verbose [2ms]
[2022-10-23T17:23:21.092Z] > git config --get commit.template [1ms]
[2022-10-23T17:23:26.100Z] > git status -z -uall [4ms]
[2022-10-23T17:23:26.106Z] > git symbolic-ref --short HEAD [1ms]
[2022-10-23T17:23:26.110Z] > git for-each-ref --format=%(refname)%00%(upstream:short)%00%(objectname)%00%(upstream:track)%00%(upstream:remotename)%00%(upstream:remoteref) refs/heads/main refs/remotes/main [1ms]
[2022-10-23T17:23:26.117Z] > git for-each-ref --sort -committerdate --format %(refname) %(objectname) %(*objectname) [3ms]
[2022-10-23T17:23:26.117Z] > git remote --verbose [1ms]
[2022-10-23T17:23:26.129Z] > git config --get commit.template [1ms]
[2022-10-23T17:23:31.144Z] > git status -z -uall [5ms]
[2022-10-23T17:23:31.151Z] > git symbolic-ref --short HEAD [1ms]
[2022-10-23T17:23:31.159Z] > git for-each-ref --format=%(refname)%00%(upstream:short)%00%(objectname)%00%(upstream:track)%00%(upstream:remotename)%00%(upstream:remoteref) refs/heads/main refs/remotes/main [2ms]
[2022-10-23T17:23:31.169Z] > git for-each-ref --sort -committerdate --format %(refname) %(objectname) %(*objectname) [5ms]
[2022-10-23T17:23:31.170Z] > git remote --verbose [2ms]
[2022-10-23T17:23:31.195Z] > git config --get commit.template [1ms]
[2022-10-23T17:23:36.208Z] > git status -z -uall [4ms]
[2022-10-23T17:23:36.215Z] > git symbolic-ref --short HEAD [1ms]
[2022-10-23T17:23:36.222Z] > git for-each-ref --format=%(refname)%00%(upstream:short)%00%(objectname)%00%(upstream:track)%00%(upstream:remotename)%00%(upstream:remoteref) refs/heads/main refs/remotes/main [1ms]
[2022-10-23T17:23:36.233Z] > git for-each-ref --sort -committerdate --format %(refname) %(objectname) %(*objectname) [6ms]
[2022-10-23T17:23:36.233Z] > git remote --verbose [1ms]
[2022-10-23T17:23:36.259Z] > git config --get commit.template [1ms]
[2022-10-23T17:23:41.274Z] > git status -z -uall [6ms]
[2022-10-23T17:23:41.281Z] > git symbolic-ref --short HEAD [1ms]
[2022-10-23T17:23:41.290Z] > git for-each-ref --format=%(refname)%00%(upstream:short)%00%(objectname)%00%(upstream:track)%00%(upstream:remotename)%00%(upstream:remoteref) refs/heads/main refs/remotes/main [2ms]
[2022-10-23T17:23:41.302Z] > git for-each-ref --sort -committerdate --format %(refname) %(objectname) %(*objectname) [5ms]
[2022-10-23T17:23:41.303Z] > git remote --verbose [1ms]
[2022-10-23T17:23:41.321Z] > git config --get commit.template [1ms]
[2022-10-23T17:24:00.582Z] > git status -z -uall [4ms]
[2022-10-23T17:24:00.589Z] > git symbolic-ref --short HEAD [1ms]
[2022-10-23T17:24:00.596Z] > git for-each-ref --format=%(refname)%00%(upstream:short)%00%(objectname)%00%(upstream:track)%00%(upstream:remotename)%00%(upstream:remoteref) refs/heads/main refs/remotes/main [1ms]
[2022-10-23T17:24:00.607Z] > git for-each-ref --sort -committerdate --format %(refname) %(objectname) %(*objectname) [7ms]
[2022-10-23T17:24:00.607Z] > git remote --verbose [1ms]
[2022-10-23T17:24:00.629Z] > git config --get commit.template [1ms]
[2022-10-23T17:24:05.642Z] > git status -z -uall [5ms]
[2022-10-23T17:24:05.649Z] > git symbolic-ref --short HEAD [1ms]
[2022-10-23T17:24:05.657Z] > git for-each-ref --format=%(refname)%00%(upstream:short)%00%(objectname)%00%(upstream:track)%00%(upstream:remotename)%00%(upstream:remoteref) refs/heads/main refs/remotes/main [2ms]
[2022-10-23T17:24:05.664Z] > git for-each-ref --sort -committerdate --format %(refname) %(objectname) %(*objectname) [4ms]
[2022-10-23T17:24:05.665Z] > git remote --verbose [1ms]
[2022-10-23T17:24:05.677Z] > git config --get commit.template [1ms]
[2022-10-23T17:24:10.691Z] > git status -z -uall [5ms]
[2022-10-23T17:24:10.698Z] > git symbolic-ref --short HEAD [1ms]
[2022-10-23T17:24:10.706Z] > git for-each-ref --format=%(refname)%00%(upstream:short)%00%(objectname)%00%(upstream:track)%00%(upstream:remotename)%00%(upstream:remoteref) refs/heads/main refs/remotes/main [2ms]
[2022-10-23T17:24:10.718Z] > git for-each-ref --sort -committerdate --format %(refname) %(objectname) %(*objectname) [6ms]
[2022-10-23T17:24:10.719Z] > git remote --verbose [2ms]
[2022-10-23T17:24:10.744Z] > git config --get commit.template [1ms]
[2022-10-23T17:24:15.754Z] > git status -z -uall [5ms]
[2022-10-23T17:24:15.758Z] > git symbolic-ref --short HEAD [1ms]
[2022-10-23T17:24:15.762Z] > git for-each-ref --format=%(refname)%00%(upstream:short)%00%(objectname)%00%(upstream:track)%00%(upstream:remotename)%00%(upstream:remoteref) refs/heads/main refs/remotes/main [2ms]
[2022-10-23T17:24:15.768Z] > git for-each-ref --sort -committerdate --format %(refname) %(objectname) %(*objectname) [4ms]
[2022-10-23T17:24:15.768Z] > git remote --verbose [1ms]
[2022-10-23T17:24:15.781Z] > git config --get commit.template [1ms]
[2022-10-23T17:24:20.796Z] > git status -z -uall [5ms]
[2022-10-23T17:24:20.803Z] > git symbolic-ref --short HEAD [1ms]
[2022-10-23T17:24:20.810Z] > git for-each-ref --format=%(refname)%00%(upstream:short)%00%(objectname)%00%(upstream:track)%00%(upstream:remotename)%00%(upstream:remoteref) refs/heads/main refs/remotes/main [1ms]
[2022-10-23T17:24:20.821Z] > git for-each-ref --sort -committerdate --format %(refname) %(objectname) %(*objectname) [5ms]
[2022-10-23T17:24:20.821Z] > git remote --verbose [1ms]
[2022-10-23T17:24:20.833Z] > git config --get commit.template [1ms]
[2022-10-23T17:24:25.847Z] > git status -z -uall [6ms]
[2022-10-23T17:24:25.855Z] > git symbolic-ref --short HEAD [2ms]
[2022-10-23T17:24:25.862Z] > git for-each-ref --format=%(refname)%00%(upstream:short)%00%(objectname)%00%(upstream:track)%00%(upstream:remotename)%00%(upstream:remoteref) refs/heads/main refs/remotes/main [2ms]
[2022-10-23T17:24:25.871Z] > git for-each-ref --sort -committerdate --format %(refname) %(objectname) %(*objectname) [4ms]
[2022-10-23T17:24:25.872Z] > git remote --verbose [1ms]
[2022-10-23T17:24:25.895Z] > git config --get commit.template [1ms]
[2022-10-23T17:24:30.910Z] > git status -z -uall [6ms]
[2022-10-23T17:24:30.915Z] > git symbolic-ref --short HEAD [1ms]
[2022-10-23T17:24:30.920Z] > git for-each-ref --format=%(refname)%00%(upstream:short)%00%(objectname)%00%(upstream:track)%00%(upstream:remotename)%00%(upstream:remoteref) refs/heads/main refs/remotes/main [2ms]
[2022-10-23T17:24:30.931Z] > git for-each-ref --sort -committerdate --format %(refname) %(objectname) %(*objectname) [5ms]
[2022-10-23T17:24:30.931Z] > git remote --verbose [2ms]
[2022-10-23T17:24:30.956Z] > git config --get commit.template [1ms]
[2022-10-23T17:24:35.965Z] > git status -z -uall [4ms]
[2022-10-23T17:24:35.973Z] > git symbolic-ref --short HEAD [2ms]
[2022-10-23T17:24:35.981Z] > git for-each-ref --format=%(refname)%00%(upstream:short)%00%(objectname)%00%(upstream:track)%00%(upstream:remotename)%00%(upstream:remoteref) refs/heads/main refs/remotes/main [2ms]
[2022-10-23T17:24:35.995Z] > git for-each-ref --sort -committerdate --format %(refname) %(objectname) %(*objectname) [7ms]
[2022-10-23T17:24:35.996Z] > git remote --verbose [1ms]
[2022-10-23T17:24:36.013Z] > git config --get commit.template [1ms]
[2022-10-23T17:24:41.026Z] > git status -z -uall [5ms]
[2022-10-23T17:24:41.033Z] > git symbolic-ref --short HEAD [1ms]
[2022-10-23T17:24:41.039Z] > git for-each-ref --format=%(refname)%00%(upstream:short)%00%(objectname)%00%(upstream:track)%00%(upstream:remotename)%00%(upstream:remoteref) refs/heads/main refs/remotes/main [1ms]
[2022-10-23T17:24:41.045Z] > git for-each-ref --sort -committerdate --format %(refname) %(objectname) %(*objectname) [3ms]
[2022-10-23T17:24:41.046Z] > git remote --verbose [1ms]
[2022-10-23T17:24:41.058Z] > git config --get commit.template [1ms]
[2022-10-23T17:24:46.070Z] > git status -z -uall [5ms]
[2022-10-23T17:24:46.075Z] > git symbolic-ref --short HEAD [1ms]
[2022-10-23T17:24:46.082Z] > git for-each-ref --format=%(refname)%00%(upstream:short)%00%(objectname)%00%(upstream:track)%00%(upstream:remotename)%00%(upstream:remoteref) refs/heads/main refs/remotes/main [1ms]
[2022-10-23T17:24:46.090Z] > git for-each-ref --sort -committerdate --format %(refname) %(objectname) %(*objectname) [4ms]
[2022-10-23T17:24:46.090Z] > git remote --verbose [1ms]
[2022-10-23T17:24:46.104Z] > git config --get commit.template [2ms]
[2022-10-23T17:24:51.117Z] > git status -z -uall [5ms]
[2022-10-23T17:24:51.128Z] > git symbolic-ref --short HEAD [2ms]
[2022-10-23T17:24:51.135Z] > git for-each-ref --format=%(refname)%00%(upstream:short)%00%(objectname)%00%(upstream:track)%00%(upstream:remotename)%00%(upstream:remoteref) refs/heads/main refs/remotes/main [2ms]
[2022-10-23T17:24:51.147Z] > git for-each-ref --sort -committerdate --format %(refname) %(objectname) %(*objectname) [6ms]
[2022-10-23T17:24:51.148Z] > git remote --verbose [2ms]
[2022-10-23T17:24:51.175Z] > git config --get commit.template [5ms]
[2022-10-23T17:24:56.190Z] > git status -z -uall [5ms]
[2022-10-23T17:24:56.198Z] > git symbolic-ref --short HEAD [1ms]
[2022-10-23T17:24:56.203Z] > git for-each-ref --format=%(refname)%00%(upstream:short)%00%(objectname)%00%(upstream:track)%00%(upstream:remotename)%00%(upstream:remoteref) refs/heads/main refs/remotes/main [1ms]
[2022-10-23T17:24:56.209Z] > git for-each-ref --sort -committerdate --format %(refname) %(objectname) %(*objectname) [3ms]
[2022-10-23T17:24:56.210Z] > git remote --verbose [1ms]
[2022-10-23T17:24:56.225Z] > git config --get commit.template [5ms]
[2022-10-23T17:25:01.236Z] > git status -z -uall [4ms]
[2022-10-23T17:25:01.241Z] > git symbolic-ref --short HEAD [1ms]
[2022-10-23T17:25:01.246Z] > git for-each-ref --format=%(refname)%00%(upstream:short)%00%(objectname)%00%(upstream:track)%00%(upstream:remotename)%00%(upstream:remoteref) refs/heads/main refs/remotes/main [1ms]
[2022-10-23T17:25:01.254Z] > git for-each-ref --sort -committerdate --format %(refname) %(objectname) %(*objectname) [5ms]
[2022-10-23T17:25:01.254Z] > git remote --verbose [1ms]
[2022-10-23T17:25:01.269Z] > git config --get commit.template [1ms]
[2022-10-23T17:25:06.282Z] > git status -z -uall [4ms]
[2022-10-23T17:25:06.292Z] > git symbolic-ref --short HEAD [1ms]
[2022-10-23T17:25:06.299Z] > git for-each-ref --format=%(refname)%00%(upstream:short)%00%(objectname)%00%(upstream:track)%00%(upstream:remotename)%00%(upstream:remoteref) refs/heads/main refs/remotes/main [1ms]
[2022-10-23T17:25:06.311Z] > git for-each-ref --sort -committerdate --format %(refname) %(objectname) %(*objectname) [6ms]
[2022-10-23T17:25:06.311Z] > git remote --verbose [1ms]
[2022-10-23T17:25:06.325Z] > git config --get commit.template [3ms]
[2022-10-23T17:25:11.336Z] > git status -z -uall [4ms]
[2022-10-23T17:25:11.344Z] > git symbolic-ref --short HEAD [2ms]
[2022-10-23T17:25:11.352Z] > git for-each-ref --format=%(refname)%00%(upstream:short)%00%(objectname)%00%(upstream:track)%00%(upstream:remotename)%00%(upstream:remoteref) refs/heads/main refs/remotes/main [2ms]
[2022-10-23T17:25:11.363Z] > git for-each-ref --sort -committerdate --format %(refname) %(objectname) %(*objectname) [5ms]
[2022-10-23T17:25:11.363Z] > git remote --verbose [1ms]
[2022-10-23T17:25:11.388Z] > git config --get commit.template [1ms]
[2022-10-23T17:25:16.402Z] > git status -z -uall [5ms]
[2022-10-23T17:25:16.413Z] > git symbolic-ref --short HEAD [2ms]
[2022-10-23T17:25:16.420Z] > git for-each-ref --format=%(refname)%00%(upstream:short)%00%(objectname)%00%(upstream:track)%00%(upstream:remotename)%00%(upstream:remoteref) refs/heads/main refs/remotes/main [1ms]
[2022-10-23T17:25:16.429Z] > git for-each-ref --sort -committerdate --format %(refname) %(objectname) %(*objectname) [5ms]
[2022-10-23T17:25:16.429Z] > git remote --verbose [1ms]
[2022-10-23T17:25:16.440Z] > git config --get commit.template [1ms]
[2022-10-23T17:25:21.450Z] > git status -z -uall [4ms]
[2022-10-23T17:25:21.458Z] > git symbolic-ref --short HEAD [1ms]
[2022-10-23T17:25:21.464Z] > git for-each-ref --format=%(refname)%00%(upstream:short)%00%(objectname)%00%(upstream:track)%00%(upstream:remotename)%00%(upstream:remoteref) refs/heads/main refs/remotes/main [1ms]
[2022-10-23T17:25:21.475Z] > git for-each-ref --sort -committerdate --format %(refname) %(objectname) %(*objectname) [5ms]
[2022-10-23T17:25:21.475Z] > git remote --verbose [1ms]
[2022-10-23T17:25:21.497Z] > git config --get commit.template [1ms]
[2022-10-23T17:25:26.513Z] > git status -z -uall [6ms]
[2022-10-23T17:25:26.523Z] > git symbolic-ref --short HEAD [2ms]
[2022-10-23T17:25:26.532Z] > git for-each-ref --format=%(refname)%00%(upstream:short)%00%(objectname)%00%(upstream:track)%00%(upstream:remotename)%00%(upstream:remoteref) refs/heads/main refs/remotes/main [2ms]
[2022-10-23T17:25:26.543Z] > git for-each-ref --sort -committerdate --format %(refname) %(objectname) %(*objectname) [5ms]
[2022-10-23T17:25:26.544Z] > git remote --verbose [2ms]
[2022-10-23T17:25:26.562Z] > git config --get commit.template [2ms]
[2022-10-23T17:25:31.577Z] > git status -z -uall [5ms]
[2022-10-23T17:25:31.586Z] > git symbolic-ref --short HEAD [2ms]
[2022-10-23T17:25:31.593Z] > git for-each-ref --format=%(refname)%00%(upstream:short)%00%(objectname)%00%(upstream:track)%00%(upstream:remotename)%00%(upstream:remoteref) refs/heads/main refs/remotes/main [2ms]
[2022-10-23T17:25:31.602Z] > git for-each-ref --sort -committerdate --format %(refname) %(objectname) %(*objectname) [4ms]
[2022-10-23T17:25:31.603Z] > git remote --verbose [2ms]
[2022-10-23T17:25:31.623Z] > git config --get commit.template [2ms]
[2022-10-23T17:25:39.478Z] > git status -z -uall [5ms]
[2022-10-23T17:25:39.484Z] > git symbolic-ref --short HEAD [1ms]
[2022-10-23T17:25:39.492Z] > git for-each-ref --format=%(refname)%00%(upstream:short)%00%(objectname)%00%(upstream:track)%00%(upstream:remotename)%00%(upstream:remoteref) refs/heads/main refs/remotes/main [2ms]
[2022-10-23T17:25:39.502Z] > git for-each-ref --sort -committerdate --format %(refname) %(objectname) %(*objectname) [5ms]
[2022-10-23T17:25:39.503Z] > git remote --verbose [1ms]
[2022-10-23T17:25:39.519Z] > git config --get commit.template [2ms]
[2022-10-23T17:25:45.198Z] > git status -z -uall [5ms]
[2022-10-23T17:25:45.206Z] > git symbolic-ref --short HEAD [1ms]
[2022-10-23T17:25:45.214Z] > git for-each-ref --format=%(refname)%00%(upstream:short)%00%(objectname)%00%(upstream:track)%00%(upstream:remotename)%00%(upstream:remoteref) refs/heads/main refs/remotes/main [2ms]
[2022-10-23T17:25:45.228Z] > git for-each-ref --sort -committerdate --format %(refname) %(objectname) %(*objectname) [7ms]
[2022-10-23T17:25:45.229Z] > git remote --verbose [1ms]
[2022-10-23T17:25:45.248Z] > git config --get commit.template [3ms]
[2022-10-23T17:25:50.257Z] > git status -z -uall [5ms]
[2022-10-23T17:25:50.261Z] > git symbolic-ref --short HEAD [1ms]
[2022-10-23T17:25:50.267Z] > git for-each-ref --format=%(refname)%00%(upstream:short)%00%(objectname)%00%(upstream:track)%00%(upstream:remotename)%00%(upstream:remoteref) refs/heads/main refs/remotes/main [2ms]
[2022-10-23T17:25:50.275Z] > git for-each-ref --sort -committerdate --format %(refname) %(objectname) %(*objectname) [5ms]
[2022-10-23T17:25:50.275Z] > git remote --verbose [1ms]
[2022-10-23T17:25:50.289Z] > git config --get commit.template [2ms]
[2022-10-23T17:25:55.301Z] > git status -z -uall [6ms]
[2022-10-23T17:25:55.308Z] > git symbolic-ref --short HEAD [1ms]
[2022-10-23T17:25:55.314Z] > git for-each-ref --format=%(refname)%00%(upstream:short)%00%(objectname)%00%(upstream:track)%00%(upstream:remotename)%00%(upstream:remoteref) refs/heads/main refs/remotes/main [2ms]
[2022-10-23T17:25:55.323Z] > git for-each-ref --sort -committerdate --format %(refname) %(objectname) %(*objectname) [4ms]
[2022-10-23T17:25:55.323Z] > git remote --verbose [1ms]
[2022-10-23T17:25:55.343Z] > git config --get commit.template [1ms]
[2022-10-23T17:26:00.360Z] > git status -z -uall [5ms]
[2022-10-23T17:26:00.370Z] > git symbolic-ref --short HEAD [2ms]
[2022-10-23T17:26:00.377Z] > git for-each-ref --format=%(refname)%00%(upstream:short)%00%(objectname)%00%(upstream:track)%00%(upstream:remotename)%00%(upstream:remoteref) refs/heads/main refs/remotes/main [2ms]
[2022-10-23T17:26:00.389Z] > git for-each-ref --sort -committerdate --format %(refname) %(objectname) %(*objectname) [5ms]
[2022-10-23T17:26:00.389Z] > git remote --verbose [1ms]
[2022-10-23T17:26:00.401Z] > git config --get commit.template [1ms]
[2022-10-23T17:26:07.918Z] > git status -z -uall [4ms]
[2022-10-23T17:26:07.927Z] > git symbolic-ref --short HEAD [1ms]
[2022-10-23T17:26:07.934Z] > git for-each-ref --format=%(refname)%00%(upstream:short)%00%(objectname)%00%(upstream:track)%00%(upstream:remotename)%00%(upstream:remoteref) refs/heads/main refs/remotes/main [1ms]
[2022-10-23T17:26:07.947Z] > git for-each-ref --sort -committerdate --format %(refname) %(objectname) %(*objectname) [7ms]
[2022-10-23T17:26:07.948Z] > git remote --verbose [1ms]
[2022-10-23T17:26:07.964Z] > git config --get commit.template [2ms]
[2022-10-23T17:26:12.972Z] > git status -z -uall [4ms]
[2022-10-23T17:26:12.978Z] > git symbolic-ref --short HEAD [1ms]
[2022-10-23T17:26:12.986Z] > git for-each-ref --format=%(refname)%00%(upstream:short)%00%(objectname)%00%(upstream:track)%00%(upstream:remotename)%00%(upstream:remoteref) refs/heads/main refs/remotes/main [2ms]
[2022-10-23T17:26:12.996Z] > git for-each-ref --sort -committerdate --format %(refname) %(objectname) %(*objectname) [5ms]
[2022-10-23T17:26:12.997Z] > git remote --verbose [2ms]
[2022-10-23T17:26:13.016Z] > git config --get commit.template [1ms]
[2022-10-23T17:26:18.025Z] > git status -z -uall [5ms]
[2022-10-23T17:26:18.030Z] > git symbolic-ref --short HEAD [1ms]
[2022-10-23T17:26:18.035Z] > git for-each-ref --format=%(refname)%00%(upstream:short)%00%(objectname)%00%(upstream:track)%00%(upstream:remotename)%00%(upstream:remoteref) refs/heads/main refs/remotes/main [1ms]
[2022-10-23T17:26:18.042Z] > git for-each-ref --sort -committerdate --format %(refname) %(objectname) %(*objectname) [4ms]
[2022-10-23T17:26:18.042Z] > git remote --verbose [1ms]
[2022-10-23T17:26:18.055Z] > git config --get commit.template [0ms]
[2022-10-23T17:26:23.071Z] > git status -z -uall [6ms]
[2022-10-23T17:26:23.083Z] > git symbolic-ref --short HEAD [1ms]
[2022-10-23T17:26:23.093Z] > git for-each-ref --format=%(refname)%00%(upstream:short)%00%(objectname)%00%(upstream:track)%00%(upstream:remotename)%00%(upstream:remoteref) refs/heads/main refs/remotes/main [1ms]
[2022-10-23T17:26:23.103Z] > git for-each-ref --sort -committerdate --format %(refname) %(objectname) %(*objectname) [5ms]
[2022-10-23T17:26:23.104Z] > git remote --verbose [1ms]
[2022-10-23T17:26:23.117Z] > git config --get commit.template [1ms]
[2022-10-23T17:26:28.130Z] > git status -z -uall [5ms]
[2022-10-23T17:26:28.139Z] > git symbolic-ref --short HEAD [2ms]
[2022-10-23T17:26:28.146Z] > git for-each-ref --format=%(refname)%00%(upstream:short)%00%(objectname)%00%(upstream:track)%00%(upstream:remotename)%00%(upstream:remoteref) refs/heads/main refs/remotes/main [2ms]
[2022-10-23T17:26:28.155Z] > git for-each-ref --sort -committerdate --format %(refname) %(objectname) %(*objectname) [4ms]
[2022-10-23T17:26:28.155Z] > git remote --verbose [0ms]
[2022-10-23T17:26:28.167Z] > git config --get commit.template [0ms]
[2022-10-23T17:27:51.022Z] > git status -z -uall [5ms]
[2022-10-23T17:27:51.028Z] > git symbolic-ref --short HEAD [1ms]
[2022-10-23T17:27:51.034Z] > git for-each-ref --format=%(refname)%00%(upstream:short)%00%(objectname)%00%(upstream:track)%00%(upstream:remotename)%00%(upstream:remoteref) refs/heads/main refs/remotes/main [1ms]
[2022-10-23T17:27:51.044Z] > git for-each-ref --sort -committerdate --format %(refname) %(objectname) %(*objectname) [4ms]
[2022-10-23T17:27:51.045Z] > git remote --verbose [1ms]
[2022-10-23T17:27:51.059Z] > git config --get commit.template [1ms]
[2022-10-23T17:27:56.070Z] > git status -z -uall [5ms]
[2022-10-23T17:27:56.077Z] > git symbolic-ref --short HEAD [1ms]
[2022-10-23T17:27:56.084Z] > git for-each-ref --format=%(refname)%00%(upstream:short)%00%(objectname)%00%(upstream:track)%00%(upstream:remotename)%00%(upstream:remoteref) refs/heads/main refs/remotes/main [1ms]
[2022-10-23T17:27:56.094Z] > git for-each-ref --sort -committerdate --format %(refname) %(objectname) %(*objectname) [4ms]
[2022-10-23T17:27:56.095Z] > git remote --verbose [1ms]
[2022-10-23T17:27:56.123Z] > git config --get commit.template [1ms]
[2022-10-23T17:28:01.131Z] > git status -z -uall [4ms]
[2022-10-23T17:28:01.138Z] > git symbolic-ref --short HEAD [1ms]
[2022-10-23T17:28:01.145Z] > git for-each-ref --format=%(refname)%00%(upstream:short)%00%(objectname)%00%(upstream:track)%00%(upstream:remotename)%00%(upstream:remoteref) refs/heads/main refs/remotes/main [1ms]
[2022-10-23T17:28:01.154Z] > git for-each-ref --sort -committerdate --format %(refname) %(objectname) %(*objectname) [5ms]
[2022-10-23T17:28:01.154Z] > git remote --verbose [1ms]
[2022-10-23T17:28:01.166Z] > git config --get commit.template [1ms]
[2022-10-23T17:28:06.180Z] > git status -z -uall [5ms]
[2022-10-23T17:28:06.187Z] > git symbolic-ref --short HEAD [1ms]
[2022-10-23T17:28:06.192Z] > git for-each-ref --format=%(refname)%00%(upstream:short)%00%(objectname)%00%(upstream:track)%00%(upstream:remotename)%00%(upstream:remoteref) refs/heads/main refs/remotes/main [2ms]
[2022-10-23T17:28:06.199Z] > git for-each-ref --sort -committerdate --format %(refname) %(objectname) %(*objectname) [3ms]
[2022-10-23T17:28:06.200Z] > git remote --verbose [1ms]
[2022-10-23T17:28:06.212Z] > git config --get commit.template [1ms]
[2022-10-23T17:28:57.241Z] > git status -z -uall [5ms]
[2022-10-23T17:28:57.245Z] > git symbolic-ref --short HEAD [1ms]
[2022-10-23T17:28:57.251Z] > git for-each-ref --format=%(refname)%00%(upstream:short)%00%(objectname)%00%(upstream:track)%00%(upstream:remotename)%00%(upstream:remoteref) refs/heads/main refs/remotes/main [1ms]
[2022-10-23T17:28:57.259Z] > git for-each-ref --sort -committerdate --format %(refname) %(objectname) %(*objectname) [4ms]
[2022-10-23T17:28:57.260Z] > git remote --verbose [1ms]
[2022-10-23T17:28:57.272Z] > git config --get commit.template [1ms]
[2022-10-23T17:29:02.286Z] > git status -z -uall [5ms]
[2022-10-23T17:29:02.293Z] > git symbolic-ref --short HEAD [1ms]
[2022-10-23T17:29:02.299Z] > git for-each-ref --format=%(refname)%00%(upstream:short)%00%(objectname)%00%(upstream:track)%00%(upstream:remotename)%00%(upstream:remoteref) refs/heads/main refs/remotes/main [1ms]
[2022-10-23T17:29:02.310Z] > git for-each-ref --sort -committerdate --format %(refname) %(objectname) %(*objectname) [5ms]
[2022-10-23T17:29:02.310Z] > git remote --verbose [1ms]
[2022-10-23T17:29:02.332Z] > git config --get commit.template [1ms]
[2022-10-23T17:29:07.344Z] > git status -z -uall [5ms]
[2022-10-23T17:29:07.353Z] > git symbolic-ref --short HEAD [1ms]
[2022-10-23T17:29:07.360Z] > git for-each-ref --format=%(refname)%00%(upstream:short)%00%(objectname)%00%(upstream:track)%00%(upstream:remotename)%00%(upstream:remoteref) refs/heads/main refs/remotes/main [2ms]
[2022-10-23T17:29:07.372Z] > git for-each-ref --sort -committerdate --format %(refname) %(objectname) %(*objectname) [5ms]
[2022-10-23T17:29:07.373Z] > git remote --verbose [2ms]
[2022-10-23T17:29:07.388Z] > git config --get commit.template [1ms]
[2022-10-23T17:29:35.820Z] > git status -z -uall [5ms]
[2022-10-23T17:29:35.827Z] > git symbolic-ref --short HEAD [1ms]
[2022-10-23T17:29:35.834Z] > git for-each-ref --format=%(refname)%00%(upstream:short)%00%(objectname)%00%(upstream:track)%00%(upstream:remotename)%00%(upstream:remoteref) refs/heads/main refs/remotes/main [2ms]
[2022-10-23T17:29:35.843Z] > git for-each-ref --sort -committerdate --format %(refname) %(objectname) %(*objectname) [5ms]
[2022-10-23T17:29:35.843Z] > git remote --verbose [1ms]
[2022-10-23T17:29:35.861Z] > git config --get commit.template [1ms]
[2022-10-23T17:29:40.872Z] > git status -z -uall [4ms]
[2022-10-23T17:29:40.877Z] > git symbolic-ref --short HEAD [1ms]
[2022-10-23T17:29:40.882Z] > git for-each-ref --format=%(refname)%00%(upstream:short)%00%(objectname)%00%(upstream:track)%00%(upstream:remotename)%00%(upstream:remoteref) refs/heads/main refs/remotes/main [1ms]
[2022-10-23T17:29:40.889Z] > git for-each-ref --sort -committerdate --format %(refname) %(objectname) %(*objectname) [3ms]
[2022-10-23T17:29:40.889Z] > git remote --verbose [1ms]
[2022-10-23T17:29:40.904Z] > git config --get commit.template [1ms]
[2022-10-23T17:29:45.916Z] > git status -z -uall [5ms]
[2022-10-23T17:29:45.921Z] > git symbolic-ref --short HEAD [1ms]
[2022-10-23T17:29:45.927Z] > git for-each-ref --format=%(refname)%00%(upstream:short)%00%(objectname)%00%(upstream:track)%00%(upstream:remotename)%00%(upstream:remoteref) refs/heads/main refs/remotes/main [1ms]
[2022-10-23T17:29:45.935Z] > git for-each-ref --sort -committerdate --format %(refname) %(objectname) %(*objectname) [5ms]
[2022-10-23T17:29:45.935Z] > git remote --verbose [1ms]
[2022-10-23T17:29:45.948Z] > git config --get commit.template [1ms]
[2022-10-23T17:29:50.957Z] > git status -z -uall [4ms]
[2022-10-23T17:29:50.963Z] > git symbolic-ref --short HEAD [1ms]
[2022-10-23T17:29:50.969Z] > git for-each-ref --format=%(refname)%00%(upstream:short)%00%(objectname)%00%(upstream:track)%00%(upstream:remotename)%00%(upstream:remoteref) refs/heads/main refs/remotes/main [2ms]
[2022-10-23T17:29:50.975Z] > git for-each-ref --sort -committerdate --format %(refname) %(objectname) %(*objectname) [3ms]
[2022-10-23T17:29:50.976Z] > git remote --verbose [1ms]
[2022-10-23T17:29:50.988Z] > git config --get commit.template [2ms]
[2022-10-23T17:29:56.003Z] > git status -z -uall [6ms]
[2022-10-23T17:29:56.010Z] > git symbolic-ref --short HEAD [1ms]
[2022-10-23T17:29:56.016Z] > git for-each-ref --format=%(refname)%00%(upstream:short)%00%(objectname)%00%(upstream:track)%00%(upstream:remotename)%00%(upstream:remoteref) refs/heads/main refs/remotes/main [1ms]
[2022-10-23T17:29:56.023Z] > git for-each-ref --sort -committerdate --format %(refname) %(objectname) %(*objectname) [4ms]
[2022-10-23T17:29:56.023Z] > git remote --verbose [1ms]
[2022-10-23T17:29:56.035Z] > git config --get commit.template [1ms]
[2022-10-23T17:30:01.050Z] > git status -z -uall [5ms]
[2022-10-23T17:30:01.058Z] > git symbolic-ref --short HEAD [1ms]
[2022-10-23T17:30:01.064Z] > git for-each-ref --format=%(refname)%00%(upstream:short)%00%(objectname)%00%(upstream:track)%00%(upstream:remotename)%00%(upstream:remoteref) refs/heads/main refs/remotes/main [2ms]
[2022-10-23T17:30:01.073Z] > git for-each-ref --sort -committerdate --format %(refname) %(objectname) %(*objectname) [4ms]
[2022-10-23T17:30:01.074Z] > git remote --verbose [1ms]
[2022-10-23T17:30:01.089Z] > git config --get commit.template [1ms]
[2022-10-23T17:30:06.102Z] > git status -z -uall [6ms]
[2022-10-23T17:30:06.108Z] > git symbolic-ref --short HEAD [1ms]
[2022-10-23T17:30:06.115Z] > git for-each-ref --format=%(refname)%00%(upstream:short)%00%(objectname)%00%(upstream:track)%00%(upstream:remotename)%00%(upstream:remoteref) refs/heads/main refs/remotes/main [2ms]
[2022-10-23T17:30:06.123Z] > git for-each-ref --sort -committerdate --format %(refname) %(objectname) %(*objectname) [5ms]
[2022-10-23T17:30:06.123Z] > git remote --verbose [1ms]
[2022-10-23T17:30:06.134Z] > git config --get commit.template [0ms]
[2022-10-23T17:30:11.143Z] > git status -z -uall [4ms]
[2022-10-23T17:30:11.150Z] > git symbolic-ref --short HEAD [1ms]
[2022-10-23T17:30:11.157Z] > git for-each-ref --format=%(refname)%00%(upstream:short)%00%(objectname)%00%(upstream:track)%00%(upstream:remotename)%00%(upstream:remoteref) refs/heads/main refs/remotes/main [1ms]
[2022-10-23T17:30:11.166Z] > git for-each-ref --sort -committerdate --format %(refname) %(objectname) %(*objectname) [3ms]
[2022-10-23T17:30:11.167Z] > git remote --verbose [1ms]
[2022-10-23T17:30:11.178Z] > git config --get commit.template [1ms]
[2022-10-23T17:30:18.754Z] > git status -z -uall [5ms]
[2022-10-23T17:30:18.761Z] > git symbolic-ref --short HEAD [1ms]
[2022-10-23T17:30:18.768Z] > git for-each-ref --format=%(refname)%00%(upstream:short)%00%(objectname)%00%(upstream:track)%00%(upstream:remotename)%00%(upstream:remoteref) refs/heads/main refs/remotes/main [2ms]
[2022-10-23T17:30:18.781Z] > git for-each-ref --sort -committerdate --format %(refname) %(objectname) %(*objectname) [8ms]
[2022-10-23T17:30:18.781Z] > git remote --verbose [1ms]
[2022-10-23T17:30:18.798Z] > git config --get commit.template [1ms]
[2022-10-23T17:31:54.171Z] > git status -z -uall [4ms]
[2022-10-23T17:31:54.178Z] > git symbolic-ref --short HEAD [2ms]
[2022-10-23T17:31:54.187Z] > git for-each-ref --format=%(refname)%00%(upstream:short)%00%(objectname)%00%(upstream:track)%00%(upstream:remotename)%00%(upstream:remoteref) refs/heads/main refs/remotes/main [2ms]
[2022-10-23T17:31:54.198Z] > git for-each-ref --sort -committerdate --format %(refname) %(objectname) %(*objectname) [6ms]
[2022-10-23T17:31:54.199Z] > git remote --verbose [1ms]
[2022-10-23T17:31:54.216Z] > git config --get commit.template [1ms]
[2022-10-23T17:33:00.421Z] > git status -z -uall [5ms]
[2022-10-23T17:33:00.432Z] > git symbolic-ref --short HEAD [3ms]
[2022-10-23T17:33:00.437Z] > git for-each-ref --format=%(refname)%00%(upstream:short)%00%(objectname)%00%(upstream:track)%00%(upstream:remotename)%00%(upstream:remoteref) refs/heads/main refs/remotes/main [1ms]
[2022-10-23T17:33:00.448Z] > git for-each-ref --sort -committerdate --format %(refname) %(objectname) %(*objectname) [6ms]
[2022-10-23T17:33:00.449Z] > git remote --verbose [1ms]
[2022-10-23T17:33:00.467Z] > git config --get commit.template [2ms]
[2022-10-23T17:33:37.327Z] > git status -z -uall [5ms]
[2022-10-23T17:33:37.334Z] > git symbolic-ref --short HEAD [1ms]
[2022-10-23T17:33:37.341Z] > git for-each-ref --format=%(refname)%00%(upstream:short)%00%(objectname)%00%(upstream:track)%00%(upstream:remotename)%00%(upstream:remoteref) refs/heads/main refs/remotes/main [1ms]
[2022-10-23T17:33:37.350Z] > git for-each-ref --sort -committerdate --format %(refname) %(objectname) %(*objectname) [6ms]
[2022-10-23T17:33:37.351Z] > git remote --verbose [2ms]
[2022-10-23T17:33:37.364Z] > git config --get commit.template [1ms]
[2022-10-23T17:33:42.379Z] > git status -z -uall [5ms]
[2022-10-23T17:33:42.383Z] > git symbolic-ref --short HEAD [1ms]
[2022-10-23T17:33:42.389Z] > git for-each-ref --format=%(refname)%00%(upstream:short)%00%(objectname)%00%(upstream:track)%00%(upstream:remotename)%00%(upstream:remoteref) refs/heads/main refs/remotes/main [1ms]
[2022-10-23T17:33:42.396Z] > git for-each-ref --sort -committerdate --format %(refname) %(objectname) %(*objectname) [4ms]
[2022-10-23T17:33:42.396Z] > git remote --verbose [1ms]
[2022-10-23T17:33:42.408Z] > git config --get commit.template [1ms]
[2022-10-23T17:33:47.422Z] > git status -z -uall [4ms]
[2022-10-23T17:33:47.429Z] > git symbolic-ref --short HEAD [1ms]
[2022-10-23T17:33:47.437Z] > git for-each-ref --format=%(refname)%00%(upstream:short)%00%(objectname)%00%(upstream:track)%00%(upstream:remotename)%00%(upstream:remoteref) refs/heads/main refs/remotes/main [2ms]
[2022-10-23T17:33:47.448Z] > git for-each-ref --sort -committerdate --format %(refname) %(objectname) %(*objectname) [7ms]
[2022-10-23T17:33:47.448Z] > git remote --verbose [1ms]
[2022-10-23T17:33:47.472Z] > git config --get commit.template [2ms]
[2022-10-23T17:33:52.483Z] > git status -z -uall [5ms]
[2022-10-23T17:33:52.488Z] > git symbolic-ref --short HEAD [1ms]
[2022-10-23T17:33:52.492Z] > git for-each-ref --format=%(refname)%00%(upstream:short)%00%(objectname)%00%(upstream:track)%00%(upstream:remotename)%00%(upstream:remoteref) refs/heads/main refs/remotes/main [1ms]
[2022-10-23T17:33:52.499Z] > git for-each-ref --sort -committerdate --format %(refname) %(objectname) %(*objectname) [4ms]
[2022-10-23T17:33:52.499Z] > git remote --verbose [1ms]
[2022-10-23T17:33:52.512Z] > git config --get commit.template [1ms]
[2022-10-23T17:33:57.529Z] > git status -z -uall [6ms]
[2022-10-23T17:33:57.536Z] > git symbolic-ref --short HEAD [1ms]
[2022-10-23T17:33:57.543Z] > git for-each-ref --format=%(refname)%00%(upstream:short)%00%(objectname)%00%(upstream:track)%00%(upstream:remotename)%00%(upstream:remoteref) refs/heads/main refs/remotes/main [2ms]
[2022-10-23T17:33:57.553Z] > git for-each-ref --sort -committerdate --format %(refname) %(objectname) %(*objectname) [5ms]
[2022-10-23T17:33:57.553Z] > git remote --verbose [1ms]
[2022-10-23T17:33:57.571Z] > git config --get commit.template [1ms]
[2022-10-23T17:34:02.584Z] > git status -z -uall [5ms]
[2022-10-23T17:34:02.593Z] > git symbolic-ref --short HEAD [2ms]
[2022-10-23T17:34:02.602Z] > git for-each-ref --format=%(refname)%00%(upstream:short)%00%(objectname)%00%(upstream:track)%00%(upstream:remotename)%00%(upstream:remoteref) refs/heads/main refs/remotes/main [2ms]
[2022-10-23T17:34:02.611Z] > git for-each-ref --sort -committerdate --format %(refname) %(objectname) %(*objectname) [4ms]
[2022-10-23T17:34:02.611Z] > git remote --verbose [1ms]
[2022-10-23T17:34:02.637Z] > git config --get commit.template [1ms]
[2022-10-23T17:34:07.652Z] > git status -z -uall [5ms]
[2022-10-23T17:34:07.659Z] > git symbolic-ref --short HEAD [1ms]
[2022-10-23T17:34:07.669Z] > git for-each-ref --format=%(refname)%00%(upstream:short)%00%(objectname)%00%(upstream:track)%00%(upstream:remotename)%00%(upstream:remoteref) refs/heads/main refs/remotes/main [2ms]
[2022-10-23T17:34:07.681Z] > git for-each-ref --sort -committerdate --format %(refname) %(objectname) %(*objectname) [7ms]
[2022-10-23T17:34:07.682Z] > git remote --verbose [2ms]
[2022-10-23T17:34:07.706Z] > git config --get commit.template [1ms]
[2022-10-23T17:34:12.722Z] > git status -z -uall [5ms]
[2022-10-23T17:34:12.730Z] > git symbolic-ref --short HEAD [2ms]
[2022-10-23T17:34:12.737Z] > git for-each-ref --format=%(refname)%00%(upstream:short)%00%(objectname)%00%(upstream:track)%00%(upstream:remotename)%00%(upstream:remoteref) refs/heads/main refs/remotes/main [2ms]
[2022-10-23T17:34:12.748Z] > git for-each-ref --sort -committerdate --format %(refname) %(objectname) %(*objectname) [5ms]
[2022-10-23T17:34:12.749Z] > git remote --verbose [1ms]
[2022-10-23T17:34:12.779Z] > git config --get commit.template [1ms]
[2022-10-23T17:34:17.794Z] > git status -z -uall [6ms]
[2022-10-23T17:34:17.803Z] > git symbolic-ref --short HEAD [2ms]
[2022-10-23T17:34:17.810Z] > git for-each-ref --format=%(refname)%00%(upstream:short)%00%(objectname)%00%(upstream:track)%00%(upstream:remotename)%00%(upstream:remoteref) refs/heads/main refs/remotes/main [2ms]
[2022-10-23T17:34:17.821Z] > git for-each-ref --sort -committerdate --format %(refname) %(objectname) %(*objectname) [5ms]
[2022-10-23T17:34:17.821Z] > git remote --verbose [1ms]
[2022-10-23T17:34:17.847Z] > git config --get commit.template [1ms]
[2022-10-23T17:34:56.115Z] > git status -z -uall [7ms]
[2022-10-23T17:34:56.122Z] > git symbolic-ref --short HEAD [1ms]
[2022-10-23T17:34:56.129Z] > git for-each-ref --format=%(refname)%00%(upstream:short)%00%(objectname)%00%(upstream:track)%00%(upstream:remotename)%00%(upstream:remoteref) refs/heads/main refs/remotes/main [2ms]
[2022-10-23T17:34:56.140Z] > git for-each-ref --sort -committerdate --format %(refname) %(objectname) %(*objectname) [6ms]
[2022-10-23T17:34:56.141Z] > git remote --verbose [1ms]
[2022-10-23T17:34:56.157Z] > git config --get commit.template [1ms]
[2022-10-23T17:35:01.171Z] > git status -z -uall [5ms]
[2022-10-23T17:35:01.180Z] > git symbolic-ref --short HEAD [1ms]
[2022-10-23T17:35:01.186Z] > git for-each-ref --format=%(refname)%00%(upstream:short)%00%(objectname)%00%(upstream:track)%00%(upstream:remotename)%00%(upstream:remoteref) refs/heads/main refs/remotes/main [1ms]
[2022-10-23T17:35:01.196Z] > git for-each-ref --sort -committerdate --format %(refname) %(objectname) %(*objectname) [5ms]
[2022-10-23T17:35:01.197Z] > git remote --verbose [2ms]
[2022-10-23T17:35:01.223Z] > git config --get commit.template [1ms]
[2022-10-23T17:35:06.237Z] > git status -z -uall [5ms]
[2022-10-23T17:35:06.244Z] > git symbolic-ref --short HEAD [1ms]
[2022-10-23T17:35:06.252Z] > git for-each-ref --format=%(refname)%00%(upstream:short)%00%(objectname)%00%(upstream:track)%00%(upstream:remotename)%00%(upstream:remoteref) refs/heads/main refs/remotes/main [1ms]
[2022-10-23T17:35:06.262Z] > git for-each-ref --sort -committerdate --format %(refname) %(objectname) %(*objectname) [5ms]
[2022-10-23T17:35:06.262Z] > git remote --verbose [1ms]
[2022-10-23T17:35:06.274Z] > git config --get commit.template [1ms]
[2022-10-23T17:35:11.288Z] > git status -z -uall [6ms]
[2022-10-23T17:35:11.295Z] > git symbolic-ref --short HEAD [1ms]
[2022-10-23T17:35:11.302Z] > git for-each-ref --format=%(refname)%00%(upstream:short)%00%(objectname)%00%(upstream:track)%00%(upstream:remotename)%00%(upstream:remoteref) refs/heads/main refs/remotes/main [1ms]
[2022-10-23T17:35:11.312Z] > git for-each-ref --sort -committerdate --format %(refname) %(objectname) %(*objectname) [5ms]
[2022-10-23T17:35:11.313Z] > git remote --verbose [1ms]
[2022-10-23T17:35:11.340Z] > git config --get commit.template [1ms]
[2022-10-23T17:35:43.846Z] > git status -z -uall [4ms]
[2022-10-23T17:35:43.853Z] > git symbolic-ref --short HEAD [1ms]
[2022-10-23T17:35:43.863Z] > git for-each-ref --format=%(refname)%00%(upstream:short)%00%(objectname)%00%(upstream:track)%00%(upstream:remotename)%00%(upstream:remoteref) refs/heads/main refs/remotes/main [2ms]
[2022-10-23T17:35:43.877Z] > git for-each-ref --sort -committerdate --format %(refname) %(objectname) %(*objectname) [7ms]
[2022-10-23T17:35:43.878Z] > git remote --verbose [2ms]
[2022-10-23T17:35:43.893Z] > git config --get commit.template [2ms]
[2022-10-23T17:36:49.006Z] > git status -z -uall [4ms]
[2022-10-23T17:36:49.011Z] > git symbolic-ref --short HEAD [1ms]
[2022-10-23T17:36:49.016Z] > git for-each-ref --format=%(refname)%00%(upstream:short)%00%(objectname)%00%(upstream:track)%00%(upstream:remotename)%00%(upstream:remoteref) refs/heads/main refs/remotes/main [1ms]
[2022-10-23T17:36:49.024Z] > git for-each-ref --sort -committerdate --format %(refname) %(objectname) %(*objectname) [4ms]
[2022-10-23T17:36:49.025Z] > git remote --verbose [2ms]
[2022-10-23T17:36:49.041Z] > git config --get commit.template [2ms]
[2022-10-23T17:40:07.618Z] > git status -z -uall [5ms]
[2022-10-23T17:40:07.623Z] > git symbolic-ref --short HEAD [1ms]
[2022-10-23T17:40:07.630Z] > git for-each-ref --format=%(refname)%00%(upstream:short)%00%(objectname)%00%(upstream:track)%00%(upstream:remotename)%00%(upstream:remoteref) refs/heads/main refs/remotes/main [1ms]
[2022-10-23T17:40:07.639Z] > git for-each-ref --sort -committerdate --format %(refname) %(objectname) %(*objectname) [5ms]
[2022-10-23T17:40:07.639Z] > git remote --verbose [1ms]
[2022-10-23T17:40:07.654Z] > git config --get commit.template [1ms]
[2022-10-23T17:40:49.561Z] > git status -z -uall [6ms]
[2022-10-23T17:40:49.567Z] > git symbolic-ref --short HEAD [1ms]
[2022-10-23T17:40:49.572Z] > git for-each-ref --format=%(refname)%00%(upstream:short)%00%(objectname)%00%(upstream:track)%00%(upstream:remotename)%00%(upstream:remoteref) refs/heads/main refs/remotes/main [1ms]
[2022-10-23T17:40:49.581Z] > git for-each-ref --sort -committerdate --format %(refname) %(objectname) %(*objectname) [5ms]
[2022-10-23T17:40:49.581Z] > git remote --verbose [1ms]
[2022-10-23T17:40:49.595Z] > git config --get commit.template [1ms]
[2022-10-23T17:40:54.605Z] > git status -z -uall [5ms]
[2022-10-23T17:40:54.612Z] > git symbolic-ref --short HEAD [1ms]
[2022-10-23T17:40:54.618Z] > git for-each-ref --format=%(refname)%00%(upstream:short)%00%(objectname)%00%(upstream:track)%00%(upstream:remotename)%00%(upstream:remoteref) refs/heads/main refs/remotes/main [1ms]
[2022-10-23T17:40:54.628Z] > git for-each-ref --sort -committerdate --format %(refname) %(objectname) %(*objectname) [5ms]
[2022-10-23T17:40:54.629Z] > git remote --verbose [1ms]
[2022-10-23T17:40:54.646Z] > git config --get commit.template [1ms]
[2022-10-23T17:40:59.660Z] > git status -z -uall [5ms]
[2022-10-23T17:40:59.666Z] > git symbolic-ref --short HEAD [1ms]
[2022-10-23T17:40:59.672Z] > git for-each-ref --format=%(refname)%00%(upstream:short)%00%(objectname)%00%(upstream:track)%00%(upstream:remotename)%00%(upstream:remoteref) refs/heads/main refs/remotes/main [1ms]
[2022-10-23T17:40:59.679Z] > git for-each-ref --sort -committerdate --format %(refname) %(objectname) %(*objectname) [3ms]
[2022-10-23T17:40:59.680Z] > git remote --verbose [1ms]
[2022-10-23T17:40:59.695Z] > git config --get commit.template [4ms]
[2022-10-23T17:41:04.706Z] > git status -z -uall [5ms]
[2022-10-23T17:41:04.710Z] > git symbolic-ref --short HEAD [1ms]
[2022-10-23T17:41:04.716Z] > git for-each-ref --format=%(refname)%00%(upstream:short)%00%(objectname)%00%(upstream:track)%00%(upstream:remotename)%00%(upstream:remoteref) refs/heads/main refs/remotes/main [2ms]
[2022-10-23T17:41:04.722Z] > git for-each-ref --sort -committerdate --format %(refname) %(objectname) %(*objectname) [3ms]
[2022-10-23T17:41:04.722Z] > git remote --verbose [1ms]
[2022-10-23T17:41:04.733Z] > git config --get commit.template [0ms]
[2022-10-23T17:41:10.373Z] > git status -z -uall [7ms]
[2022-10-23T17:41:10.378Z] > git symbolic-ref --short HEAD [1ms]
[2022-10-23T17:41:10.384Z] > git for-each-ref --format=%(refname)%00%(upstream:short)%00%(objectname)%00%(upstream:track)%00%(upstream:remotename)%00%(upstream:remoteref) refs/heads/main refs/remotes/main [2ms]
[2022-10-23T17:41:10.393Z] > git for-each-ref --sort -committerdate --format %(refname) %(objectname) %(*objectname) [4ms]
[2022-10-23T17:41:10.393Z] > git remote --verbose [0ms]
[2022-10-23T17:41:10.409Z] > git config --get commit.template [1ms]
[2022-10-23T17:41:15.420Z] > git status -z -uall [5ms]
[2022-10-23T17:41:15.426Z] > git symbolic-ref --short HEAD [2ms]
[2022-10-23T17:41:15.432Z] > git for-each-ref --format=%(refname)%00%(upstream:short)%00%(objectname)%00%(upstream:track)%00%(upstream:remotename)%00%(upstream:remoteref) refs/heads/main refs/remotes/main [2ms]
[2022-10-23T17:41:15.439Z] > git for-each-ref --sort -committerdate --format %(refname) %(objectname) %(*objectname) [5ms]
[2022-10-23T17:41:15.439Z] > git remote --verbose [1ms]
[2022-10-23T17:41:15.451Z] > git config --get commit.template [1ms]
[2022-10-23T17:41:20.463Z] > git status -z -uall [5ms]
[2022-10-23T17:41:20.467Z] > git symbolic-ref --short HEAD [1ms]
[2022-10-23T17:41:20.473Z] > git for-each-ref --format=%(refname)%00%(upstream:short)%00%(objectname)%00%(upstream:track)%00%(upstream:remotename)%00%(upstream:remoteref) refs/heads/main refs/remotes/main [1ms]
[2022-10-23T17:41:20.479Z] > git for-each-ref --sort -committerdate --format %(refname) %(objectname) %(*objectname) [3ms]
[2022-10-23T17:41:20.479Z] > git remote --verbose [1ms]
[2022-10-23T17:41:20.491Z] > git config --get commit.template [1ms]
[2022-10-23T17:41:25.500Z] > git status -z -uall [5ms]
[2022-10-23T17:41:25.508Z] > git symbolic-ref --short HEAD [2ms]
[2022-10-23T17:41:25.514Z] > git for-each-ref --format=%(refname)%00%(upstream:short)%00%(objectname)%00%(upstream:track)%00%(upstream:remotename)%00%(upstream:remoteref) refs/heads/main refs/remotes/main [1ms]
[2022-10-23T17:41:25.525Z] > git for-each-ref --sort -committerdate --format %(refname) %(objectname) %(*objectname) [4ms]
[2022-10-23T17:41:25.526Z] > git remote --verbose [1ms]
[2022-10-23T17:41:25.551Z] > git config --get commit.template [2ms]
[2022-10-23T17:42:07.325Z] > git status -z -uall [5ms]
[2022-10-23T17:42:07.332Z] > git symbolic-ref --short HEAD [1ms]
[2022-10-23T17:42:07.338Z] > git for-each-ref --format=%(refname)%00%(upstream:short)%00%(objectname)%00%(upstream:track)%00%(upstream:remotename)%00%(upstream:remoteref) refs/heads/main refs/remotes/main [2ms]
[2022-10-23T17:42:07.347Z] > git for-each-ref --sort -committerdate --format %(refname) %(objectname) %(*objectname) [5ms]
[2022-10-23T17:42:07.348Z] > git remote --verbose [1ms]
[2022-10-23T17:42:07.364Z] > git config --get commit.template [1ms]
[2022-10-23T17:42:12.381Z] > git status -z -uall [7ms]
[2022-10-23T17:42:12.390Z] > git symbolic-ref --short HEAD [2ms]
[2022-10-23T17:42:12.400Z] > git for-each-ref --format=%(refname)%00%(upstream:short)%00%(objectname)%00%(upstream:track)%00%(upstream:remotename)%00%(upstream:remoteref) refs/heads/main refs/remotes/main [2ms]
[2022-10-23T17:42:12.412Z] > git for-each-ref --sort -committerdate --format %(refname) %(objectname) %(*objectname) [6ms]
[2022-10-23T17:42:12.412Z] > git remote --verbose [1ms]
[2022-10-23T17:42:12.435Z] > git config --get commit.template [8ms]
[2022-10-23T17:42:17.449Z] > git status -z -uall [4ms]
[2022-10-23T17:42:17.458Z] > git symbolic-ref --short HEAD [1ms]
[2022-10-23T17:42:17.469Z] > git for-each-ref --format=%(refname)%00%(upstream:short)%00%(objectname)%00%(upstream:track)%00%(upstream:remotename)%00%(upstream:remoteref) refs/heads/main refs/remotes/main [1ms]
[2022-10-23T17:42:17.479Z] > git for-each-ref --sort -committerdate --format %(refname) %(objectname) %(*objectname) [4ms]
[2022-10-23T17:42:17.480Z] > git remote --verbose [1ms]
[2022-10-23T17:42:17.502Z] > git config --get commit.template [1ms]
[2022-10-23T17:42:22.512Z] > git status -z -uall [5ms]
[2022-10-23T17:42:22.516Z] > git symbolic-ref --short HEAD [1ms]
[2022-10-23T17:42:22.521Z] > git for-each-ref --format=%(refname)%00%(upstream:short)%00%(objectname)%00%(upstream:track)%00%(upstream:remotename)%00%(upstream:remoteref) refs/heads/main refs/remotes/main [2ms]
[2022-10-23T17:42:22.531Z] > git for-each-ref --sort -committerdate --format %(refname) %(objectname) %(*objectname) [4ms]
[2022-10-23T17:42:22.532Z] > git remote --verbose [1ms]
[2022-10-23T17:42:22.553Z] > git config --get commit.template [1ms]
[2022-10-23T17:43:21.192Z] > git status -z -uall [5ms]
[2022-10-23T17:43:21.198Z] > git symbolic-ref --short HEAD [1ms]
[2022-10-23T17:43:21.203Z] > git for-each-ref --format=%(refname)%00%(upstream:short)%00%(objectname)%00%(upstream:track)%00%(upstream:remotename)%00%(upstream:remoteref) refs/heads/main refs/remotes/main [1ms]
[2022-10-23T17:43:21.213Z] > git for-each-ref --sort -committerdate --format %(refname) %(objectname) %(*objectname) [5ms]
[2022-10-23T17:43:21.213Z] > git remote --verbose [1ms]
[2022-10-23T17:43:21.229Z] > git config --get commit.template [1ms]
[2022-10-23T17:43:26.239Z] > git status -z -uall [5ms]
[2022-10-23T17:43:26.243Z] > git symbolic-ref --short HEAD [1ms]
[2022-10-23T17:43:26.248Z] > git for-each-ref --format=%(refname)%00%(upstream:short)%00%(objectname)%00%(upstream:track)%00%(upstream:remotename)%00%(upstream:remoteref) refs/heads/main refs/remotes/main [1ms]
[2022-10-23T17:43:26.254Z] > git for-each-ref --sort -committerdate --format %(refname) %(objectname) %(*objectname) [3ms]
[2022-10-23T17:43:26.255Z] > git remote --verbose [1ms]
[2022-10-23T17:43:26.267Z] > git config --get commit.template [1ms]
[2022-10-23T17:43:56.367Z] > git status -z -uall [4ms]
[2022-10-23T17:43:56.373Z] > git symbolic-ref --short HEAD [1ms]
[2022-10-23T17:43:56.380Z] > git for-each-ref --format=%(refname)%00%(upstream:short)%00%(objectname)%00%(upstream:track)%00%(upstream:remotename)%00%(upstream:remoteref) refs/heads/main refs/remotes/main [1ms]
[2022-10-23T17:43:56.393Z] > git for-each-ref --sort -committerdate --format %(refname) %(objectname) %(*objectname) [8ms]
[2022-10-23T17:43:56.393Z] > git remote --verbose [2ms]
[2022-10-23T17:43:56.411Z] > git config --get commit.template [2ms]
[2022-10-23T17:44:01.426Z] > git status -z -uall [5ms]
[2022-10-23T17:44:01.434Z] > git symbolic-ref --short HEAD [2ms]
[2022-10-23T17:44:01.438Z] > git for-each-ref --format=%(refname)%00%(upstream:short)%00%(objectname)%00%(upstream:track)%00%(upstream:remotename)%00%(upstream:remoteref) refs/heads/main refs/remotes/main [1ms]
[2022-10-23T17:44:01.445Z] > git for-each-ref --sort -committerdate --format %(refname) %(objectname) %(*objectname) [4ms]
[2022-10-23T17:44:01.446Z] > git remote --verbose [1ms]
[2022-10-23T17:44:01.459Z] > git config --get commit.template [1ms]
[2022-10-23T17:44:06.469Z] > git status -z -uall [4ms]
[2022-10-23T17:44:06.475Z] > git symbolic-ref --short HEAD [1ms]
[2022-10-23T17:44:06.480Z] > git for-each-ref --format=%(refname)%00%(upstream:short)%00%(objectname)%00%(upstream:track)%00%(upstream:remotename)%00%(upstream:remoteref) refs/heads/main refs/remotes/main [2ms]
[2022-10-23T17:44:06.487Z] > git for-each-ref --sort -committerdate --format %(refname) %(objectname) %(*objectname) [4ms]
[2022-10-23T17:44:06.487Z] > git remote --verbose [1ms]
[2022-10-23T17:44:06.501Z] > git config --get commit.template [2ms]
[2022-10-23T17:44:11.512Z] > git status -z -uall [4ms]
[2022-10-23T17:44:11.518Z] > git symbolic-ref --short HEAD [1ms]
[2022-10-23T17:44:11.527Z] > git for-each-ref --format=%(refname)%00%(upstream:short)%00%(objectname)%00%(upstream:track)%00%(upstream:remotename)%00%(upstream:remoteref) refs/heads/main refs/remotes/main [3ms]
[2022-10-23T17:44:11.543Z] > git for-each-ref --sort -committerdate --format %(refname) %(objectname) %(*objectname) [9ms]
[2022-10-23T17:44:11.544Z] > git remote --verbose [2ms]
[2022-10-23T17:44:11.563Z] > git config --get commit.template [1ms]
[2022-10-23T17:44:16.577Z] > git status -z -uall [5ms]
[2022-10-23T17:44:16.584Z] > git symbolic-ref --short HEAD [1ms]
[2022-10-23T17:44:16.591Z] > git for-each-ref --format=%(refname)%00%(upstream:short)%00%(objectname)%00%(upstream:track)%00%(upstream:remotename)%00%(upstream:remoteref) refs/heads/main refs/remotes/main [1ms]
[2022-10-23T17:44:16.598Z] > git for-each-ref --sort -committerdate --format %(refname) %(objectname) %(*objectname) [3ms]
[2022-10-23T17:44:16.599Z] > git remote --verbose [1ms]
[2022-10-23T17:44:16.614Z] > git config --get commit.template [4ms]
[2022-10-23T17:44:21.626Z] > git status -z -uall [5ms]
[2022-10-23T17:44:21.632Z] > git symbolic-ref --short HEAD [1ms]
[2022-10-23T17:44:21.636Z] > git for-each-ref --format=%(refname)%00%(upstream:short)%00%(objectname)%00%(upstream:track)%00%(upstream:remotename)%00%(upstream:remoteref) refs/heads/main refs/remotes/main [1ms]
[2022-10-23T17:44:21.646Z] > git for-each-ref --sort -committerdate --format %(refname) %(objectname) %(*objectname) [4ms]
[2022-10-23T17:44:21.646Z] > git remote --verbose [1ms]
[2022-10-23T17:44:21.669Z] > git config --get commit.template [2ms]
[2022-10-23T17:44:26.684Z] > git status -z -uall [5ms]
[2022-10-23T17:44:26.691Z] > git symbolic-ref --short HEAD [2ms]
[2022-10-23T17:44:26.697Z] > git for-each-ref --format=%(refname)%00%(upstream:short)%00%(objectname)%00%(upstream:track)%00%(upstream:remotename)%00%(upstream:remoteref) refs/heads/main refs/remotes/main [1ms]
[2022-10-23T17:44:26.705Z] > git for-each-ref --sort -committerdate --format %(refname) %(objectname) %(*objectname) [4ms]
[2022-10-23T17:44:26.706Z] > git remote --verbose [1ms]
[2022-10-23T17:44:26.720Z] > git config --get commit.template [1ms]
[2022-10-23T17:44:31.735Z] > git status -z -uall [6ms]
[2022-10-23T17:44:31.743Z] > git symbolic-ref --short HEAD [2ms]
[2022-10-23T17:44:31.752Z] > git for-each-ref --format=%(refname)%00%(upstream:short)%00%(objectname)%00%(upstream:track)%00%(upstream:remotename)%00%(upstream:remoteref) refs/heads/main refs/remotes/main [2ms]
[2022-10-23T17:44:31.762Z] > git for-each-ref --sort -committerdate --format %(refname) %(objectname) %(*objectname) [4ms]
[2022-10-23T17:44:31.763Z] > git remote --verbose [1ms]
[2022-10-23T17:44:31.782Z] > git config --get commit.template [3ms]
[2022-10-23T17:44:36.793Z] > git status -z -uall [5ms]
[2022-10-23T17:44:36.799Z] > git symbolic-ref --short HEAD [1ms]
[2022-10-23T17:44:36.804Z] > git for-each-ref --format=%(refname)%00%(upstream:short)%00%(objectname)%00%(upstream:track)%00%(upstream:remotename)%00%(upstream:remoteref) refs/heads/main refs/remotes/main [2ms]
[2022-10-23T17:44:36.811Z] > git for-each-ref --sort -committerdate --format %(refname) %(objectname) %(*objectname) [4ms]
[2022-10-23T17:44:36.812Z] > git remote --verbose [1ms]
[2022-10-23T17:44:36.825Z] > git config --get commit.template [3ms]
[2022-10-23T17:44:41.893Z] > git status -z -uall [4ms]
[2022-10-23T17:44:41.899Z] > git symbolic-ref --short HEAD [1ms]
[2022-10-23T17:44:41.906Z] > git for-each-ref --format=%(refname)%00%(upstream:short)%00%(objectname)%00%(upstream:track)%00%(upstream:remotename)%00%(upstream:remoteref) refs/heads/main refs/remotes/main [2ms]
[2022-10-23T17:44:41.919Z] > git for-each-ref --sort -committerdate --format %(refname) %(objectname) %(*objectname) [7ms]
[2022-10-23T17:44:41.919Z] > git remote --verbose [1ms]
[2022-10-23T17:44:41.933Z] > git config --get commit.template [1ms]
[2022-10-23T17:44:56.879Z] > git status -z -uall [7ms]
[2022-10-23T17:44:56.893Z] > git symbolic-ref --short HEAD [2ms]
[2022-10-23T17:44:56.905Z] > git for-each-ref --format=%(refname)%00%(upstream:short)%00%(objectname)%00%(upstream:track)%00%(upstream:remotename)%00%(upstream:remoteref) refs/heads/main refs/remotes/main [3ms]
[2022-10-23T17:44:56.917Z] > git for-each-ref --sort -committerdate --format %(refname) %(objectname) %(*objectname) [7ms]
[2022-10-23T17:44:56.918Z] > git remote --verbose [2ms]
[2022-10-23T17:44:56.936Z] > git config --get commit.template [1ms]
[2022-10-23T17:45:01.944Z] > git status -z -uall [4ms]
[2022-10-23T17:45:01.948Z] > git symbolic-ref --short HEAD [0ms]
[2022-10-23T17:45:01.953Z] > git for-each-ref --format=%(refname)%00%(upstream:short)%00%(objectname)%00%(upstream:track)%00%(upstream:remotename)%00%(upstream:remoteref) refs/heads/main refs/remotes/main [2ms]
[2022-10-23T17:45:01.959Z] > git for-each-ref --sort -committerdate --format %(refname) %(objectname) %(*objectname) [3ms]
[2022-10-23T17:45:01.959Z] > git remote --verbose [1ms]
[2022-10-23T17:45:01.970Z] > git config --get commit.template [1ms]
[2022-10-23T17:45:06.979Z] > git status -z -uall [4ms]
[2022-10-23T17:45:06.983Z] > git symbolic-ref --short HEAD [1ms]
[2022-10-23T17:45:06.987Z] > git for-each-ref --format=%(refname)%00%(upstream:short)%00%(objectname)%00%(upstream:track)%00%(upstream:remotename)%00%(upstream:remoteref) refs/heads/main refs/remotes/main [1ms]
[2022-10-23T17:45:06.993Z] > git for-each-ref --sort -committerdate --format %(refname) %(objectname) %(*objectname) [3ms]
[2022-10-23T17:45:06.994Z] > git remote --verbose [1ms]
[2022-10-23T17:45:07.006Z] > git config --get commit.template [1ms]
[2022-10-23T17:46:33.337Z] > git status -z -uall [5ms]
[2022-10-23T17:46:33.342Z] > git symbolic-ref --short HEAD [1ms]
[2022-10-23T17:46:33.349Z] > git for-each-ref --format=%(refname)%00%(upstream:short)%00%(objectname)%00%(upstream:track)%00%(upstream:remotename)%00%(upstream:remoteref) refs/heads/main refs/remotes/main [2ms]
[2022-10-23T17:46:33.359Z] > git for-each-ref --sort -committerdate --format %(refname) %(objectname) %(*objectname) [6ms]
[2022-10-23T17:46:33.359Z] > git remote --verbose [1ms]
[2022-10-23T17:46:33.376Z] > git config --get commit.template [1ms]
[2022-10-23T17:47:09.642Z] > git status -z -uall [7ms]
[2022-10-23T17:47:09.647Z] > git symbolic-ref --short HEAD [1ms]
[2022-10-23T17:47:09.651Z] > git for-each-ref --format=%(refname)%00%(upstream:short)%00%(objectname)%00%(upstream:track)%00%(upstream:remotename)%00%(upstream:remoteref) refs/heads/main refs/remotes/main [1ms]
[2022-10-23T17:47:09.659Z] > git for-each-ref --sort -committerdate --format %(refname) %(objectname) %(*objectname) [4ms]
[2022-10-23T17:47:09.659Z] > git remote --verbose [1ms]
[2022-10-23T17:47:09.675Z] > git config --get commit.template [2ms]
