[2022-10-23 17:11:21.657] [exthost] [info] Extension host with pid 1346648 started
[2022-10-23 17:11:21.657] [exthost] [info] Skipping acquiring lock for /home/OutOfGravity/.config/Code/User/workspaceStorage/a722088502f92e65a7af369dc92f4395.
[2022-10-23 17:11:21.718] [exthost] [info] ExtensionService#_doActivateExtension vscode.microsoft-authentication, startup: false, activationEvent: 'onAuthenticationRequest:microsoft'
[2022-10-23 17:11:21.745] [exthost] [info] ExtensionService#_doActivateExtension vscode.debug-auto-launch, startup: true, activationEvent: '*'
[2022-10-23 17:11:21.750] [exthost] [info] ExtensionService#_doActivateExtension vscode.git-base, startup: true, activationEvent: '*', root cause: vscode.git
[2022-10-23 17:11:21.755] [exthost] [info] ExtensionService#_doActivateExtension vscode.ipynb, startup: true, activationEvent: '*'
[2022-10-23 17:11:21.802] [exthost] [info] ExtensionService#_doActivateExtension vscode.git, startup: true, activationEvent: '*'
[2022-10-23 17:11:21.834] [exthost] [info] ExtensionService#_doActivateExtension vscode.github, startup: true, activationEvent: '*'
[2022-10-23 17:11:21.889] [exthost] [info] Eager extensions activated
[2022-10-23 17:11:21.918] [exthost] [info] ExtensionService#_doActivateExtension vscode.emmet, startup: false, activationEvent: 'onStartupFinished'
[2022-10-23 17:11:21.931] [exthost] [info] ExtensionService#_doActivateExtension vscode.merge-conflict, startup: false, activationEvent: 'onStartupFinished'
[2022-10-23 17:11:21.938] [exthost] [info] ExtensionService#_doActivateExtension vscode.github-authentication, startup: false, activationEvent: 'onAuthenticationRequest:github'
[2022-10-23 17:11:43.815] [exthost] [warning] [Decorations] CAPPING events from decorations provider vscode.git 536
[2022-10-23 17:11:44.004] [exthost] [warning] [Decorations] CAPPING events from decorations provider vscode.git 536
[2022-10-23 17:11:45.579] [exthost] [warning] [Decorations] CAPPING events from decorations provider vscode.git 536
[2022-10-23 17:11:50.647] [exthost] [warning] [Decorations] CAPPING events from decorations provider vscode.git 536
[2022-10-23 17:11:55.721] [exthost] [warning] [Decorations] CAPPING events from decorations provider vscode.git 536
[2022-10-23 17:12:00.785] [exthost] [warning] [Decorations] CAPPING events from decorations provider vscode.git 536
[2022-10-23 17:12:05.829] [exthost] [warning] [Decorations] CAPPING events from decorations provider vscode.git 536
[2022-10-23 17:12:10.883] [exthost] [warning] [Decorations] CAPPING events from decorations provider vscode.git 536
[2022-10-23 17:12:15.946] [exthost] [warning] [Decorations] CAPPING events from decorations provider vscode.git 536
[2022-10-23 17:12:21.002] [exthost] [warning] [Decorations] CAPPING events from decorations provider vscode.git 536
[2022-10-23 17:12:26.069] [exthost] [warning] [Decorations] CAPPING events from decorations provider vscode.git 536
[2022-10-23 17:12:31.144] [exthost] [warning] [Decorations] CAPPING events from decorations provider vscode.git 536
[2022-10-23 17:12:36.219] [exthost] [warning] [Decorations] CAPPING events from decorations provider vscode.git 536
[2022-10-23 17:12:41.287] [exthost] [warning] [Decorations] CAPPING events from decorations provider vscode.git 537
[2022-10-23 17:12:46.332] [exthost] [warning] [Decorations] CAPPING events from decorations provider vscode.git 538
[2022-10-23 17:12:51.379] [exthost] [warning] [Decorations] CAPPING events from decorations provider vscode.git 538
[2022-10-23 17:12:56.436] [exthost] [warning] [Decorations] CAPPING events from decorations provider vscode.git 541
[2022-10-23 17:13:26.212] [exthost] [warning] [Decorations] CAPPING events from decorations provider vscode.git 542
[2022-10-23 17:13:31.280] [exthost] [warning] [Decorations] CAPPING events from decorations provider vscode.git 542
[2022-10-23 17:13:36.342] [exthost] [warning] [Decorations] CAPPING events from decorations provider vscode.git 542
[2022-10-23 17:14:10.592] [exthost] [warning] [Decorations] CAPPING events from decorations provider vscode.git 542
[2022-10-23 17:14:15.647] [exthost] [warning] [Decorations] CAPPING events from decorations provider vscode.git 550
[2022-10-23 17:14:20.698] [exthost] [warning] [Decorations] CAPPING events from decorations provider vscode.git 557
[2022-10-23 17:14:22.299] [exthost] [info] ExtensionService#_doActivateExtension shakram02.bash-beautify, startup: false, activationEvent: 'onLanguage:shellscript'
[2022-10-23 17:14:25.768] [exthost] [warning] [Decorations] CAPPING events from decorations provider vscode.git 558
[2022-10-23 17:14:30.839] [exthost] [warning] [Decorations] CAPPING events from decorations provider vscode.git 561
[2022-10-23 17:14:35.907] [exthost] [warning] [Decorations] CAPPING events from decorations provider vscode.git 576
[2022-10-23 17:14:40.971] [exthost] [warning] [Decorations] CAPPING events from decorations provider vscode.git 576
[2022-10-23 17:14:46.026] [exthost] [warning] [Decorations] CAPPING events from decorations provider vscode.git 576
[2022-10-23 17:14:51.089] [exthost] [warning] [Decorations] CAPPING events from decorations provider vscode.git 576
[2022-10-23 17:14:56.138] [exthost] [warning] [Decorations] CAPPING events from decorations provider vscode.git 578
[2022-10-23 17:15:01.207] [exthost] [warning] [Decorations] CAPPING events from decorations provider vscode.git 578
[2022-10-23 17:15:06.277] [exthost] [warning] [Decorations] CAPPING events from decorations provider vscode.git 578
[2022-10-23 17:15:11.347] [exthost] [warning] [Decorations] CAPPING events from decorations provider vscode.git 578
[2022-10-23 17:15:16.415] [exthost] [warning] [Decorations] CAPPING events from decorations provider vscode.git 578
[2022-10-23 17:15:21.472] [exthost] [warning] [Decorations] CAPPING events from decorations provider vscode.git 578
[2022-10-23 17:15:26.539] [exthost] [warning] [Decorations] CAPPING events from decorations provider vscode.git 578
[2022-10-23 17:15:31.606] [exthost] [warning] [Decorations] CAPPING events from decorations provider vscode.git 578
[2022-10-23 17:15:36.675] [exthost] [warning] [Decorations] CAPPING events from decorations provider vscode.git 578
[2022-10-23 17:15:41.750] [exthost] [warning] [Decorations] CAPPING events from decorations provider vscode.git 578
[2022-10-23 17:15:46.799] [exthost] [warning] [Decorations] CAPPING events from decorations provider vscode.git 578
[2022-10-23 17:15:51.860] [exthost] [warning] [Decorations] CAPPING events from decorations provider vscode.git 578
[2022-10-23 17:15:56.921] [exthost] [warning] [Decorations] CAPPING events from decorations provider vscode.git 578
[2022-10-23 17:16:01.969] [exthost] [warning] [Decorations] CAPPING events from decorations provider vscode.git 578
[2022-10-23 17:16:07.024] [exthost] [warning] [Decorations] CAPPING events from decorations provider vscode.git 580
[2022-10-23 17:16:12.090] [exthost] [warning] [Decorations] CAPPING events from decorations provider vscode.git 583
[2022-10-23 17:16:17.143] [exthost] [warning] [Decorations] CAPPING events from decorations provider vscode.git 583
[2022-10-23 17:16:17.440] [exthost] [info] Extension host terminating: received terminate message from renderer
[2022-10-23 17:16:17.456] [exthost] [info] Extension host with pid 1346648 exiting with code 0
