[2022-10-25 04:12:09.338] [exthost] [info] Extension host with pid 14672 started
[2022-10-25 04:12:09.338] [exthost] [info] Skipping acquiring lock for /home/OutOfGravity/.config/Code/User/workspaceStorage/a722088502f92e65a7af369dc92f4395.
[2022-10-25 04:12:09.466] [exthost] [info] ExtensionService#_doActivateExtension shakram02.bash-beautify, startup: false, activationEvent: 'onLanguage:shellscript'
[2022-10-25 04:12:09.493] [exthost] [info] ExtensionService#_doActivateExtension vscode.microsoft-authentication, startup: false, activationEvent: 'onAuthenticationRequest:microsoft'
[2022-10-25 04:12:09.525] [exthost] [info] ExtensionService#_doActivateExtension vscode.debug-auto-launch, startup: true, activationEvent: '*'
[2022-10-25 04:12:09.529] [exthost] [info] ExtensionService#_doActivateExtension vscode.git-base, startup: true, activationEvent: '*', root cause: vscode.git
[2022-10-25 04:12:09.533] [exthost] [info] ExtensionService#_doActivateExtension vscode.ipynb, startup: true, activationEvent: '*'
[2022-10-25 04:12:09.845] [exthost] [info] ExtensionService#_doActivateExtension vscode.git, startup: true, activationEvent: '*'
[2022-10-25 04:12:09.871] [exthost] [info] ExtensionService#_doActivateExtension vscode.github, startup: true, activationEvent: '*'
[2022-10-25 04:12:09.929] [exthost] [info] Eager extensions activated
[2022-10-25 04:12:09.982] [exthost] [info] ExtensionService#_doActivateExtension vscode.emmet, startup: false, activationEvent: 'onStartupFinished'
[2022-10-25 04:12:09.991] [exthost] [info] ExtensionService#_doActivateExtension vscode.merge-conflict, startup: false, activationEvent: 'onStartupFinished'
[2022-10-25 04:12:10.041] [exthost] [warning] [Decorations] CAPPING events from decorations provider vscode.git 622
[2022-10-25 04:12:10.054] [exthost] [info] ExtensionService#_doActivateExtension vscode.github-authentication, startup: false, activationEvent: 'onAuthenticationRequest:github'
[2022-10-25 04:12:10.256] [exthost] [warning] [Decorations] CAPPING events from decorations provider vscode.git 622
[2022-10-25 04:12:21.490] [exthost] [warning] [Decorations] CAPPING events from decorations provider vscode.git 626
[2022-10-25 04:12:26.553] [exthost] [warning] [Decorations] CAPPING events from decorations provider vscode.git 610
[2022-10-25 04:12:31.621] [exthost] [warning] [Decorations] CAPPING events from decorations provider vscode.git 611
[2022-10-25 04:12:36.694] [exthost] [warning] [Decorations] CAPPING events from decorations provider vscode.git 610
[2022-10-25 04:12:41.758] [exthost] [warning] [Decorations] CAPPING events from decorations provider vscode.git 610
[2022-10-25 04:12:46.821] [exthost] [warning] [Decorations] CAPPING events from decorations provider vscode.git 610
[2022-10-25 04:12:51.876] [exthost] [warning] [Decorations] CAPPING events from decorations provider vscode.git 610
[2022-10-25 04:12:56.944] [exthost] [warning] [Decorations] CAPPING events from decorations provider vscode.git 610
[2022-10-25 04:13:01.986] [exthost] [warning] [Decorations] CAPPING events from decorations provider vscode.git 610
[2022-10-25 04:13:07.053] [exthost] [warning] [Decorations] CAPPING events from decorations provider vscode.git 610
[2022-10-25 04:13:12.125] [exthost] [warning] [Decorations] CAPPING events from decorations provider vscode.git 610
[2022-10-25 04:13:17.193] [exthost] [warning] [Decorations] CAPPING events from decorations provider vscode.git 610
[2022-10-25 04:13:22.264] [exthost] [warning] [Decorations] CAPPING events from decorations provider vscode.git 610
[2022-10-25 04:13:27.333] [exthost] [warning] [Decorations] CAPPING events from decorations provider vscode.git 610
[2022-10-25 04:13:32.398] [exthost] [warning] [Decorations] CAPPING events from decorations provider vscode.git 610
[2022-10-25 04:13:37.470] [exthost] [warning] [Decorations] CAPPING events from decorations provider vscode.git 610
[2022-10-25 04:13:42.538] [exthost] [warning] [Decorations] CAPPING events from decorations provider vscode.git 610
[2022-10-25 04:13:47.578] [exthost] [warning] [Decorations] CAPPING events from decorations provider vscode.git 610
[2022-10-25 04:13:52.638] [exthost] [warning] [Decorations] CAPPING events from decorations provider vscode.git 610
[2022-10-25 04:13:57.706] [exthost] [warning] [Decorations] CAPPING events from decorations provider vscode.git 610
[2022-10-25 04:14:02.779] [exthost] [warning] [Decorations] CAPPING events from decorations provider vscode.git 610
[2022-10-25 04:14:07.826] [exthost] [warning] [Decorations] CAPPING events from decorations provider vscode.git 610
[2022-10-25 04:14:12.898] [exthost] [warning] [Decorations] CAPPING events from decorations provider vscode.git 610
[2022-10-25 04:14:17.968] [exthost] [warning] [Decorations] CAPPING events from decorations provider vscode.git 610
[2022-10-25 04:14:23.035] [exthost] [warning] [Decorations] CAPPING events from decorations provider vscode.git 610
[2022-10-25 04:14:28.102] [exthost] [warning] [Decorations] CAPPING events from decorations provider vscode.git 610
[2022-10-25 04:14:33.150] [exthost] [warning] [Decorations] CAPPING events from decorations provider vscode.git 610
[2022-10-25 04:14:38.199] [exthost] [warning] [Decorations] CAPPING events from decorations provider vscode.git 610
[2022-10-25 04:14:43.248] [exthost] [warning] [Decorations] CAPPING events from decorations provider vscode.git 610
[2022-10-25 04:14:48.313] [exthost] [warning] [Decorations] CAPPING events from decorations provider vscode.git 610
[2022-10-25 04:14:53.382] [exthost] [warning] [Decorations] CAPPING events from decorations provider vscode.git 610
[2022-10-25 04:14:58.427] [exthost] [warning] [Decorations] CAPPING events from decorations provider vscode.git 610
[2022-10-25 04:15:03.492] [exthost] [warning] [Decorations] CAPPING events from decorations provider vscode.git 610
[2022-10-25 04:15:08.548] [exthost] [warning] [Decorations] CAPPING events from decorations provider vscode.git 611
[2022-10-25 04:15:13.593] [exthost] [warning] [Decorations] CAPPING events from decorations provider vscode.git 611
[2022-10-25 04:15:18.659] [exthost] [warning] [Decorations] CAPPING events from decorations provider vscode.git 611
[2022-10-25 04:15:23.728] [exthost] [warning] [Decorations] CAPPING events from decorations provider vscode.git 611
[2022-10-25 04:15:28.796] [exthost] [warning] [Decorations] CAPPING events from decorations provider vscode.git 611
[2022-10-25 04:15:33.862] [exthost] [warning] [Decorations] CAPPING events from decorations provider vscode.git 611
[2022-10-25 04:15:38.928] [exthost] [warning] [Decorations] CAPPING events from decorations provider vscode.git 611
[2022-10-25 04:15:43.995] [exthost] [warning] [Decorations] CAPPING events from decorations provider vscode.git 611
[2022-10-25 04:15:49.058] [exthost] [warning] [Decorations] CAPPING events from decorations provider vscode.git 611
[2022-10-25 04:16:42.367] [exthost] [warning] [Decorations] CAPPING events from decorations provider vscode.git 612
[2022-10-25 04:16:47.421] [exthost] [warning] [Decorations] CAPPING events from decorations provider vscode.git 611
[2022-10-25 04:16:52.463] [exthost] [warning] [Decorations] CAPPING events from decorations provider vscode.git 611
[2022-10-25 04:16:57.525] [exthost] [warning] [Decorations] CAPPING events from decorations provider vscode.git 612
[2022-10-25 04:17:02.589] [exthost] [warning] [Decorations] CAPPING events from decorations provider vscode.git 612
[2022-10-25 04:17:07.657] [exthost] [warning] [Decorations] CAPPING events from decorations provider vscode.git 612
[2022-10-25 04:17:59.031] [exthost] [warning] [Decorations] CAPPING events from decorations provider vscode.git 614
[2022-10-25 04:18:04.099] [exthost] [warning] [Decorations] CAPPING events from decorations provider vscode.git 613
[2022-10-25 04:18:09.165] [exthost] [warning] [Decorations] CAPPING events from decorations provider vscode.git 614
[2022-10-25 04:18:23.736] [exthost] [warning] [Decorations] CAPPING events from decorations provider vscode.git 615
[2022-10-25 04:18:28.803] [exthost] [warning] [Decorations] CAPPING events from decorations provider vscode.git 614
[2022-10-25 04:18:33.868] [exthost] [warning] [Decorations] CAPPING events from decorations provider vscode.git 614
[2022-10-25 04:18:38.939] [exthost] [warning] [Decorations] CAPPING events from decorations provider vscode.git 614
[2022-10-25 04:19:48.874] [exthost] [warning] [Decorations] CAPPING events from decorations provider vscode.git 614
[2022-10-25 04:19:55.663] [exthost] [warning] [Decorations] CAPPING events from decorations provider vscode.git 614
[2022-10-25 04:20:00.725] [exthost] [warning] [Decorations] CAPPING events from decorations provider vscode.git 614
[2022-10-25 04:20:05.792] [exthost] [warning] [Decorations] CAPPING events from decorations provider vscode.git 614
[2022-10-25 04:20:10.864] [exthost] [warning] [Decorations] CAPPING events from decorations provider vscode.git 614
[2022-10-25 04:20:15.932] [exthost] [warning] [Decorations] CAPPING events from decorations provider vscode.git 614
[2022-10-25 04:20:20.995] [exthost] [warning] [Decorations] CAPPING events from decorations provider vscode.git 614
[2022-10-25 04:22:35.889] [exthost] [warning] [Decorations] CAPPING events from decorations provider vscode.git 615
[2022-10-25 04:22:48.977] [exthost] [warning] [Decorations] CAPPING events from decorations provider vscode.git 614
[2022-10-25 04:22:54.038] [exthost] [warning] [Decorations] CAPPING events from decorations provider vscode.git 614
[2022-10-25 04:22:59.106] [exthost] [warning] [Decorations] CAPPING events from decorations provider vscode.git 616
[2022-10-25 04:23:04.152] [exthost] [warning] [Decorations] CAPPING events from decorations provider vscode.git 616
[2022-10-25 04:23:09.211] [exthost] [warning] [Decorations] CAPPING events from decorations provider vscode.git 616
[2022-10-25 04:23:17.784] [exthost] [warning] [Decorations] CAPPING events from decorations provider vscode.git 616
[2022-10-25 04:23:23.825] [exthost] [warning] [Decorations] CAPPING events from decorations provider vscode.git 616
[2022-10-25 04:23:28.864] [exthost] [warning] [Decorations] CAPPING events from decorations provider vscode.git 616
[2022-10-25 04:23:33.902] [exthost] [warning] [Decorations] CAPPING events from decorations provider vscode.git 616
[2022-10-25 04:23:38.960] [exthost] [warning] [Decorations] CAPPING events from decorations provider vscode.git 616
[2022-10-25 04:23:44.024] [exthost] [warning] [Decorations] CAPPING events from decorations provider vscode.git 616
[2022-10-25 04:23:49.084] [exthost] [warning] [Decorations] CAPPING events from decorations provider vscode.git 616
[2022-10-25 04:23:54.135] [exthost] [warning] [Decorations] CAPPING events from decorations provider vscode.git 616
[2022-10-25 04:23:59.188] [exthost] [warning] [Decorations] CAPPING events from decorations provider vscode.git 616
[2022-10-25 04:24:04.240] [exthost] [warning] [Decorations] CAPPING events from decorations provider vscode.git 616
[2022-10-25 04:24:09.309] [exthost] [warning] [Decorations] CAPPING events from decorations provider vscode.git 617
[2022-10-25 04:24:14.361] [exthost] [warning] [Decorations] CAPPING events from decorations provider vscode.git 617
[2022-10-25 04:24:19.409] [exthost] [warning] [Decorations] CAPPING events from decorations provider vscode.git 617
[2022-10-25 04:24:24.466] [exthost] [warning] [Decorations] CAPPING events from decorations provider vscode.git 617
[2022-10-25 04:24:34.160] [exthost] [warning] [Decorations] CAPPING events from decorations provider vscode.git 617
[2022-10-25 04:24:39.225] [exthost] [warning] [Decorations] CAPPING events from decorations provider vscode.git 617
[2022-10-25 04:24:44.278] [exthost] [warning] [Decorations] CAPPING events from decorations provider vscode.git 618
[2022-10-25 04:24:49.335] [exthost] [warning] [Decorations] CAPPING events from decorations provider vscode.git 618
[2022-10-25 04:24:54.403] [exthost] [warning] [Decorations] CAPPING events from decorations provider vscode.git 618
[2022-10-25 04:24:59.473] [exthost] [warning] [Decorations] CAPPING events from decorations provider vscode.git 619
[2022-10-25 04:25:05.576] [exthost] [warning] [Decorations] CAPPING events from decorations provider vscode.git 619
[2022-10-25 04:27:42.271] [exthost] [warning] [Decorations] CAPPING events from decorations provider vscode.git 619
