[2022-11-01T01:51:49.715Z] Log level: Info
[2022-11-01T01:51:49.720Z] [info] Validating found git in: git
[2022-11-01T01:51:49.738Z] [info] Using git 2.38.1 from git
[2022-11-01T01:51:49.761Z] > git rev-parse --show-toplevel [8ms]
[2022-11-01T01:51:49.761Z] fatal: not a git repository (or any of the parent directories): .git
[2022-11-01T01:51:49.773Z] > git rev-parse --show-toplevel [2ms]
[2022-11-01T01:51:49.781Z] > git rev-parse --git-dir --git-common-dir [2ms]
[2022-11-01T01:51:49.791Z] [info] Open repository: /home/OutOfGravity/.config
[2022-11-01T01:51:49.837Z] > git status -z -uall [37ms]
[2022-11-01T01:51:49.844Z] > git rev-parse --show-toplevel [38ms]
[2022-11-01T01:51:49.844Z] fatal: not a git repository (or any of the parent directories): .git
[2022-11-01T01:51:49.852Z] > git rev-parse --show-toplevel [4ms]
[2022-11-01T01:51:49.852Z] fatal: not a git repository (or any of the parent directories): .git
[2022-11-01T01:51:49.853Z] > git symbolic-ref --short HEAD [10ms]
[2022-11-01T01:51:49.883Z] > git for-each-ref --format=%(refname)%00%(upstream:short)%00%(objectname)%00%(upstream:track)%00%(upstream:remotename)%00%(upstream:remoteref) refs/heads/main refs/remotes/main [27ms]
[2022-11-01T01:51:49.894Z] > git remote --verbose [3ms]
[2022-11-01T01:51:49.894Z] > git for-each-ref --sort -committerdate --format %(refname) %(objectname) %(*objectname) [7ms]
[2022-11-01T01:51:49.951Z] > git config --get commit.template [16ms]
[2022-11-01T01:51:49.960Z] > git status -z -uall [4ms]
[2022-11-01T01:51:49.966Z] > git symbolic-ref --short HEAD [1ms]
[2022-11-01T01:51:49.972Z] > git for-each-ref --format=%(refname)%00%(upstream:short)%00%(objectname)%00%(upstream:track)%00%(upstream:remotename)%00%(upstream:remoteref) refs/heads/main refs/remotes/main [1ms]
[2022-11-01T01:51:49.981Z] > git for-each-ref --sort -committerdate --format %(refname) %(objectname) %(*objectname) [4ms]
[2022-11-01T01:51:49.982Z] > git remote --verbose [2ms]
[2022-11-01T01:51:50.012Z] > git config --get commit.template [1ms]
[2022-11-01T01:51:50.253Z] > git rev-parse --show-toplevel [1ms]
[2022-11-01T01:51:50.253Z] fatal: not a git repository (or any of the parent directories): .git
[2022-11-01T01:51:50.325Z] > git check-ignore -v -z --stdin [2ms]
[2022-11-01T01:51:50.417Z] > git show --textconv :polybar/cava_setup.sh [5ms]
[2022-11-01T01:51:50.419Z] > git ls-files --stage -- /home/OutOfGravity/.config/polybar/cava_setup.sh [2ms]
[2022-11-01T01:51:50.427Z] > git cat-file -s 8d4599b7af2c28c06e5bd564af05d6de419df85c [1ms]
[2022-11-01T01:51:54.463Z] > git status -z -uall [4ms]
[2022-11-01T01:51:54.468Z] > git symbolic-ref --short HEAD [1ms]
[2022-11-01T01:51:54.473Z] > git for-each-ref --format=%(refname)%00%(upstream:short)%00%(objectname)%00%(upstream:track)%00%(upstream:remotename)%00%(upstream:remoteref) refs/heads/main refs/remotes/main [1ms]
[2022-11-01T01:51:54.480Z] > git for-each-ref --sort -committerdate --format %(refname) %(objectname) %(*objectname) [4ms]
[2022-11-01T01:51:54.481Z] > git remote --verbose [2ms]
[2022-11-01T01:51:54.508Z] > git config --get commit.template [1ms]
[2022-11-01T01:51:54.733Z] > git show --textconv :polybar/config.ini [4ms]
[2022-11-01T01:51:54.734Z] > git ls-files --stage -- /home/OutOfGravity/.config/polybar/config.ini [2ms]
[2022-11-01T01:51:54.740Z] > git cat-file -s 3646d2cb71aaec0dd50c663ebf8c32751661e37d [1ms]
[2022-11-01T01:51:54.968Z] > git check-ignore -v -z --stdin [1ms]
[2022-11-01T01:51:59.523Z] > git status -z -uall [6ms]
[2022-11-01T01:51:59.529Z] > git symbolic-ref --short HEAD [1ms]
[2022-11-01T01:51:59.536Z] > git for-each-ref --format=%(refname)%00%(upstream:short)%00%(objectname)%00%(upstream:track)%00%(upstream:remotename)%00%(upstream:remoteref) refs/heads/main refs/remotes/main [2ms]
[2022-11-01T01:51:59.547Z] > git for-each-ref --sort -committerdate --format %(refname) %(objectname) %(*objectname) [6ms]
[2022-11-01T01:51:59.548Z] > git remote --verbose [2ms]
[2022-11-01T01:51:59.577Z] > git config --get commit.template [3ms]
[2022-11-01T01:52:04.593Z] > git status -z -uall [6ms]
[2022-11-01T01:52:04.600Z] > git symbolic-ref --short HEAD [2ms]
[2022-11-01T01:52:04.608Z] > git for-each-ref --format=%(refname)%00%(upstream:short)%00%(objectname)%00%(upstream:track)%00%(upstream:remotename)%00%(upstream:remoteref) refs/heads/main refs/remotes/main [2ms]
[2022-11-01T01:52:04.618Z] > git for-each-ref --sort -committerdate --format %(refname) %(objectname) %(*objectname) [5ms]
[2022-11-01T01:52:04.619Z] > git remote --verbose [2ms]
[2022-11-01T01:52:04.649Z] > git config --get commit.template [2ms]
[2022-11-01T01:52:09.665Z] > git status -z -uall [6ms]
[2022-11-01T01:52:09.671Z] > git symbolic-ref --short HEAD [1ms]
[2022-11-01T01:52:09.678Z] > git for-each-ref --format=%(refname)%00%(upstream:short)%00%(objectname)%00%(upstream:track)%00%(upstream:remotename)%00%(upstream:remoteref) refs/heads/main refs/remotes/main [1ms]
[2022-11-01T01:52:09.688Z] > git for-each-ref --sort -committerdate --format %(refname) %(objectname) %(*objectname) [5ms]
[2022-11-01T01:52:09.689Z] > git remote --verbose [2ms]
[2022-11-01T01:52:09.720Z] > git config --get commit.template [1ms]
[2022-11-01T01:52:14.735Z] > git status -z -uall [6ms]
[2022-11-01T01:52:14.742Z] > git symbolic-ref --short HEAD [1ms]
[2022-11-01T01:52:14.746Z] > git for-each-ref --format=%(refname)%00%(upstream:short)%00%(objectname)%00%(upstream:track)%00%(upstream:remotename)%00%(upstream:remoteref) refs/heads/main refs/remotes/main [1ms]
[2022-11-01T01:52:14.753Z] > git for-each-ref --sort -committerdate --format %(refname) %(objectname) %(*objectname) [5ms]
[2022-11-01T01:52:14.753Z] > git remote --verbose [1ms]
[2022-11-01T01:52:14.766Z] > git config --get commit.template [1ms]
[2022-11-01T01:52:19.775Z] > git status -z -uall [4ms]
[2022-11-01T01:52:19.779Z] > git symbolic-ref --short HEAD [1ms]
[2022-11-01T01:52:19.783Z] > git for-each-ref --format=%(refname)%00%(upstream:short)%00%(objectname)%00%(upstream:track)%00%(upstream:remotename)%00%(upstream:remoteref) refs/heads/main refs/remotes/main [1ms]
[2022-11-01T01:52:19.788Z] > git for-each-ref --sort -committerdate --format %(refname) %(objectname) %(*objectname) [3ms]
[2022-11-01T01:52:19.789Z] > git remote --verbose [2ms]
[2022-11-01T01:52:19.806Z] > git config --get commit.template [1ms]
[2022-11-01T01:52:42.393Z] > git status -z -uall [4ms]
[2022-11-01T01:52:42.399Z] > git symbolic-ref --short HEAD [1ms]
[2022-11-01T01:52:42.405Z] > git for-each-ref --format=%(refname)%00%(upstream:short)%00%(objectname)%00%(upstream:track)%00%(upstream:remotename)%00%(upstream:remoteref) refs/heads/main refs/remotes/main [2ms]
[2022-11-01T01:52:42.415Z] > git for-each-ref --sort -committerdate --format %(refname) %(objectname) %(*objectname) [6ms]
[2022-11-01T01:52:42.416Z] > git remote --verbose [2ms]
[2022-11-01T01:52:42.440Z] > git config --get commit.template [1ms]
[2022-11-01T01:53:29.616Z] > git status -z -uall [5ms]
[2022-11-01T01:53:29.622Z] > git symbolic-ref --short HEAD [1ms]
[2022-11-01T01:53:29.628Z] > git for-each-ref --format=%(refname)%00%(upstream:short)%00%(objectname)%00%(upstream:track)%00%(upstream:remotename)%00%(upstream:remoteref) refs/heads/main refs/remotes/main [1ms]
[2022-11-01T01:53:29.638Z] > git for-each-ref --sort -committerdate --format %(refname) %(objectname) %(*objectname) [5ms]
[2022-11-01T01:53:29.639Z] > git remote --verbose [2ms]
[2022-11-01T01:53:29.656Z] > git config --get commit.template [1ms]
[2022-11-01T01:53:34.671Z] > git status -z -uall [5ms]
[2022-11-01T01:53:34.680Z] > git symbolic-ref --short HEAD [2ms]
[2022-11-01T01:53:34.686Z] > git for-each-ref --format=%(refname)%00%(upstream:short)%00%(objectname)%00%(upstream:track)%00%(upstream:remotename)%00%(upstream:remoteref) refs/heads/main refs/remotes/main [1ms]
[2022-11-01T01:53:34.695Z] > git for-each-ref --sort -committerdate --format %(refname) %(objectname) %(*objectname) [5ms]
[2022-11-01T01:53:34.696Z] > git remote --verbose [2ms]
[2022-11-01T01:53:34.726Z] > git config --get commit.template [2ms]
[2022-11-01T01:53:39.741Z] > git status -z -uall [5ms]
[2022-11-01T01:53:39.747Z] > git symbolic-ref --short HEAD [1ms]
[2022-11-01T01:53:39.754Z] > git for-each-ref --format=%(refname)%00%(upstream:short)%00%(objectname)%00%(upstream:track)%00%(upstream:remotename)%00%(upstream:remoteref) refs/heads/main refs/remotes/main [1ms]
[2022-11-01T01:53:39.767Z] > git for-each-ref --sort -committerdate --format %(refname) %(objectname) %(*objectname) [8ms]
[2022-11-01T01:53:39.769Z] > git remote --verbose [3ms]
[2022-11-01T01:53:39.791Z] > git config --get commit.template [2ms]
[2022-11-01T01:53:44.805Z] > git status -z -uall [6ms]
[2022-11-01T01:53:44.814Z] > git symbolic-ref --short HEAD [2ms]
[2022-11-01T01:53:44.820Z] > git for-each-ref --format=%(refname)%00%(upstream:short)%00%(objectname)%00%(upstream:track)%00%(upstream:remotename)%00%(upstream:remoteref) refs/heads/main refs/remotes/main [1ms]
[2022-11-01T01:53:44.831Z] > git for-each-ref --sort -committerdate --format %(refname) %(objectname) %(*objectname) [5ms]
[2022-11-01T01:53:44.831Z] > git remote --verbose [1ms]
[2022-11-01T01:53:44.851Z] > git config --get commit.template [2ms]
[2022-11-01T01:53:49.865Z] > git status -z -uall [5ms]
[2022-11-01T01:53:49.872Z] > git symbolic-ref --short HEAD [1ms]
[2022-11-01T01:53:49.879Z] > git for-each-ref --format=%(refname)%00%(upstream:short)%00%(objectname)%00%(upstream:track)%00%(upstream:remotename)%00%(upstream:remoteref) refs/heads/main refs/remotes/main [2ms]
[2022-11-01T01:53:49.888Z] > git for-each-ref --sort -committerdate --format %(refname) %(objectname) %(*objectname) [4ms]
[2022-11-01T01:53:49.889Z] > git remote --verbose [1ms]
[2022-11-01T01:53:49.924Z] > git config --get commit.template [1ms]
[2022-11-01T01:53:54.938Z] > git status -z -uall [5ms]
[2022-11-01T01:53:54.944Z] > git symbolic-ref --short HEAD [1ms]
[2022-11-01T01:53:54.953Z] > git for-each-ref --format=%(refname)%00%(upstream:short)%00%(objectname)%00%(upstream:track)%00%(upstream:remotename)%00%(upstream:remoteref) refs/heads/main refs/remotes/main [3ms]
[2022-11-01T01:53:54.965Z] > git for-each-ref --sort -committerdate --format %(refname) %(objectname) %(*objectname) [6ms]
[2022-11-01T01:53:54.966Z] > git remote --verbose [2ms]
[2022-11-01T01:53:54.993Z] > git config --get commit.template [1ms]
[2022-11-01T01:54:00.008Z] > git status -z -uall [6ms]
[2022-11-01T01:54:00.017Z] > git symbolic-ref --short HEAD [2ms]
[2022-11-01T01:54:00.023Z] > git for-each-ref --format=%(refname)%00%(upstream:short)%00%(objectname)%00%(upstream:track)%00%(upstream:remotename)%00%(upstream:remoteref) refs/heads/main refs/remotes/main [1ms]
[2022-11-01T01:54:00.033Z] > git for-each-ref --sort -committerdate --format %(refname) %(objectname) %(*objectname) [4ms]
[2022-11-01T01:54:00.034Z] > git remote --verbose [1ms]
[2022-11-01T01:54:00.061Z] > git config --get commit.template [1ms]
[2022-11-01T01:54:05.077Z] > git status -z -uall [5ms]
[2022-11-01T01:54:05.085Z] > git symbolic-ref --short HEAD [2ms]
[2022-11-01T01:54:05.094Z] > git for-each-ref --format=%(refname)%00%(upstream:short)%00%(objectname)%00%(upstream:track)%00%(upstream:remotename)%00%(upstream:remoteref) refs/heads/main refs/remotes/main [2ms]
[2022-11-01T01:54:05.107Z] > git for-each-ref --sort -committerdate --format %(refname) %(objectname) %(*objectname) [6ms]
[2022-11-01T01:54:05.108Z] > git remote --verbose [2ms]
[2022-11-01T01:54:05.135Z] > git config --get commit.template [2ms]
[2022-11-01T01:54:10.148Z] > git status -z -uall [5ms]
[2022-11-01T01:54:10.155Z] > git symbolic-ref --short HEAD [1ms]
[2022-11-01T01:54:10.162Z] > git for-each-ref --format=%(refname)%00%(upstream:short)%00%(objectname)%00%(upstream:track)%00%(upstream:remotename)%00%(upstream:remoteref) refs/heads/main refs/remotes/main [1ms]
[2022-11-01T01:54:10.173Z] > git for-each-ref --sort -committerdate --format %(refname) %(objectname) %(*objectname) [5ms]
[2022-11-01T01:54:10.174Z] > git remote --verbose [2ms]
[2022-11-01T01:54:10.211Z] > git config --get commit.template [1ms]
[2022-11-01T01:54:15.226Z] > git status -z -uall [6ms]
[2022-11-01T01:54:15.234Z] > git symbolic-ref --short HEAD [1ms]
[2022-11-01T01:54:15.242Z] > git for-each-ref --format=%(refname)%00%(upstream:short)%00%(objectname)%00%(upstream:track)%00%(upstream:remotename)%00%(upstream:remoteref) refs/heads/main refs/remotes/main [2ms]
[2022-11-01T01:54:15.253Z] > git for-each-ref --sort -committerdate --format %(refname) %(objectname) %(*objectname) [6ms]
[2022-11-01T01:54:15.253Z] > git remote --verbose [1ms]
[2022-11-01T01:54:15.281Z] > git config --get commit.template [1ms]
