[2022-10-25T04:12:09.887Z] Log level: Info
[2022-10-25T04:12:09.893Z] [info] Validating found git in: git
[2022-10-25T04:12:09.913Z] [info] Using git 2.38.1 from git
[2022-10-25T04:12:09.934Z] > git rev-parse --show-toplevel [6ms]
[2022-10-25T04:12:09.934Z] fatal: not a git repository (or any of the parent directories): .git
[2022-10-25T04:12:09.943Z] > git rev-parse --show-toplevel [1ms]
[2022-10-25T04:12:09.949Z] > git rev-parse --git-dir --git-common-dir [1ms]
[2022-10-25T04:12:09.957Z] [info] Open repository: /home/OutOfGravity/.config
[2022-10-25T04:12:09.974Z] > git rev-parse --show-toplevel [2ms]
[2022-10-25T04:12:09.974Z] fatal: not a git repository (or any of the parent directories): .git
[2022-10-25T04:12:09.994Z] > git rev-parse --show-toplevel [16ms]
[2022-10-25T04:12:09.994Z] fatal: not a git repository (or any of the parent directories): .git
[2022-10-25T04:12:10.005Z] > git status -z -uall [37ms]
[2022-10-25T04:12:10.009Z] > git symbolic-ref --short HEAD [0ms]
[2022-10-25T04:12:10.015Z] > git for-each-ref --format=%(refname)%00%(upstream:short)%00%(objectname)%00%(upstream:track)%00%(upstream:remotename)%00%(upstream:remoteref) refs/heads/main refs/remotes/main [2ms]
[2022-10-25T04:12:10.022Z] > git remote --verbose [1ms]
[2022-10-25T04:12:10.023Z] > git for-each-ref --sort -committerdate --format %(refname) %(objectname) %(*objectname) [5ms]
[2022-10-25T04:12:10.194Z] > git config --get commit.template [144ms]
[2022-10-25T04:12:10.219Z] > git status -z -uall [21ms]
[2022-10-25T04:12:10.223Z] > git rev-parse --show-toplevel [30ms]
[2022-10-25T04:12:10.223Z] fatal: not a git repository (or any of the parent directories): .git
[2022-10-25T04:12:10.231Z] > git symbolic-ref --short HEAD [8ms]
[2022-10-25T04:12:10.235Z] > git for-each-ref --format=%(refname)%00%(upstream:short)%00%(objectname)%00%(upstream:track)%00%(upstream:remotename)%00%(upstream:remoteref) refs/heads/main refs/remotes/main [1ms]
[2022-10-25T04:12:10.243Z] > git for-each-ref --sort -committerdate --format %(refname) %(objectname) %(*objectname) [4ms]
[2022-10-25T04:12:10.243Z] > git remote --verbose [2ms]
[2022-10-25T04:12:10.265Z] > git config --get commit.template [2ms]
[2022-10-25T04:12:10.559Z] > git check-ignore -v -z --stdin [2ms]
[2022-10-25T04:12:10.689Z] > git show --textconv :polybar/cava_setup.sh [6ms]
[2022-10-25T04:12:10.691Z] > git ls-files --stage -- /home/OutOfGravity/.config/polybar/cava_setup.sh [2ms]
[2022-10-25T04:12:10.699Z] > git cat-file -s 11425cc9e2f0c9e62b233c586f1f08f48744ee0e [2ms]
[2022-10-25T04:12:21.458Z] > git status -z -uall [5ms]
[2022-10-25T04:12:21.464Z] > git symbolic-ref --short HEAD [1ms]
[2022-10-25T04:12:21.470Z] > git for-each-ref --format=%(refname)%00%(upstream:short)%00%(objectname)%00%(upstream:track)%00%(upstream:remotename)%00%(upstream:remoteref) refs/heads/main refs/remotes/main [1ms]
[2022-10-25T04:12:21.479Z] > git for-each-ref --sort -committerdate --format %(refname) %(objectname) %(*objectname) [5ms]
[2022-10-25T04:12:21.480Z] > git remote --verbose [2ms]
[2022-10-25T04:12:21.496Z] > git config --get commit.template [1ms]
[2022-10-25T04:12:21.788Z] > git show --textconv :polybar/vpn-wireguard-wg [7ms]
[2022-10-25T04:12:21.789Z] > git ls-files --stage -- /home/OutOfGravity/.config/polybar/vpn-wireguard-wg [3ms]
[2022-10-25T04:12:21.964Z] > git check-ignore -v -z --stdin [4ms]
[2022-10-25T04:12:26.512Z] > git status -z -uall [5ms]
[2022-10-25T04:12:26.518Z] > git symbolic-ref --short HEAD [1ms]
[2022-10-25T04:12:26.525Z] > git for-each-ref --format=%(refname)%00%(upstream:short)%00%(objectname)%00%(upstream:track)%00%(upstream:remotename)%00%(upstream:remoteref) refs/heads/main refs/remotes/main [2ms]
[2022-10-25T04:12:26.537Z] > git for-each-ref --sort -committerdate --format %(refname) %(objectname) %(*objectname) [5ms]
[2022-10-25T04:12:26.538Z] > git remote --verbose [3ms]
[2022-10-25T04:12:26.561Z] > git config --get commit.template [1ms]
[2022-10-25T04:12:31.576Z] > git status -z -uall [6ms]
[2022-10-25T04:12:31.584Z] > git symbolic-ref --short HEAD [2ms]
[2022-10-25T04:12:31.591Z] > git for-each-ref --format=%(refname)%00%(upstream:short)%00%(objectname)%00%(upstream:track)%00%(upstream:remotename)%00%(upstream:remoteref) refs/heads/main refs/remotes/main [1ms]
[2022-10-25T04:12:31.599Z] > git for-each-ref --sort -committerdate --format %(refname) %(objectname) %(*objectname) [4ms]
[2022-10-25T04:12:31.601Z] > git remote --verbose [3ms]
[2022-10-25T04:12:31.630Z] > git config --get commit.template [1ms]
[2022-10-25T04:12:36.648Z] > git status -z -uall [6ms]
[2022-10-25T04:12:36.659Z] > git symbolic-ref --short HEAD [4ms]
[2022-10-25T04:12:36.667Z] > git for-each-ref --format=%(refname)%00%(upstream:short)%00%(objectname)%00%(upstream:track)%00%(upstream:remotename)%00%(upstream:remoteref) refs/heads/main refs/remotes/main [1ms]
[2022-10-25T04:12:36.676Z] > git for-each-ref --sort -committerdate --format %(refname) %(objectname) %(*objectname) [6ms]
[2022-10-25T04:12:36.677Z] > git remote --verbose [3ms]
[2022-10-25T04:12:36.715Z] > git config --get commit.template [12ms]
[2022-10-25T04:12:41.731Z] > git status -z -uall [6ms]
[2022-10-25T04:12:41.738Z] > git symbolic-ref --short HEAD [1ms]
[2022-10-25T04:12:41.743Z] > git for-each-ref --format=%(refname)%00%(upstream:short)%00%(objectname)%00%(upstream:track)%00%(upstream:remotename)%00%(upstream:remoteref) refs/heads/main refs/remotes/main [1ms]
[2022-10-25T04:12:41.751Z] > git for-each-ref --sort -committerdate --format %(refname) %(objectname) %(*objectname) [4ms]
[2022-10-25T04:12:41.751Z] > git remote --verbose [1ms]
[2022-10-25T04:12:41.765Z] > git config --get commit.template [3ms]
[2022-10-25T04:12:46.780Z] > git status -z -uall [6ms]
[2022-10-25T04:12:46.787Z] > git symbolic-ref --short HEAD [1ms]
[2022-10-25T04:12:46.794Z] > git for-each-ref --format=%(refname)%00%(upstream:short)%00%(objectname)%00%(upstream:track)%00%(upstream:remotename)%00%(upstream:remoteref) refs/heads/main refs/remotes/main [2ms]
[2022-10-25T04:12:46.806Z] > git for-each-ref --sort -committerdate --format %(refname) %(objectname) %(*objectname) [6ms]
[2022-10-25T04:12:46.807Z] > git remote --verbose [3ms]
[2022-10-25T04:12:46.832Z] > git config --get commit.template [1ms]
[2022-10-25T04:12:51.848Z] > git status -z -uall [6ms]
[2022-10-25T04:12:51.855Z] > git symbolic-ref --short HEAD [1ms]
[2022-10-25T04:12:51.860Z] > git for-each-ref --format=%(refname)%00%(upstream:short)%00%(objectname)%00%(upstream:track)%00%(upstream:remotename)%00%(upstream:remoteref) refs/heads/main refs/remotes/main [2ms]
[2022-10-25T04:12:51.870Z] > git for-each-ref --sort -committerdate --format %(refname) %(objectname) %(*objectname) [6ms]
[2022-10-25T04:12:51.870Z] > git remote --verbose [1ms]
[2022-10-25T04:12:51.883Z] > git config --get commit.template [1ms]
[2022-10-25T04:12:56.899Z] > git status -z -uall [5ms]
[2022-10-25T04:12:56.907Z] > git symbolic-ref --short HEAD [1ms]
[2022-10-25T04:12:56.914Z] > git for-each-ref --format=%(refname)%00%(upstream:short)%00%(objectname)%00%(upstream:track)%00%(upstream:remotename)%00%(upstream:remoteref) refs/heads/main refs/remotes/main [2ms]
[2022-10-25T04:12:56.924Z] > git for-each-ref --sort -committerdate --format %(refname) %(objectname) %(*objectname) [5ms]
[2022-10-25T04:12:56.925Z] > git remote --verbose [2ms]
[2022-10-25T04:12:56.953Z] > git config --get commit.template [1ms]
[2022-10-25T04:13:01.963Z] > git status -z -uall [5ms]
[2022-10-25T04:13:01.968Z] > git symbolic-ref --short HEAD [1ms]
[2022-10-25T04:13:01.973Z] > git for-each-ref --format=%(refname)%00%(upstream:short)%00%(objectname)%00%(upstream:track)%00%(upstream:remotename)%00%(upstream:remoteref) refs/heads/main refs/remotes/main [2ms]
[2022-10-25T04:13:01.980Z] > git for-each-ref --sort -committerdate --format %(refname) %(objectname) %(*objectname) [4ms]
[2022-10-25T04:13:01.980Z] > git remote --verbose [1ms]
[2022-10-25T04:13:01.992Z] > git config --get commit.template [1ms]
[2022-10-25T04:13:07.008Z] > git status -z -uall [5ms]
[2022-10-25T04:13:07.015Z] > git symbolic-ref --short HEAD [1ms]
[2022-10-25T04:13:07.021Z] > git for-each-ref --format=%(refname)%00%(upstream:short)%00%(objectname)%00%(upstream:track)%00%(upstream:remotename)%00%(upstream:remoteref) refs/heads/main refs/remotes/main [1ms]
[2022-10-25T04:13:07.033Z] > git for-each-ref --sort -committerdate --format %(refname) %(objectname) %(*objectname) [6ms]
[2022-10-25T04:13:07.034Z] > git remote --verbose [2ms]
[2022-10-25T04:13:07.062Z] > git config --get commit.template [2ms]
[2022-10-25T04:13:12.079Z] > git status -z -uall [5ms]
[2022-10-25T04:13:12.086Z] > git symbolic-ref --short HEAD [2ms]
[2022-10-25T04:13:12.094Z] > git for-each-ref --format=%(refname)%00%(upstream:short)%00%(objectname)%00%(upstream:track)%00%(upstream:remotename)%00%(upstream:remoteref) refs/heads/main refs/remotes/main [2ms]
[2022-10-25T04:13:12.107Z] > git for-each-ref --sort -committerdate --format %(refname) %(objectname) %(*objectname) [7ms]
[2022-10-25T04:13:12.108Z] > git remote --verbose [3ms]
[2022-10-25T04:13:12.136Z] > git config --get commit.template [1ms]
[2022-10-25T04:13:17.151Z] > git status -z -uall [5ms]
[2022-10-25T04:13:17.160Z] > git symbolic-ref --short HEAD [1ms]
[2022-10-25T04:13:17.168Z] > git for-each-ref --format=%(refname)%00%(upstream:short)%00%(objectname)%00%(upstream:track)%00%(upstream:remotename)%00%(upstream:remoteref) refs/heads/main refs/remotes/main [2ms]
[2022-10-25T04:13:17.178Z] > git for-each-ref --sort -committerdate --format %(refname) %(objectname) %(*objectname) [4ms]
[2022-10-25T04:13:17.179Z] > git remote --verbose [2ms]
[2022-10-25T04:13:17.205Z] > git config --get commit.template [2ms]
[2022-10-25T04:13:22.221Z] > git status -z -uall [5ms]
[2022-10-25T04:13:22.230Z] > git symbolic-ref --short HEAD [1ms]
[2022-10-25T04:13:22.237Z] > git for-each-ref --format=%(refname)%00%(upstream:short)%00%(objectname)%00%(upstream:track)%00%(upstream:remotename)%00%(upstream:remoteref) refs/heads/main refs/remotes/main [2ms]
[2022-10-25T04:13:22.247Z] > git for-each-ref --sort -committerdate --format %(refname) %(objectname) %(*objectname) [4ms]
[2022-10-25T04:13:22.247Z] > git remote --verbose [1ms]
[2022-10-25T04:13:22.274Z] > git config --get commit.template [1ms]
[2022-10-25T04:13:27.289Z] > git status -z -uall [6ms]
[2022-10-25T04:13:27.297Z] > git symbolic-ref --short HEAD [1ms]
[2022-10-25T04:13:27.305Z] > git for-each-ref --format=%(refname)%00%(upstream:short)%00%(objectname)%00%(upstream:track)%00%(upstream:remotename)%00%(upstream:remoteref) refs/heads/main refs/remotes/main [2ms]
[2022-10-25T04:13:27.315Z] > git for-each-ref --sort -committerdate --format %(refname) %(objectname) %(*objectname) [5ms]
[2022-10-25T04:13:27.316Z] > git remote --verbose [2ms]
[2022-10-25T04:13:27.342Z] > git config --get commit.template [2ms]
[2022-10-25T04:13:32.356Z] > git status -z -uall [6ms]
[2022-10-25T04:13:32.363Z] > git symbolic-ref --short HEAD [1ms]
[2022-10-25T04:13:32.370Z] > git for-each-ref --format=%(refname)%00%(upstream:short)%00%(objectname)%00%(upstream:track)%00%(upstream:remotename)%00%(upstream:remoteref) refs/heads/main refs/remotes/main [1ms]
[2022-10-25T04:13:32.380Z] > git for-each-ref --sort -committerdate --format %(refname) %(objectname) %(*objectname) [4ms]
[2022-10-25T04:13:32.381Z] > git remote --verbose [2ms]
[2022-10-25T04:13:32.407Z] > git config --get commit.template [1ms]
[2022-10-25T04:13:37.426Z] > git status -z -uall [6ms]
[2022-10-25T04:13:37.434Z] > git symbolic-ref --short HEAD [2ms]
[2022-10-25T04:13:37.441Z] > git for-each-ref --format=%(refname)%00%(upstream:short)%00%(objectname)%00%(upstream:track)%00%(upstream:remotename)%00%(upstream:remoteref) refs/heads/main refs/remotes/main [2ms]
[2022-10-25T04:13:37.451Z] > git for-each-ref --sort -committerdate --format %(refname) %(objectname) %(*objectname) [4ms]
[2022-10-25T04:13:37.452Z] > git remote --verbose [2ms]
[2022-10-25T04:13:37.480Z] > git config --get commit.template [2ms]
[2022-10-25T04:13:42.495Z] > git status -z -uall [5ms]
[2022-10-25T04:13:42.502Z] > git symbolic-ref --short HEAD [1ms]
[2022-10-25T04:13:42.510Z] > git for-each-ref --format=%(refname)%00%(upstream:short)%00%(objectname)%00%(upstream:track)%00%(upstream:remotename)%00%(upstream:remoteref) refs/heads/main refs/remotes/main [1ms]
[2022-10-25T04:13:42.520Z] > git for-each-ref --sort -committerdate --format %(refname) %(objectname) %(*objectname) [4ms]
[2022-10-25T04:13:42.521Z] > git remote --verbose [2ms]
[2022-10-25T04:13:42.545Z] > git config --get commit.template [1ms]
[2022-10-25T04:13:47.554Z] > git status -z -uall [4ms]
[2022-10-25T04:13:47.559Z] > git symbolic-ref --short HEAD [1ms]
[2022-10-25T04:13:47.564Z] > git for-each-ref --format=%(refname)%00%(upstream:short)%00%(objectname)%00%(upstream:track)%00%(upstream:remotename)%00%(upstream:remoteref) refs/heads/main refs/remotes/main [2ms]
[2022-10-25T04:13:47.570Z] > git for-each-ref --sort -committerdate --format %(refname) %(objectname) %(*objectname) [3ms]
[2022-10-25T04:13:47.570Z] > git remote --verbose [1ms]
[2022-10-25T04:13:47.584Z] > git config --get commit.template [1ms]
[2022-10-25T04:13:52.598Z] > git status -z -uall [6ms]
[2022-10-25T04:13:52.604Z] > git symbolic-ref --short HEAD [1ms]
[2022-10-25T04:13:52.612Z] > git for-each-ref --format=%(refname)%00%(upstream:short)%00%(objectname)%00%(upstream:track)%00%(upstream:remotename)%00%(upstream:remoteref) refs/heads/main refs/remotes/main [2ms]
[2022-10-25T04:13:52.620Z] > git for-each-ref --sort -committerdate --format %(refname) %(objectname) %(*objectname) [4ms]
[2022-10-25T04:13:52.620Z] > git remote --verbose [1ms]
[2022-10-25T04:13:52.648Z] > git config --get commit.template [2ms]
[2022-10-25T04:13:57.663Z] > git status -z -uall [6ms]
[2022-10-25T04:13:57.672Z] > git symbolic-ref --short HEAD [1ms]
[2022-10-25T04:13:57.679Z] > git for-each-ref --format=%(refname)%00%(upstream:short)%00%(objectname)%00%(upstream:track)%00%(upstream:remotename)%00%(upstream:remoteref) refs/heads/main refs/remotes/main [1ms]
[2022-10-25T04:13:57.688Z] > git for-each-ref --sort -committerdate --format %(refname) %(objectname) %(*objectname) [4ms]
[2022-10-25T04:13:57.689Z] > git remote --verbose [2ms]
[2022-10-25T04:13:57.719Z] > git config --get commit.template [1ms]
[2022-10-25T04:14:02.735Z] > git status -z -uall [5ms]
[2022-10-25T04:14:02.744Z] > git symbolic-ref --short HEAD [1ms]
[2022-10-25T04:14:02.751Z] > git for-each-ref --format=%(refname)%00%(upstream:short)%00%(objectname)%00%(upstream:track)%00%(upstream:remotename)%00%(upstream:remoteref) refs/heads/main refs/remotes/main [2ms]
[2022-10-25T04:14:02.761Z] > git for-each-ref --sort -committerdate --format %(refname) %(objectname) %(*objectname) [5ms]
[2022-10-25T04:14:02.762Z] > git remote --verbose [2ms]
[2022-10-25T04:14:02.787Z] > git config --get commit.template [1ms]
[2022-10-25T04:14:07.801Z] > git status -z -uall [5ms]
[2022-10-25T04:14:07.807Z] > git symbolic-ref --short HEAD [1ms]
[2022-10-25T04:14:07.811Z] > git for-each-ref --format=%(refname)%00%(upstream:short)%00%(objectname)%00%(upstream:track)%00%(upstream:remotename)%00%(upstream:remoteref) refs/heads/main refs/remotes/main [1ms]
[2022-10-25T04:14:07.819Z] > git for-each-ref --sort -committerdate --format %(refname) %(objectname) %(*objectname) [5ms]
[2022-10-25T04:14:07.820Z] > git remote --verbose [1ms]
[2022-10-25T04:14:07.831Z] > git config --get commit.template [1ms]
[2022-10-25T04:14:12.845Z] > git status -z -uall [5ms]
[2022-10-25T04:14:12.854Z] > git symbolic-ref --short HEAD [2ms]
[2022-10-25T04:14:12.860Z] > git for-each-ref --format=%(refname)%00%(upstream:short)%00%(objectname)%00%(upstream:track)%00%(upstream:remotename)%00%(upstream:remoteref) refs/heads/main refs/remotes/main [1ms]
[2022-10-25T04:14:12.870Z] > git for-each-ref --sort -committerdate --format %(refname) %(objectname) %(*objectname) [5ms]
[2022-10-25T04:14:12.871Z] > git remote --verbose [2ms]
[2022-10-25T04:14:12.905Z] > git config --get commit.template [0ms]
[2022-10-25T04:14:17.921Z] > git status -z -uall [5ms]
[2022-10-25T04:14:17.929Z] > git symbolic-ref --short HEAD [2ms]
[2022-10-25T04:14:17.938Z] > git for-each-ref --format=%(refname)%00%(upstream:short)%00%(objectname)%00%(upstream:track)%00%(upstream:remotename)%00%(upstream:remoteref) refs/heads/main refs/remotes/main [2ms]
[2022-10-25T04:14:17.950Z] > git for-each-ref --sort -committerdate --format %(refname) %(objectname) %(*objectname) [6ms]
[2022-10-25T04:14:17.951Z] > git remote --verbose [2ms]
[2022-10-25T04:14:17.978Z] > git config --get commit.template [2ms]
[2022-10-25T04:14:22.992Z] > git status -z -uall [5ms]
[2022-10-25T04:14:23.000Z] > git symbolic-ref --short HEAD [1ms]
[2022-10-25T04:14:23.009Z] > git for-each-ref --format=%(refname)%00%(upstream:short)%00%(objectname)%00%(upstream:track)%00%(upstream:remotename)%00%(upstream:remoteref) refs/heads/main refs/remotes/main [1ms]
[2022-10-25T04:14:23.018Z] > git for-each-ref --sort -committerdate --format %(refname) %(objectname) %(*objectname) [4ms]
[2022-10-25T04:14:23.018Z] > git remote --verbose [1ms]
[2022-10-25T04:14:23.045Z] > git config --get commit.template [1ms]
[2022-10-25T04:14:28.058Z] > git status -z -uall [5ms]
[2022-10-25T04:14:28.067Z] > git symbolic-ref --short HEAD [1ms]
[2022-10-25T04:14:28.075Z] > git for-each-ref --format=%(refname)%00%(upstream:short)%00%(objectname)%00%(upstream:track)%00%(upstream:remotename)%00%(upstream:remoteref) refs/heads/main refs/remotes/main [2ms]
[2022-10-25T04:14:28.084Z] > git for-each-ref --sort -committerdate --format %(refname) %(objectname) %(*objectname) [3ms]
[2022-10-25T04:14:28.084Z] > git remote --verbose [1ms]
[2022-10-25T04:14:28.111Z] > git config --get commit.template [1ms]
[2022-10-25T04:14:33.125Z] > git status -z -uall [5ms]
[2022-10-25T04:14:33.130Z] > git symbolic-ref --short HEAD [1ms]
[2022-10-25T04:14:33.134Z] > git for-each-ref --format=%(refname)%00%(upstream:short)%00%(objectname)%00%(upstream:track)%00%(upstream:remotename)%00%(upstream:remoteref) refs/heads/main refs/remotes/main [1ms]
[2022-10-25T04:14:33.142Z] > git for-each-ref --sort -committerdate --format %(refname) %(objectname) %(*objectname) [4ms]
[2022-10-25T04:14:33.142Z] > git remote --verbose [1ms]
[2022-10-25T04:14:33.156Z] > git config --get commit.template [1ms]
[2022-10-25T04:14:38.171Z] > git status -z -uall [5ms]
[2022-10-25T04:14:38.179Z] > git symbolic-ref --short HEAD [2ms]
[2022-10-25T04:14:38.184Z] > git for-each-ref --format=%(refname)%00%(upstream:short)%00%(objectname)%00%(upstream:track)%00%(upstream:remotename)%00%(upstream:remoteref) refs/heads/main refs/remotes/main [1ms]
[2022-10-25T04:14:38.193Z] > git for-each-ref --sort -committerdate --format %(refname) %(objectname) %(*objectname) [6ms]
[2022-10-25T04:14:38.193Z] > git remote --verbose [1ms]
[2022-10-25T04:14:38.204Z] > git config --get commit.template [1ms]
[2022-10-25T04:14:43.219Z] > git status -z -uall [5ms]
[2022-10-25T04:14:43.225Z] > git symbolic-ref --short HEAD [1ms]
[2022-10-25T04:14:43.231Z] > git for-each-ref --format=%(refname)%00%(upstream:short)%00%(objectname)%00%(upstream:track)%00%(upstream:remotename)%00%(upstream:remoteref) refs/heads/main refs/remotes/main [1ms]
[2022-10-25T04:14:43.241Z] > git for-each-ref --sort -committerdate --format %(refname) %(objectname) %(*objectname) [5ms]
[2022-10-25T04:14:43.241Z] > git remote --verbose [1ms]
[2022-10-25T04:14:43.255Z] > git config --get commit.template [0ms]
[2022-10-25T04:14:48.269Z] > git status -z -uall [4ms]
[2022-10-25T04:14:48.278Z] > git symbolic-ref --short HEAD [2ms]
[2022-10-25T04:14:48.285Z] > git for-each-ref --format=%(refname)%00%(upstream:short)%00%(objectname)%00%(upstream:track)%00%(upstream:remotename)%00%(upstream:remoteref) refs/heads/main refs/remotes/main [2ms]
[2022-10-25T04:14:48.294Z] > git for-each-ref --sort -committerdate --format %(refname) %(objectname) %(*objectname) [4ms]
[2022-10-25T04:14:48.295Z] > git remote --verbose [1ms]
[2022-10-25T04:14:48.321Z] > git config --get commit.template [1ms]
[2022-10-25T04:14:53.339Z] > git status -z -uall [6ms]
[2022-10-25T04:14:53.346Z] > git symbolic-ref --short HEAD [2ms]
[2022-10-25T04:14:53.354Z] > git for-each-ref --format=%(refname)%00%(upstream:short)%00%(objectname)%00%(upstream:track)%00%(upstream:remotename)%00%(upstream:remoteref) refs/heads/main refs/remotes/main [2ms]
[2022-10-25T04:14:53.364Z] > git for-each-ref --sort -committerdate --format %(refname) %(objectname) %(*objectname) [5ms]
[2022-10-25T04:14:53.365Z] > git remote --verbose [2ms]
[2022-10-25T04:14:53.392Z] > git config --get commit.template [1ms]
[2022-10-25T04:14:58.404Z] > git status -z -uall [4ms]
[2022-10-25T04:14:58.410Z] > git symbolic-ref --short HEAD [1ms]
[2022-10-25T04:14:58.414Z] > git for-each-ref --format=%(refname)%00%(upstream:short)%00%(objectname)%00%(upstream:track)%00%(upstream:remotename)%00%(upstream:remoteref) refs/heads/main refs/remotes/main [1ms]
[2022-10-25T04:14:58.421Z] > git for-each-ref --sort -committerdate --format %(refname) %(objectname) %(*objectname) [4ms]
[2022-10-25T04:14:58.421Z] > git remote --verbose [1ms]
[2022-10-25T04:14:58.433Z] > git config --get commit.template [0ms]
[2022-10-25T04:15:03.448Z] > git status -z -uall [5ms]
[2022-10-25T04:15:03.456Z] > git symbolic-ref --short HEAD [2ms]
[2022-10-25T04:15:03.462Z] > git for-each-ref --format=%(refname)%00%(upstream:short)%00%(objectname)%00%(upstream:track)%00%(upstream:remotename)%00%(upstream:remoteref) refs/heads/main refs/remotes/main [2ms]
[2022-10-25T04:15:03.474Z] > git for-each-ref --sort -committerdate --format %(refname) %(objectname) %(*objectname) [5ms]
[2022-10-25T04:15:03.475Z] > git remote --verbose [2ms]
[2022-10-25T04:15:03.501Z] > git config --get commit.template [1ms]
[2022-10-25T04:15:08.518Z] > git status -z -uall [7ms]
[2022-10-25T04:15:08.523Z] > git symbolic-ref --short HEAD [1ms]
[2022-10-25T04:15:08.529Z] > git for-each-ref --format=%(refname)%00%(upstream:short)%00%(objectname)%00%(upstream:track)%00%(upstream:remotename)%00%(upstream:remoteref) refs/heads/main refs/remotes/main [1ms]
[2022-10-25T04:15:08.540Z] > git for-each-ref --sort -committerdate --format %(refname) %(objectname) %(*objectname) [7ms]
[2022-10-25T04:15:08.540Z] > git remote --verbose [1ms]
[2022-10-25T04:15:08.554Z] > git config --get commit.template [1ms]
[2022-10-25T04:15:13.563Z] > git status -z -uall [4ms]
[2022-10-25T04:15:13.569Z] > git symbolic-ref --short HEAD [2ms]
[2022-10-25T04:15:13.576Z] > git for-each-ref --format=%(refname)%00%(upstream:short)%00%(objectname)%00%(upstream:track)%00%(upstream:remotename)%00%(upstream:remoteref) refs/heads/main refs/remotes/main [2ms]
[2022-10-25T04:15:13.584Z] > git for-each-ref --sort -committerdate --format %(refname) %(objectname) %(*objectname) [4ms]
[2022-10-25T04:15:13.585Z] > git remote --verbose [2ms]
[2022-10-25T04:15:13.598Z] > git config --get commit.template [0ms]
[2022-10-25T04:15:18.612Z] > git status -z -uall [5ms]
[2022-10-25T04:15:18.619Z] > git symbolic-ref --short HEAD [1ms]
[2022-10-25T04:15:18.630Z] > git for-each-ref --format=%(refname)%00%(upstream:short)%00%(objectname)%00%(upstream:track)%00%(upstream:remotename)%00%(upstream:remoteref) refs/heads/main refs/remotes/main [3ms]
[2022-10-25T04:15:18.641Z] > git for-each-ref --sort -committerdate --format %(refname) %(objectname) %(*objectname) [6ms]
[2022-10-25T04:15:18.642Z] > git remote --verbose [2ms]
[2022-10-25T04:15:18.670Z] > git config --get commit.template [1ms]
[2022-10-25T04:15:23.683Z] > git status -z -uall [5ms]
[2022-10-25T04:15:23.690Z] > git symbolic-ref --short HEAD [1ms]
[2022-10-25T04:15:23.697Z] > git for-each-ref --format=%(refname)%00%(upstream:short)%00%(objectname)%00%(upstream:track)%00%(upstream:remotename)%00%(upstream:remoteref) refs/heads/main refs/remotes/main [1ms]
[2022-10-25T04:15:23.711Z] > git for-each-ref --sort -committerdate --format %(refname) %(objectname) %(*objectname) [7ms]
[2022-10-25T04:15:23.712Z] > git remote --verbose [2ms]
[2022-10-25T04:15:23.739Z] > git config --get commit.template [1ms]
[2022-10-25T04:15:28.752Z] > git status -z -uall [5ms]
[2022-10-25T04:15:28.759Z] > git symbolic-ref --short HEAD [1ms]
[2022-10-25T04:15:28.769Z] > git for-each-ref --format=%(refname)%00%(upstream:short)%00%(objectname)%00%(upstream:track)%00%(upstream:remotename)%00%(upstream:remoteref) refs/heads/main refs/remotes/main [2ms]
[2022-10-25T04:15:28.780Z] > git for-each-ref --sort -committerdate --format %(refname) %(objectname) %(*objectname) [6ms]
[2022-10-25T04:15:28.781Z] > git remote --verbose [2ms]
[2022-10-25T04:15:28.805Z] > git config --get commit.template [4ms]
[2022-10-25T04:15:33.818Z] > git status -z -uall [5ms]
[2022-10-25T04:15:33.825Z] > git symbolic-ref --short HEAD [1ms]
[2022-10-25T04:15:33.834Z] > git for-each-ref --format=%(refname)%00%(upstream:short)%00%(objectname)%00%(upstream:track)%00%(upstream:remotename)%00%(upstream:remoteref) refs/heads/main refs/remotes/main [2ms]
[2022-10-25T04:15:33.844Z] > git for-each-ref --sort -committerdate --format %(refname) %(objectname) %(*objectname) [4ms]
[2022-10-25T04:15:33.845Z] > git remote --verbose [2ms]
[2022-10-25T04:15:33.872Z] > git config --get commit.template [2ms]
[2022-10-25T04:15:38.888Z] > git status -z -uall [5ms]
[2022-10-25T04:15:38.897Z] > git symbolic-ref --short HEAD [1ms]
[2022-10-25T04:15:38.903Z] > git for-each-ref --format=%(refname)%00%(upstream:short)%00%(objectname)%00%(upstream:track)%00%(upstream:remotename)%00%(upstream:remoteref) refs/heads/main refs/remotes/main [1ms]
[2022-10-25T04:15:38.913Z] > git for-each-ref --sort -committerdate --format %(refname) %(objectname) %(*objectname) [6ms]
[2022-10-25T04:15:38.914Z] > git remote --verbose [3ms]
[2022-10-25T04:15:38.937Z] > git config --get commit.template [1ms]
[2022-10-25T04:15:43.951Z] > git status -z -uall [5ms]
[2022-10-25T04:15:43.960Z] > git symbolic-ref --short HEAD [1ms]
[2022-10-25T04:15:43.967Z] > git for-each-ref --format=%(refname)%00%(upstream:short)%00%(objectname)%00%(upstream:track)%00%(upstream:remotename)%00%(upstream:remoteref) refs/heads/main refs/remotes/main [2ms]
[2022-10-25T04:15:43.978Z] > git for-each-ref --sort -committerdate --format %(refname) %(objectname) %(*objectname) [7ms]
[2022-10-25T04:15:43.979Z] > git remote --verbose [3ms]
[2022-10-25T04:15:44.002Z] > git config --get commit.template [1ms]
[2022-10-25T04:15:49.018Z] > git status -z -uall [8ms]
[2022-10-25T04:15:49.028Z] > git symbolic-ref --short HEAD [3ms]
[2022-10-25T04:15:49.035Z] > git for-each-ref --format=%(refname)%00%(upstream:short)%00%(objectname)%00%(upstream:track)%00%(upstream:remotename)%00%(upstream:remoteref) refs/heads/main refs/remotes/main [2ms]
[2022-10-25T04:15:49.048Z] > git for-each-ref --sort -committerdate --format %(refname) %(objectname) %(*objectname) [6ms]
[2022-10-25T04:15:49.049Z] > git remote --verbose [2ms]
[2022-10-25T04:15:49.066Z] > git config --get commit.template [2ms]
[2022-10-25T04:16:42.328Z] > git status -z -uall [5ms]
[2022-10-25T04:16:42.337Z] > git symbolic-ref --short HEAD [1ms]
[2022-10-25T04:16:42.343Z] > git for-each-ref --format=%(refname)%00%(upstream:short)%00%(objectname)%00%(upstream:track)%00%(upstream:remotename)%00%(upstream:remoteref) refs/heads/main refs/remotes/main [1ms]
[2022-10-25T04:16:42.355Z] > git remote --verbose [2ms]
[2022-10-25T04:16:42.355Z] > git for-each-ref --sort -committerdate --format %(refname) %(objectname) %(*objectname) [7ms]
[2022-10-25T04:16:42.375Z] > git config --get commit.template [1ms]
[2022-10-25T04:16:47.388Z] > git status -z -uall [5ms]
[2022-10-25T04:16:47.395Z] > git symbolic-ref --short HEAD [1ms]
[2022-10-25T04:16:47.402Z] > git for-each-ref --format=%(refname)%00%(upstream:short)%00%(objectname)%00%(upstream:track)%00%(upstream:remotename)%00%(upstream:remoteref) refs/heads/main refs/remotes/main [2ms]
[2022-10-25T04:16:47.413Z] > git for-each-ref --sort -committerdate --format %(refname) %(objectname) %(*objectname) [7ms]
[2022-10-25T04:16:47.413Z] > git remote --verbose [1ms]
[2022-10-25T04:16:47.427Z] > git config --get commit.template [1ms]
[2022-10-25T04:16:52.438Z] > git status -z -uall [5ms]
[2022-10-25T04:16:52.443Z] > git symbolic-ref --short HEAD [1ms]
[2022-10-25T04:16:52.447Z] > git for-each-ref --format=%(refname)%00%(upstream:short)%00%(objectname)%00%(upstream:track)%00%(upstream:remotename)%00%(upstream:remoteref) refs/heads/main refs/remotes/main [1ms]
[2022-10-25T04:16:52.457Z] > git for-each-ref --sort -committerdate --format %(refname) %(objectname) %(*objectname) [5ms]
[2022-10-25T04:16:52.457Z] > git remote --verbose [1ms]
[2022-10-25T04:16:52.469Z] > git config --get commit.template [1ms]
[2022-10-25T04:16:57.482Z] > git status -z -uall [5ms]
[2022-10-25T04:16:57.490Z] > git symbolic-ref --short HEAD [1ms]
[2022-10-25T04:16:57.497Z] > git for-each-ref --format=%(refname)%00%(upstream:short)%00%(objectname)%00%(upstream:track)%00%(upstream:remotename)%00%(upstream:remoteref) refs/heads/main refs/remotes/main [2ms]
[2022-10-25T04:16:57.507Z] > git for-each-ref --sort -committerdate --format %(refname) %(objectname) %(*objectname) [5ms]
[2022-10-25T04:16:57.508Z] > git remote --verbose [2ms]
[2022-10-25T04:16:57.534Z] > git config --get commit.template [1ms]
[2022-10-25T04:17:02.548Z] > git status -z -uall [5ms]
[2022-10-25T04:17:02.555Z] > git symbolic-ref --short HEAD [1ms]
[2022-10-25T04:17:02.563Z] > git for-each-ref --format=%(refname)%00%(upstream:short)%00%(objectname)%00%(upstream:track)%00%(upstream:remotename)%00%(upstream:remoteref) refs/heads/main refs/remotes/main [2ms]
[2022-10-25T04:17:02.574Z] > git for-each-ref --sort -committerdate --format %(refname) %(objectname) %(*objectname) [6ms]
[2022-10-25T04:17:02.575Z] > git remote --verbose [2ms]
[2022-10-25T04:17:02.600Z] > git config --get commit.template [1ms]
[2022-10-25T04:17:07.614Z] > git status -z -uall [5ms]
[2022-10-25T04:17:07.622Z] > git symbolic-ref --short HEAD [2ms]
[2022-10-25T04:17:07.629Z] > git for-each-ref --format=%(refname)%00%(upstream:short)%00%(objectname)%00%(upstream:track)%00%(upstream:remotename)%00%(upstream:remoteref) refs/heads/main refs/remotes/main [1ms]
[2022-10-25T04:17:07.640Z] > git for-each-ref --sort -committerdate --format %(refname) %(objectname) %(*objectname) [4ms]
[2022-10-25T04:17:07.641Z] > git remote --verbose [2ms]
[2022-10-25T04:17:07.667Z] > git config --get commit.template [2ms]
[2022-10-25T04:17:58.996Z] > git status -z -uall [4ms]
[2022-10-25T04:17:59.005Z] > git symbolic-ref --short HEAD [2ms]
[2022-10-25T04:17:59.011Z] > git for-each-ref --format=%(refname)%00%(upstream:short)%00%(objectname)%00%(upstream:track)%00%(upstream:remotename)%00%(upstream:remoteref) refs/heads/main refs/remotes/main [1ms]
[2022-10-25T04:17:59.023Z] > git for-each-ref --sort -committerdate --format %(refname) %(objectname) %(*objectname) [6ms]
[2022-10-25T04:17:59.023Z] > git remote --verbose [1ms]
[2022-10-25T04:17:59.041Z] > git config --get commit.template [1ms]
[2022-10-25T04:18:04.055Z] > git status -z -uall [5ms]
[2022-10-25T04:18:04.062Z] > git symbolic-ref --short HEAD [1ms]
[2022-10-25T04:18:04.072Z] > git for-each-ref --format=%(refname)%00%(upstream:short)%00%(objectname)%00%(upstream:track)%00%(upstream:remotename)%00%(upstream:remoteref) refs/heads/main refs/remotes/main [1ms]
[2022-10-25T04:18:04.081Z] > git for-each-ref --sort -committerdate --format %(refname) %(objectname) %(*objectname) [5ms]
[2022-10-25T04:18:04.082Z] > git remote --verbose [2ms]
[2022-10-25T04:18:04.107Z] > git config --get commit.template [1ms]
[2022-10-25T04:18:09.122Z] > git status -z -uall [5ms]
[2022-10-25T04:18:09.129Z] > git symbolic-ref --short HEAD [1ms]
[2022-10-25T04:18:09.138Z] > git for-each-ref --format=%(refname)%00%(upstream:short)%00%(objectname)%00%(upstream:track)%00%(upstream:remotename)%00%(upstream:remoteref) refs/heads/main refs/remotes/main [1ms]
[2022-10-25T04:18:09.150Z] > git for-each-ref --sort -committerdate --format %(refname) %(objectname) %(*objectname) [8ms]
[2022-10-25T04:18:09.151Z] > git remote --verbose [3ms]
[2022-10-25T04:18:09.174Z] > git config --get commit.template [1ms]
[2022-10-25T04:18:23.706Z] > git status -z -uall [6ms]
[2022-10-25T04:18:23.712Z] > git symbolic-ref --short HEAD [1ms]
[2022-10-25T04:18:23.717Z] > git for-each-ref --format=%(refname)%00%(upstream:short)%00%(objectname)%00%(upstream:track)%00%(upstream:remotename)%00%(upstream:remoteref) refs/heads/main refs/remotes/main [1ms]
[2022-10-25T04:18:23.730Z] > git for-each-ref --sort -committerdate --format %(refname) %(objectname) %(*objectname) [7ms]
[2022-10-25T04:18:23.730Z] > git remote --verbose [1ms]
[2022-10-25T04:18:23.747Z] > git config --get commit.template [1ms]
[2022-10-25T04:18:28.760Z] > git status -z -uall [5ms]
[2022-10-25T04:18:28.768Z] > git symbolic-ref --short HEAD [2ms]
[2022-10-25T04:18:28.775Z] > git for-each-ref --format=%(refname)%00%(upstream:short)%00%(objectname)%00%(upstream:track)%00%(upstream:remotename)%00%(upstream:remoteref) refs/heads/main refs/remotes/main [2ms]
[2022-10-25T04:18:28.784Z] > git for-each-ref --sort -committerdate --format %(refname) %(objectname) %(*objectname) [4ms]
[2022-10-25T04:18:28.785Z] > git remote --verbose [2ms]
[2022-10-25T04:18:28.812Z] > git config --get commit.template [2ms]
[2022-10-25T04:18:33.826Z] > git status -z -uall [6ms]
[2022-10-25T04:18:33.832Z] > git symbolic-ref --short HEAD [1ms]
[2022-10-25T04:18:33.839Z] > git for-each-ref --format=%(refname)%00%(upstream:short)%00%(objectname)%00%(upstream:track)%00%(upstream:remotename)%00%(upstream:remoteref) refs/heads/main refs/remotes/main [1ms]
[2022-10-25T04:18:33.851Z] > git for-each-ref --sort -committerdate --format %(refname) %(objectname) %(*objectname) [5ms]
[2022-10-25T04:18:33.851Z] > git remote --verbose [1ms]
[2022-10-25T04:18:33.882Z] > git config --get commit.template [3ms]
[2022-10-25T04:18:38.897Z] > git status -z -uall [5ms]
[2022-10-25T04:18:38.904Z] > git symbolic-ref --short HEAD [1ms]
[2022-10-25T04:18:38.912Z] > git for-each-ref --format=%(refname)%00%(upstream:short)%00%(objectname)%00%(upstream:track)%00%(upstream:remotename)%00%(upstream:remoteref) refs/heads/main refs/remotes/main [1ms]
[2022-10-25T04:18:38.921Z] > git for-each-ref --sort -committerdate --format %(refname) %(objectname) %(*objectname) [5ms]
[2022-10-25T04:18:38.922Z] > git remote --verbose [2ms]
[2022-10-25T04:18:38.949Z] > git config --get commit.template [1ms]
[2022-10-25T04:19:48.839Z] > git status -z -uall [5ms]
[2022-10-25T04:19:48.846Z] > git symbolic-ref --short HEAD [2ms]
[2022-10-25T04:19:48.852Z] > git for-each-ref --format=%(refname)%00%(upstream:short)%00%(objectname)%00%(upstream:track)%00%(upstream:remotename)%00%(upstream:remoteref) refs/heads/main refs/remotes/main [1ms]
[2022-10-25T04:19:48.862Z] > git for-each-ref --sort -committerdate --format %(refname) %(objectname) %(*objectname) [5ms]
[2022-10-25T04:19:48.863Z] > git remote --verbose [1ms]
[2022-10-25T04:19:48.884Z] > git config --get commit.template [2ms]
[2022-10-25T04:19:55.634Z] > git status -z -uall [4ms]
[2022-10-25T04:19:55.639Z] > git symbolic-ref --short HEAD [1ms]
[2022-10-25T04:19:55.645Z] > git for-each-ref --format=%(refname)%00%(upstream:short)%00%(objectname)%00%(upstream:track)%00%(upstream:remotename)%00%(upstream:remoteref) refs/heads/main refs/remotes/main [2ms]
[2022-10-25T04:19:55.654Z] > git for-each-ref --sort -committerdate --format %(refname) %(objectname) %(*objectname) [5ms]
[2022-10-25T04:19:55.654Z] > git remote --verbose [1ms]
[2022-10-25T04:19:55.670Z] > git config --get commit.template [1ms]
[2022-10-25T04:20:00.685Z] > git status -z -uall [5ms]
[2022-10-25T04:20:00.692Z] > git symbolic-ref --short HEAD [1ms]
[2022-10-25T04:20:00.698Z] > git for-each-ref --format=%(refname)%00%(upstream:short)%00%(objectname)%00%(upstream:track)%00%(upstream:remotename)%00%(upstream:remoteref) refs/heads/main refs/remotes/main [2ms]
[2022-10-25T04:20:00.708Z] > git for-each-ref --sort -committerdate --format %(refname) %(objectname) %(*objectname) [5ms]
[2022-10-25T04:20:00.709Z] > git remote --verbose [2ms]
[2022-10-25T04:20:00.734Z] > git config --get commit.template [1ms]
[2022-10-25T04:20:05.748Z] > git status -z -uall [5ms]
[2022-10-25T04:20:05.755Z] > git symbolic-ref --short HEAD [2ms]
[2022-10-25T04:20:05.764Z] > git for-each-ref --format=%(refname)%00%(upstream:short)%00%(objectname)%00%(upstream:track)%00%(upstream:remotename)%00%(upstream:remoteref) refs/heads/main refs/remotes/main [2ms]
[2022-10-25T04:20:05.774Z] > git for-each-ref --sort -committerdate --format %(refname) %(objectname) %(*objectname) [5ms]
[2022-10-25T04:20:05.775Z] > git remote --verbose [2ms]
[2022-10-25T04:20:05.804Z] > git config --get commit.template [1ms]
[2022-10-25T04:20:10.819Z] > git status -z -uall [6ms]
[2022-10-25T04:20:10.827Z] > git symbolic-ref --short HEAD [1ms]
[2022-10-25T04:20:10.835Z] > git for-each-ref --format=%(refname)%00%(upstream:short)%00%(objectname)%00%(upstream:track)%00%(upstream:remotename)%00%(upstream:remoteref) refs/heads/main refs/remotes/main [2ms]
[2022-10-25T04:20:10.846Z] > git for-each-ref --sort -committerdate --format %(refname) %(objectname) %(*objectname) [6ms]
[2022-10-25T04:20:10.847Z] > git remote --verbose [2ms]
[2022-10-25T04:20:10.874Z] > git config --get commit.template [1ms]
[2022-10-25T04:20:15.888Z] > git status -z -uall [5ms]
[2022-10-25T04:20:15.895Z] > git symbolic-ref --short HEAD [1ms]
[2022-10-25T04:20:15.904Z] > git for-each-ref --format=%(refname)%00%(upstream:short)%00%(objectname)%00%(upstream:track)%00%(upstream:remotename)%00%(upstream:remoteref) refs/heads/main refs/remotes/main [2ms]
[2022-10-25T04:20:15.914Z] > git for-each-ref --sort -committerdate --format %(refname) %(objectname) %(*objectname) [5ms]
[2022-10-25T04:20:15.915Z] > git remote --verbose [2ms]
[2022-10-25T04:20:15.941Z] > git config --get commit.template [1ms]
[2022-10-25T04:20:20.957Z] > git status -z -uall [7ms]
[2022-10-25T04:20:20.962Z] > git symbolic-ref --short HEAD [1ms]
[2022-10-25T04:20:20.968Z] > git for-each-ref --format=%(refname)%00%(upstream:short)%00%(objectname)%00%(upstream:track)%00%(upstream:remotename)%00%(upstream:remoteref) refs/heads/main refs/remotes/main [2ms]
[2022-10-25T04:20:20.978Z] > git for-each-ref --sort -committerdate --format %(refname) %(objectname) %(*objectname) [5ms]
[2022-10-25T04:20:20.978Z] > git remote --verbose [2ms]
[2022-10-25T04:20:21.013Z] > git config --get commit.template [9ms]
[2022-10-25T04:22:35.849Z] > git status -z -uall [4ms]
[2022-10-25T04:22:35.855Z] > git symbolic-ref --short HEAD [1ms]
[2022-10-25T04:22:35.862Z] > git for-each-ref --format=%(refname)%00%(upstream:short)%00%(objectname)%00%(upstream:track)%00%(upstream:remotename)%00%(upstream:remoteref) refs/heads/main refs/remotes/main [2ms]
[2022-10-25T04:22:35.877Z] > git for-each-ref --sort -committerdate --format %(refname) %(objectname) %(*objectname) [9ms]
[2022-10-25T04:22:35.878Z] > git remote --verbose [1ms]
[2022-10-25T04:22:35.908Z] > git config --get commit.template [2ms]
[2022-10-25T04:22:48.945Z] > git status -z -uall [4ms]
[2022-10-25T04:22:48.952Z] > git symbolic-ref --short HEAD [1ms]
[2022-10-25T04:22:48.958Z] > git for-each-ref --format=%(refname)%00%(upstream:short)%00%(objectname)%00%(upstream:track)%00%(upstream:remotename)%00%(upstream:remoteref) refs/heads/main refs/remotes/main [1ms]
[2022-10-25T04:22:48.969Z] > git for-each-ref --sort -committerdate --format %(refname) %(objectname) %(*objectname) [6ms]
[2022-10-25T04:22:48.969Z] > git remote --verbose [1ms]
[2022-10-25T04:22:48.984Z] > git config --get commit.template [1ms]
[2022-10-25T04:22:53.999Z] > git status -z -uall [6ms]
[2022-10-25T04:22:54.007Z] > git symbolic-ref --short HEAD [1ms]
[2022-10-25T04:22:54.014Z] > git for-each-ref --format=%(refname)%00%(upstream:short)%00%(objectname)%00%(upstream:track)%00%(upstream:remotename)%00%(upstream:remoteref) refs/heads/main refs/remotes/main [2ms]
[2022-10-25T04:22:54.024Z] > git for-each-ref --sort -committerdate --format %(refname) %(objectname) %(*objectname) [5ms]
[2022-10-25T04:22:54.024Z] > git remote --verbose [1ms]
[2022-10-25T04:22:54.050Z] > git config --get commit.template [2ms]
[2022-10-25T04:22:59.063Z] > git status -z -uall [5ms]
[2022-10-25T04:22:59.071Z] > git symbolic-ref --short HEAD [1ms]
[2022-10-25T04:22:59.078Z] > git for-each-ref --format=%(refname)%00%(upstream:short)%00%(objectname)%00%(upstream:track)%00%(upstream:remotename)%00%(upstream:remoteref) refs/heads/main refs/remotes/main [2ms]
[2022-10-25T04:22:59.087Z] > git for-each-ref --sort -committerdate --format %(refname) %(objectname) %(*objectname) [4ms]
[2022-10-25T04:22:59.088Z] > git remote --verbose [1ms]
[2022-10-25T04:22:59.114Z] > git config --get commit.template [1ms]
[2022-10-25T04:23:04.127Z] > git status -z -uall [5ms]
[2022-10-25T04:23:04.134Z] > git symbolic-ref --short HEAD [1ms]
[2022-10-25T04:23:04.140Z] > git for-each-ref --format=%(refname)%00%(upstream:short)%00%(objectname)%00%(upstream:track)%00%(upstream:remotename)%00%(upstream:remoteref) refs/heads/main refs/remotes/main [2ms]
[2022-10-25T04:23:04.147Z] > git for-each-ref --sort -committerdate --format %(refname) %(objectname) %(*objectname) [4ms]
[2022-10-25T04:23:04.147Z] > git remote --verbose [1ms]
[2022-10-25T04:23:04.158Z] > git config --get commit.template [1ms]
[2022-10-25T04:23:09.171Z] > git status -z -uall [5ms]
[2022-10-25T04:23:09.178Z] > git symbolic-ref --short HEAD [1ms]
[2022-10-25T04:23:09.185Z] > git for-each-ref --format=%(refname)%00%(upstream:short)%00%(objectname)%00%(upstream:track)%00%(upstream:remotename)%00%(upstream:remoteref) refs/heads/main refs/remotes/main [1ms]
[2022-10-25T04:23:09.194Z] > git for-each-ref --sort -committerdate --format %(refname) %(objectname) %(*objectname) [4ms]
[2022-10-25T04:23:09.195Z] > git remote --verbose [1ms]
[2022-10-25T04:23:09.221Z] > git config --get commit.template [1ms]
[2022-10-25T04:23:17.749Z] > git status -z -uall [5ms]
[2022-10-25T04:23:17.757Z] > git symbolic-ref --short HEAD [1ms]
[2022-10-25T04:23:17.764Z] > git for-each-ref --format=%(refname)%00%(upstream:short)%00%(objectname)%00%(upstream:track)%00%(upstream:remotename)%00%(upstream:remoteref) refs/heads/main refs/remotes/main [2ms]
[2022-10-25T04:23:17.775Z] > git for-each-ref --sort -committerdate --format %(refname) %(objectname) %(*objectname) [7ms]
[2022-10-25T04:23:17.775Z] > git remote --verbose [1ms]
[2022-10-25T04:23:17.791Z] > git config --get commit.template [1ms]
[2022-10-25T04:23:23.790Z] > git status -z -uall [5ms]
[2022-10-25T04:23:23.797Z] > git symbolic-ref --short HEAD [1ms]
[2022-10-25T04:23:23.804Z] > git for-each-ref --format=%(refname)%00%(upstream:short)%00%(objectname)%00%(upstream:track)%00%(upstream:remotename)%00%(upstream:remoteref) refs/heads/main refs/remotes/main [2ms]
[2022-10-25T04:23:23.814Z] > git for-each-ref --sort -committerdate --format %(refname) %(objectname) %(*objectname) [6ms]
[2022-10-25T04:23:23.815Z] > git remote --verbose [2ms]
[2022-10-25T04:23:23.832Z] > git config --get commit.template [1ms]
[2022-10-25T04:23:28.844Z] > git status -z -uall [5ms]
[2022-10-25T04:23:28.848Z] > git symbolic-ref --short HEAD [1ms]
[2022-10-25T04:23:28.852Z] > git for-each-ref --format=%(refname)%00%(upstream:short)%00%(objectname)%00%(upstream:track)%00%(upstream:remotename)%00%(upstream:remoteref) refs/heads/main refs/remotes/main [1ms]
[2022-10-25T04:23:28.858Z] > git for-each-ref --sort -committerdate --format %(refname) %(objectname) %(*objectname) [4ms]
[2022-10-25T04:23:28.858Z] > git remote --verbose [1ms]
[2022-10-25T04:23:28.869Z] > git config --get commit.template [1ms]
[2022-10-25T04:23:33.878Z] > git status -z -uall [5ms]
[2022-10-25T04:23:33.884Z] > git symbolic-ref --short HEAD [1ms]
[2022-10-25T04:23:33.888Z] > git for-each-ref --format=%(refname)%00%(upstream:short)%00%(objectname)%00%(upstream:track)%00%(upstream:remotename)%00%(upstream:remoteref) refs/heads/main refs/remotes/main [1ms]
[2022-10-25T04:23:33.896Z] > git for-each-ref --sort -committerdate --format %(refname) %(objectname) %(*objectname) [5ms]
[2022-10-25T04:23:33.896Z] > git remote --verbose [1ms]
[2022-10-25T04:23:33.907Z] > git config --get commit.template [1ms]
[2022-10-25T04:23:38.921Z] > git status -z -uall [5ms]
[2022-10-25T04:23:38.928Z] > git symbolic-ref --short HEAD [2ms]
[2022-10-25T04:23:38.934Z] > git for-each-ref --format=%(refname)%00%(upstream:short)%00%(objectname)%00%(upstream:track)%00%(upstream:remotename)%00%(upstream:remoteref) refs/heads/main refs/remotes/main [2ms]
[2022-10-25T04:23:38.943Z] > git for-each-ref --sort -committerdate --format %(refname) %(objectname) %(*objectname) [5ms]
[2022-10-25T04:23:38.944Z] > git remote --verbose [2ms]
[2022-10-25T04:23:38.967Z] > git config --get commit.template [1ms]
[2022-10-25T04:23:43.982Z] > git status -z -uall [5ms]
[2022-10-25T04:23:43.988Z] > git symbolic-ref --short HEAD [1ms]
[2022-10-25T04:23:43.995Z] > git for-each-ref --format=%(refname)%00%(upstream:short)%00%(objectname)%00%(upstream:track)%00%(upstream:remotename)%00%(upstream:remoteref) refs/heads/main refs/remotes/main [2ms]
[2022-10-25T04:23:44.007Z] > git for-each-ref --sort -committerdate --format %(refname) %(objectname) %(*objectname) [7ms]
[2022-10-25T04:23:44.008Z] > git remote --verbose [2ms]
[2022-10-25T04:23:44.034Z] > git config --get commit.template [1ms]
[2022-10-25T04:23:49.046Z] > git status -z -uall [5ms]
[2022-10-25T04:23:49.054Z] > git symbolic-ref --short HEAD [1ms]
[2022-10-25T04:23:49.062Z] > git for-each-ref --format=%(refname)%00%(upstream:short)%00%(objectname)%00%(upstream:track)%00%(upstream:remotename)%00%(upstream:remoteref) refs/heads/main refs/remotes/main [2ms]
[2022-10-25T04:23:49.070Z] > git for-each-ref --sort -committerdate --format %(refname) %(objectname) %(*objectname) [3ms]
[2022-10-25T04:23:49.071Z] > git remote --verbose [1ms]
[2022-10-25T04:23:49.093Z] > git config --get commit.template [2ms]
[2022-10-25T04:23:54.105Z] > git status -z -uall [4ms]
[2022-10-25T04:23:54.110Z] > git symbolic-ref --short HEAD [0ms]
[2022-10-25T04:23:54.116Z] > git for-each-ref --format=%(refname)%00%(upstream:short)%00%(objectname)%00%(upstream:track)%00%(upstream:remotename)%00%(upstream:remoteref) refs/heads/main refs/remotes/main [1ms]
[2022-10-25T04:23:54.126Z] > git for-each-ref --sort -committerdate --format %(refname) %(objectname) %(*objectname) [5ms]
[2022-10-25T04:23:54.126Z] > git remote --verbose [1ms]
[2022-10-25T04:23:54.141Z] > git config --get commit.template [1ms]
[2022-10-25T04:23:59.155Z] > git status -z -uall [5ms]
[2022-10-25T04:23:59.165Z] > git symbolic-ref --short HEAD [2ms]
[2022-10-25T04:23:59.173Z] > git for-each-ref --format=%(refname)%00%(upstream:short)%00%(objectname)%00%(upstream:track)%00%(upstream:remotename)%00%(upstream:remoteref) refs/heads/main refs/remotes/main [2ms]
[2022-10-25T04:23:59.182Z] > git for-each-ref --sort -committerdate --format %(refname) %(objectname) %(*objectname) [4ms]
[2022-10-25T04:23:59.182Z] > git remote --verbose [1ms]
[2022-10-25T04:23:59.195Z] > git config --get commit.template [1ms]
[2022-10-25T04:24:04.208Z] > git status -z -uall [5ms]
[2022-10-25T04:24:04.215Z] > git symbolic-ref --short HEAD [1ms]
[2022-10-25T04:24:04.221Z] > git for-each-ref --format=%(refname)%00%(upstream:short)%00%(objectname)%00%(upstream:track)%00%(upstream:remotename)%00%(upstream:remoteref) refs/heads/main refs/remotes/main [1ms]
[2022-10-25T04:24:04.231Z] > git for-each-ref --sort -committerdate --format %(refname) %(objectname) %(*objectname) [5ms]
[2022-10-25T04:24:04.231Z] > git remote --verbose [1ms]
[2022-10-25T04:24:04.254Z] > git config --get commit.template [2ms]
[2022-10-25T04:24:09.265Z] > git status -z -uall [5ms]
[2022-10-25T04:24:09.273Z] > git symbolic-ref --short HEAD [1ms]
[2022-10-25T04:24:09.281Z] > git for-each-ref --format=%(refname)%00%(upstream:short)%00%(objectname)%00%(upstream:track)%00%(upstream:remotename)%00%(upstream:remoteref) refs/heads/main refs/remotes/main [2ms]
[2022-10-25T04:24:09.291Z] > git for-each-ref --sort -committerdate --format %(refname) %(objectname) %(*objectname) [4ms]
[2022-10-25T04:24:09.292Z] > git remote --verbose [1ms]
[2022-10-25T04:24:09.320Z] > git config --get commit.template [1ms]
[2022-10-25T04:24:14.335Z] > git status -z -uall [6ms]
[2022-10-25T04:24:14.343Z] > git symbolic-ref --short HEAD [1ms]
[2022-10-25T04:24:14.349Z] > git for-each-ref --format=%(refname)%00%(upstream:short)%00%(objectname)%00%(upstream:track)%00%(upstream:remotename)%00%(upstream:remoteref) refs/heads/main refs/remotes/main [2ms]
[2022-10-25T04:24:14.355Z] > git for-each-ref --sort -committerdate --format %(refname) %(objectname) %(*objectname) [3ms]
[2022-10-25T04:24:14.356Z] > git remote --verbose [1ms]
[2022-10-25T04:24:14.367Z] > git config --get commit.template [1ms]
[2022-10-25T04:24:19.382Z] > git status -z -uall [6ms]
[2022-10-25T04:24:19.390Z] > git symbolic-ref --short HEAD [1ms]
[2022-10-25T04:24:19.395Z] > git for-each-ref --format=%(refname)%00%(upstream:short)%00%(objectname)%00%(upstream:track)%00%(upstream:remotename)%00%(upstream:remoteref) refs/heads/main refs/remotes/main [1ms]
[2022-10-25T04:24:19.403Z] > git for-each-ref --sort -committerdate --format %(refname) %(objectname) %(*objectname) [5ms]
[2022-10-25T04:24:19.403Z] > git remote --verbose [1ms]
[2022-10-25T04:24:19.415Z] > git config --get commit.template [1ms]
[2022-10-25T04:24:24.429Z] > git status -z -uall [6ms]
[2022-10-25T04:24:24.437Z] > git symbolic-ref --short HEAD [1ms]
[2022-10-25T04:24:24.445Z] > git for-each-ref --format=%(refname)%00%(upstream:short)%00%(objectname)%00%(upstream:track)%00%(upstream:remotename)%00%(upstream:remoteref) refs/heads/main refs/remotes/main [2ms]
[2022-10-25T04:24:24.456Z] > git for-each-ref --sort -committerdate --format %(refname) %(objectname) %(*objectname) [6ms]
[2022-10-25T04:24:24.456Z] > git remote --verbose [1ms]
[2022-10-25T04:24:24.474Z] > git config --get commit.template [1ms]
[2022-10-25T04:24:34.122Z] > git status -z -uall [5ms]
[2022-10-25T04:24:34.129Z] > git symbolic-ref --short HEAD [1ms]
[2022-10-25T04:24:34.136Z] > git for-each-ref --format=%(refname)%00%(upstream:short)%00%(objectname)%00%(upstream:track)%00%(upstream:remotename)%00%(upstream:remoteref) refs/heads/main refs/remotes/main [1ms]
[2022-10-25T04:24:34.147Z] > git for-each-ref --sort -committerdate --format %(refname) %(objectname) %(*objectname) [7ms]
[2022-10-25T04:24:34.148Z] > git remote --verbose [2ms]
[2022-10-25T04:24:34.170Z] > git config --get commit.template [1ms]
[2022-10-25T04:24:39.184Z] > git status -z -uall [5ms]
[2022-10-25T04:24:39.191Z] > git symbolic-ref --short HEAD [2ms]
[2022-10-25T04:24:39.198Z] > git for-each-ref --format=%(refname)%00%(upstream:short)%00%(objectname)%00%(upstream:track)%00%(upstream:remotename)%00%(upstream:remoteref) refs/heads/main refs/remotes/main [2ms]
[2022-10-25T04:24:39.207Z] > git for-each-ref --sort -committerdate --format %(refname) %(objectname) %(*objectname) [4ms]
[2022-10-25T04:24:39.208Z] > git remote --verbose [1ms]
[2022-10-25T04:24:39.237Z] > git config --get commit.template [1ms]
[2022-10-25T04:24:44.251Z] > git status -z -uall [5ms]
[2022-10-25T04:24:44.259Z] > git symbolic-ref --short HEAD [0ms]
[2022-10-25T04:24:44.264Z] > git for-each-ref --format=%(refname)%00%(upstream:short)%00%(objectname)%00%(upstream:track)%00%(upstream:remotename)%00%(upstream:remoteref) refs/heads/main refs/remotes/main [1ms]
[2022-10-25T04:24:44.272Z] > git for-each-ref --sort -committerdate --format %(refname) %(objectname) %(*objectname) [5ms]
[2022-10-25T04:24:44.272Z] > git remote --verbose [1ms]
[2022-10-25T04:24:44.283Z] > git config --get commit.template [1ms]
[2022-10-25T04:24:49.297Z] > git status -z -uall [5ms]
[2022-10-25T04:24:49.304Z] > git symbolic-ref --short HEAD [1ms]
[2022-10-25T04:24:49.310Z] > git for-each-ref --format=%(refname)%00%(upstream:short)%00%(objectname)%00%(upstream:track)%00%(upstream:remotename)%00%(upstream:remoteref) refs/heads/main refs/remotes/main [1ms]
[2022-10-25T04:24:49.317Z] > git for-each-ref --sort -committerdate --format %(refname) %(objectname) %(*objectname) [3ms]
[2022-10-25T04:24:49.318Z] > git remote --verbose [1ms]
[2022-10-25T04:24:49.347Z] > git config --get commit.template [1ms]
[2022-10-25T04:24:54.361Z] > git status -z -uall [5ms]
[2022-10-25T04:24:54.368Z] > git symbolic-ref --short HEAD [1ms]
[2022-10-25T04:24:54.375Z] > git for-each-ref --format=%(refname)%00%(upstream:short)%00%(objectname)%00%(upstream:track)%00%(upstream:remotename)%00%(upstream:remoteref) refs/heads/main refs/remotes/main [1ms]
[2022-10-25T04:24:54.385Z] > git for-each-ref --sort -committerdate --format %(refname) %(objectname) %(*objectname) [5ms]
[2022-10-25T04:24:54.385Z] > git remote --verbose [1ms]
[2022-10-25T04:24:54.413Z] > git config --get commit.template [2ms]
[2022-10-25T04:24:59.428Z] > git status -z -uall [6ms]
[2022-10-25T04:24:59.435Z] > git symbolic-ref --short HEAD [2ms]
[2022-10-25T04:24:59.442Z] > git for-each-ref --format=%(refname)%00%(upstream:short)%00%(objectname)%00%(upstream:track)%00%(upstream:remotename)%00%(upstream:remoteref) refs/heads/main refs/remotes/main [2ms]
[2022-10-25T04:24:59.455Z] > git for-each-ref --sort -committerdate --format %(refname) %(objectname) %(*objectname) [6ms]
[2022-10-25T04:24:59.456Z] > git remote --verbose [2ms]
[2022-10-25T04:24:59.482Z] > git config --get commit.template [1ms]
[2022-10-25T04:25:05.538Z] > git status -z -uall [5ms]
[2022-10-25T04:25:05.545Z] > git symbolic-ref --short HEAD [1ms]
[2022-10-25T04:25:05.552Z] > git for-each-ref --format=%(refname)%00%(upstream:short)%00%(objectname)%00%(upstream:track)%00%(upstream:remotename)%00%(upstream:remoteref) refs/heads/main refs/remotes/main [1ms]
[2022-10-25T04:25:05.564Z] > git for-each-ref --sort -committerdate --format %(refname) %(objectname) %(*objectname) [6ms]
[2022-10-25T04:25:05.565Z] > git remote --verbose [2ms]
[2022-10-25T04:25:05.587Z] > git config --get commit.template [1ms]
[2022-10-25T04:27:42.241Z] > git status -z -uall [7ms]
[2022-10-25T04:27:42.249Z] > git symbolic-ref --short HEAD [1ms]
[2022-10-25T04:27:42.255Z] > git for-each-ref --format=%(refname)%00%(upstream:short)%00%(objectname)%00%(upstream:track)%00%(upstream:remotename)%00%(upstream:remoteref) refs/heads/main refs/remotes/main [1ms]
[2022-10-25T04:27:42.264Z] > git for-each-ref --sort -committerdate --format %(refname) %(objectname) %(*objectname) [5ms]
[2022-10-25T04:27:42.264Z] > git remote --verbose [1ms]
[2022-10-25T04:27:42.279Z] > git config --get commit.template [2ms]
