[2022-11-01 20:14:39.341] [exthost] [info] Extension host with pid 54764 started
[2022-11-01 20:14:39.341] [exthost] [info] Skipping acquiring lock for /home/OutOfGravity/.config/Code/User/workspaceStorage/a722088502f92e65a7af369dc92f4395.
[2022-11-01 20:14:39.451] [exthost] [info] ExtensionService#_doActivateExtension vscode.microsoft-authentication, startup: false, activationEvent: 'onAuthenticationRequest:microsoft'
[2022-11-01 20:14:39.498] [exthost] [info] ExtensionService#_doActivateExtension vscode.debug-auto-launch, startup: true, activationEvent: '*'
[2022-11-01 20:14:39.504] [exthost] [info] ExtensionService#_doActivateExtension vscode.git-base, startup: true, activationEvent: '*', root cause: vscode.git
[2022-11-01 20:14:39.513] [exthost] [info] ExtensionService#_doActivateExtension vscode.ipynb, startup: true, activationEvent: '*'
[2022-11-01 20:14:39.579] [exthost] [info] ExtensionService#_doActivateExtension vscode.git, startup: true, activationEvent: '*'
[2022-11-01 20:14:39.622] [exthost] [info] ExtensionService#_doActivateExtension vscode.github, startup: true, activationEvent: '*'
[2022-11-01 20:14:39.697] [exthost] [info] Eager extensions activated
[2022-11-01 20:14:39.757] [exthost] [info] ExtensionService#_doActivateExtension vscode.emmet, startup: false, activationEvent: 'onStartupFinished'
[2022-11-01 20:14:39.771] [exthost] [info] ExtensionService#_doActivateExtension vscode.merge-conflict, startup: false, activationEvent: 'onStartupFinished'
[2022-11-01 20:14:39.776] [exthost] [info] ExtensionService#_doActivateExtension vscode.github-authentication, startup: false, activationEvent: 'onAuthenticationRequest:github'
[2022-11-01 20:14:39.893] [exthost] [warning] [Decorations] CAPPING events from decorations provider vscode.git 655
[2022-11-01 20:14:39.967] [exthost] [warning] [Decorations] CAPPING events from decorations provider vscode.git 656
[2022-11-01 20:14:43.003] [exthost] [warning] [Decorations] CAPPING events from decorations provider vscode.git 656
[2022-11-01 20:14:43.340] [exthost] [info] ExtensionService#_doActivateExtension shakram02.bash-beautify, startup: false, activationEvent: 'onLanguage:shellscript'
[2022-11-01 20:14:48.050] [exthost] [warning] [Decorations] CAPPING events from decorations provider vscode.git 656
[2022-11-01 20:14:53.101] [exthost] [warning] [Decorations] CAPPING events from decorations provider vscode.git 656
[2022-11-01 20:14:58.140] [exthost] [warning] [Decorations] CAPPING events from decorations provider vscode.git 642
[2022-11-01 20:15:03.195] [exthost] [warning] [Decorations] CAPPING events from decorations provider vscode.git 642
[2022-11-01 20:15:08.246] [exthost] [warning] [Decorations] CAPPING events from decorations provider vscode.git 642
[2022-11-01 20:15:13.290] [exthost] [warning] [Decorations] CAPPING events from decorations provider vscode.git 642
[2022-11-01 20:15:18.336] [exthost] [warning] [Decorations] CAPPING events from decorations provider vscode.git 642
[2022-11-01 20:15:23.376] [exthost] [warning] [Decorations] CAPPING events from decorations provider vscode.git 642
[2022-11-01 20:15:28.417] [exthost] [warning] [Decorations] CAPPING events from decorations provider vscode.git 642
[2022-11-01 20:15:33.464] [exthost] [warning] [Decorations] CAPPING events from decorations provider vscode.git 642
[2022-11-01 20:15:38.516] [exthost] [warning] [Decorations] CAPPING events from decorations provider vscode.git 642
[2022-11-01 20:15:43.558] [exthost] [warning] [Decorations] CAPPING events from decorations provider vscode.git 643
[2022-11-01 20:15:48.606] [exthost] [warning] [Decorations] CAPPING events from decorations provider vscode.git 642
[2022-11-01 20:15:53.649] [exthost] [warning] [Decorations] CAPPING events from decorations provider vscode.git 642
[2022-11-01 20:15:58.692] [exthost] [warning] [Decorations] CAPPING events from decorations provider vscode.git 642
[2022-11-01 20:16:03.732] [exthost] [warning] [Decorations] CAPPING events from decorations provider vscode.git 642
[2022-11-01 20:16:11.126] [exthost] [warning] [Decorations] CAPPING events from decorations provider vscode.git 642
[2022-11-01 20:18:46.582] [exthost] [warning] [Decorations] CAPPING events from decorations provider vscode.git 642
[2022-11-01 20:18:51.632] [exthost] [warning] [Decorations] CAPPING events from decorations provider vscode.git 643
[2022-11-01 20:18:56.678] [exthost] [warning] [Decorations] CAPPING events from decorations provider vscode.git 643
[2022-11-01 20:19:01.717] [exthost] [warning] [Decorations] CAPPING events from decorations provider vscode.git 643
[2022-11-01 20:19:06.760] [exthost] [warning] [Decorations] CAPPING events from decorations provider vscode.git 643
[2022-11-01 20:19:11.800] [exthost] [warning] [Decorations] CAPPING events from decorations provider vscode.git 643
[2022-11-01 20:19:16.840] [exthost] [warning] [Decorations] CAPPING events from decorations provider vscode.git 643
[2022-11-01 20:19:21.884] [exthost] [warning] [Decorations] CAPPING events from decorations provider vscode.git 643
[2022-11-01 20:19:26.925] [exthost] [warning] [Decorations] CAPPING events from decorations provider vscode.git 643
[2022-11-01 20:19:31.969] [exthost] [warning] [Decorations] CAPPING events from decorations provider vscode.git 644
[2022-11-01 20:19:37.015] [exthost] [warning] [Decorations] CAPPING events from decorations provider vscode.git 643
[2022-11-01 20:19:42.060] [exthost] [warning] [Decorations] CAPPING events from decorations provider vscode.git 643
[2022-11-01 20:19:47.108] [exthost] [warning] [Decorations] CAPPING events from decorations provider vscode.git 643
[2022-11-01 20:19:52.153] [exthost] [warning] [Decorations] CAPPING events from decorations provider vscode.git 643
[2022-11-01 20:19:57.190] [exthost] [warning] [Decorations] CAPPING events from decorations provider vscode.git 643
[2022-11-01 20:20:02.236] [exthost] [warning] [Decorations] CAPPING events from decorations provider vscode.git 643
[2022-11-01 20:20:07.275] [exthost] [warning] [Decorations] CAPPING events from decorations provider vscode.git 643
[2022-11-01 20:20:12.321] [exthost] [warning] [Decorations] CAPPING events from decorations provider vscode.git 643
[2022-11-01 20:20:17.365] [exthost] [warning] [Decorations] CAPPING events from decorations provider vscode.git 643
[2022-11-01 20:20:22.411] [exthost] [warning] [Decorations] CAPPING events from decorations provider vscode.git 643
[2022-11-01 20:20:27.475] [exthost] [warning] [Decorations] CAPPING events from decorations provider vscode.git 643
[2022-11-01 20:20:32.532] [exthost] [warning] [Decorations] CAPPING events from decorations provider vscode.git 643
[2022-11-01 20:20:39.811] [exthost] [warning] [Decorations] CAPPING events from decorations provider vscode.git 643
[2022-11-01 20:21:35.950] [exthost] [warning] [Decorations] CAPPING events from decorations provider vscode.git 643
[2022-11-01 20:22:42.974] [exthost] [warning] [Decorations] CAPPING events from decorations provider vscode.git 643
[2022-11-01 20:22:48.017] [exthost] [warning] [Decorations] CAPPING events from decorations provider vscode.git 643
[2022-11-01 20:24:03.986] [exthost] [warning] [Decorations] CAPPING events from decorations provider vscode.git 643
[2022-11-01 20:24:09.023] [exthost] [warning] [Decorations] CAPPING events from decorations provider vscode.git 643
[2022-11-01 20:24:14.059] [exthost] [warning] [Decorations] CAPPING events from decorations provider vscode.git 643
[2022-11-01 20:24:19.096] [exthost] [warning] [Decorations] CAPPING events from decorations provider vscode.git 643
[2022-11-01 20:24:24.139] [exthost] [warning] [Decorations] CAPPING events from decorations provider vscode.git 643
[2022-11-01 20:24:37.775] [exthost] [warning] [Decorations] CAPPING events from decorations provider vscode.git 643
[2022-11-01 20:24:42.818] [exthost] [warning] [Decorations] CAPPING events from decorations provider vscode.git 643
[2022-11-01 20:24:47.858] [exthost] [warning] [Decorations] CAPPING events from decorations provider vscode.git 644
[2022-11-01 20:24:52.901] [exthost] [warning] [Decorations] CAPPING events from decorations provider vscode.git 645
[2022-11-01 20:24:57.943] [exthost] [warning] [Decorations] CAPPING events from decorations provider vscode.git 644
[2022-11-01 20:25:02.982] [exthost] [warning] [Decorations] CAPPING events from decorations provider vscode.git 645
[2022-11-01 20:25:08.027] [exthost] [warning] [Decorations] CAPPING events from decorations provider vscode.git 646
[2022-11-01 20:25:13.071] [exthost] [warning] [Decorations] CAPPING events from decorations provider vscode.git 645
[2022-11-01 20:25:18.108] [exthost] [warning] [Decorations] CAPPING events from decorations provider vscode.git 646
[2022-11-01 20:25:23.151] [exthost] [warning] [Decorations] CAPPING events from decorations provider vscode.git 646
[2022-11-01 20:27:12.655] [exthost] [warning] [Decorations] CAPPING events from decorations provider vscode.git 646
[2022-11-01 20:27:19.622] [exthost] [warning] [Decorations] CAPPING events from decorations provider vscode.git 645
[2022-11-01 20:27:24.665] [exthost] [warning] [Decorations] CAPPING events from decorations provider vscode.git 645
[2022-11-01 20:27:29.714] [exthost] [warning] [Decorations] CAPPING events from decorations provider vscode.git 647
[2022-11-01 20:27:34.765] [exthost] [warning] [Decorations] CAPPING events from decorations provider vscode.git 647
[2022-11-01 20:27:39.808] [exthost] [warning] [Decorations] CAPPING events from decorations provider vscode.git 647
[2022-11-01 20:27:44.851] [exthost] [warning] [Decorations] CAPPING events from decorations provider vscode.git 647
[2022-11-01 20:28:59.042] [exthost] [warning] [Decorations] CAPPING events from decorations provider vscode.git 647
[2022-11-01 20:29:01.873] [exthost] [info] Extension host terminating: received terminate message from renderer
[2022-11-01 20:29:01.884] [exthost] [info] Extension host with pid 54764 exiting with code 0
