[2022-10-23 17:16:23.356] [exthost] [info] Extension host with pid 1349149 started
[2022-10-23 17:16:23.357] [exthost] [info] Skipping acquiring lock for /home/OutOfGravity/.config/Code/User/workspaceStorage/a722088502f92e65a7af369dc92f4395.
[2022-10-23 17:16:23.474] [exthost] [info] ExtensionService#_doActivateExtension shakram02.bash-beautify, startup: false, activationEvent: 'onLanguage:shellscript'
[2022-10-23 17:16:23.496] [exthost] [info] ExtensionService#_doActivateExtension vscode.microsoft-authentication, startup: false, activationEvent: 'onAuthenticationRequest:microsoft'
[2022-10-23 17:16:23.523] [exthost] [info] ExtensionService#_doActivateExtension vscode.debug-auto-launch, startup: true, activationEvent: '*'
[2022-10-23 17:16:23.527] [exthost] [info] ExtensionService#_doActivateExtension vscode.git-base, startup: true, activationEvent: '*', root cause: vscode.git
[2022-10-23 17:16:23.531] [exthost] [info] ExtensionService#_doActivateExtension vscode.ipynb, startup: true, activationEvent: '*'
[2022-10-23 17:16:23.898] [exthost] [info] ExtensionService#_doActivateExtension vscode.git, startup: true, activationEvent: '*'
[2022-10-23 17:16:23.931] [exthost] [info] ExtensionService#_doActivateExtension vscode.github, startup: true, activationEvent: '*'
[2022-10-23 17:16:23.985] [exthost] [info] Eager extensions activated
[2022-10-23 17:16:24.043] [exthost] [info] ExtensionService#_doActivateExtension vscode.emmet, startup: false, activationEvent: 'onStartupFinished'
[2022-10-23 17:16:24.051] [exthost] [info] ExtensionService#_doActivateExtension vscode.merge-conflict, startup: false, activationEvent: 'onStartupFinished'
[2022-10-23 17:16:24.055] [exthost] [info] ExtensionService#_doActivateExtension vscode.github-authentication, startup: false, activationEvent: 'onAuthenticationRequest:github'
[2022-10-23 17:16:24.153] [exthost] [warning] [Decorations] CAPPING events from decorations provider vscode.git 597
[2022-10-23 17:16:24.217] [exthost] [warning] [Decorations] CAPPING events from decorations provider vscode.git 598
[2022-10-23 17:16:27.033] [exthost] [warning] [Decorations] CAPPING events from decorations provider vscode.git 598
[2022-10-23 17:16:32.095] [exthost] [warning] [Decorations] CAPPING events from decorations provider vscode.git 599
[2022-10-23 17:16:37.162] [exthost] [warning] [Decorations] CAPPING events from decorations provider vscode.git 599
[2022-10-23 17:16:42.230] [exthost] [warning] [Decorations] CAPPING events from decorations provider vscode.git 599
[2022-10-23 17:16:47.299] [exthost] [warning] [Decorations] CAPPING events from decorations provider vscode.git 599
[2022-10-23 17:16:52.366] [exthost] [warning] [Decorations] CAPPING events from decorations provider vscode.git 599
[2022-10-23 17:16:57.437] [exthost] [warning] [Decorations] CAPPING events from decorations provider vscode.git 599
[2022-10-23 17:17:02.508] [exthost] [warning] [Decorations] CAPPING events from decorations provider vscode.git 599
[2022-10-23 17:17:07.583] [exthost] [warning] [Decorations] CAPPING events from decorations provider vscode.git 599
[2022-10-23 17:17:42.920] [exthost] [warning] [Decorations] CAPPING events from decorations provider vscode.git 599
[2022-10-23 17:18:31.255] [exthost] [warning] [Decorations] CAPPING events from decorations provider vscode.git 599
[2022-10-23 17:18:36.322] [exthost] [warning] [Decorations] CAPPING events from decorations provider vscode.git 599
[2022-10-23 17:18:41.385] [exthost] [warning] [Decorations] CAPPING events from decorations provider vscode.git 599
[2022-10-23 17:18:46.450] [exthost] [warning] [Decorations] CAPPING events from decorations provider vscode.git 599
[2022-10-23 17:19:45.595] [exthost] [warning] [Decorations] CAPPING events from decorations provider vscode.git 599
[2022-10-23 17:19:50.659] [exthost] [warning] [Decorations] CAPPING events from decorations provider vscode.git 599
[2022-10-23 17:20:04.259] [exthost] [warning] [Decorations] CAPPING events from decorations provider vscode.git 599
[2022-10-23 17:20:09.323] [exthost] [warning] [Decorations] CAPPING events from decorations provider vscode.git 599
[2022-10-23 17:20:14.383] [exthost] [warning] [Decorations] CAPPING events from decorations provider vscode.git 599
[2022-10-23 17:20:19.433] [exthost] [warning] [Decorations] CAPPING events from decorations provider vscode.git 599
[2022-10-23 17:20:24.476] [exthost] [warning] [Decorations] CAPPING events from decorations provider vscode.git 599
[2022-10-23 17:20:29.525] [exthost] [warning] [Decorations] CAPPING events from decorations provider vscode.git 600
[2022-10-23 17:20:38.953] [exthost] [warning] [Decorations] CAPPING events from decorations provider vscode.git 599
[2022-10-23 17:21:10.854] [exthost] [warning] [Decorations] CAPPING events from decorations provider vscode.git 599
[2022-10-23 17:21:28.414] [exthost] [warning] [Decorations] CAPPING events from decorations provider vscode.git 599
[2022-10-23 17:21:33.473] [exthost] [warning] [Decorations] CAPPING events from decorations provider vscode.git 599
[2022-10-23 17:21:38.534] [exthost] [warning] [Decorations] CAPPING events from decorations provider vscode.git 599
[2022-10-23 17:21:43.579] [exthost] [warning] [Decorations] CAPPING events from decorations provider vscode.git 600
[2022-10-23 17:21:48.637] [exthost] [warning] [Decorations] CAPPING events from decorations provider vscode.git 601
[2022-10-23 17:21:53.706] [exthost] [warning] [Decorations] CAPPING events from decorations provider vscode.git 600
[2022-10-23 17:22:05.187] [exthost] [warning] [Decorations] CAPPING events from decorations provider vscode.git 600
[2022-10-23 17:22:10.252] [exthost] [warning] [Decorations] CAPPING events from decorations provider vscode.git 600
[2022-10-23 17:22:15.314] [exthost] [warning] [Decorations] CAPPING events from decorations provider vscode.git 600
[2022-10-23 17:22:20.354] [exthost] [warning] [Decorations] CAPPING events from decorations provider vscode.git 600
[2022-10-23 17:22:25.415] [exthost] [warning] [Decorations] CAPPING events from decorations provider vscode.git 600
[2022-10-23 17:22:30.477] [exthost] [warning] [Decorations] CAPPING events from decorations provider vscode.git 600
[2022-10-23 17:22:35.541] [exthost] [warning] [Decorations] CAPPING events from decorations provider vscode.git 600
[2022-10-23 17:22:40.592] [exthost] [warning] [Decorations] CAPPING events from decorations provider vscode.git 600
[2022-10-23 17:22:45.652] [exthost] [warning] [Decorations] CAPPING events from decorations provider vscode.git 600
[2022-10-23 17:22:50.718] [exthost] [warning] [Decorations] CAPPING events from decorations provider vscode.git 600
[2022-10-23 17:22:55.783] [exthost] [warning] [Decorations] CAPPING events from decorations provider vscode.git 600
[2022-10-23 17:23:00.853] [exthost] [warning] [Decorations] CAPPING events from decorations provider vscode.git 600
[2022-10-23 17:23:05.912] [exthost] [warning] [Decorations] CAPPING events from decorations provider vscode.git 600
[2022-10-23 17:23:10.972] [exthost] [warning] [Decorations] CAPPING events from decorations provider vscode.git 601
[2022-10-23 17:23:16.025] [exthost] [warning] [Decorations] CAPPING events from decorations provider vscode.git 601
[2022-10-23 17:23:21.084] [exthost] [warning] [Decorations] CAPPING events from decorations provider vscode.git 601
[2022-10-23 17:23:26.123] [exthost] [warning] [Decorations] CAPPING events from decorations provider vscode.git 601
[2022-10-23 17:23:31.186] [exthost] [warning] [Decorations] CAPPING events from decorations provider vscode.git 600
[2022-10-23 17:23:36.249] [exthost] [warning] [Decorations] CAPPING events from decorations provider vscode.git 600
[2022-10-23 17:23:41.314] [exthost] [warning] [Decorations] CAPPING events from decorations provider vscode.git 600
[2022-10-23 17:24:00.619] [exthost] [warning] [Decorations] CAPPING events from decorations provider vscode.git 600
[2022-10-23 17:24:05.671] [exthost] [warning] [Decorations] CAPPING events from decorations provider vscode.git 601
[2022-10-23 17:24:10.737] [exthost] [warning] [Decorations] CAPPING events from decorations provider vscode.git 601
[2022-10-23 17:24:15.774] [exthost] [warning] [Decorations] CAPPING events from decorations provider vscode.git 601
[2022-10-23 17:24:20.827] [exthost] [warning] [Decorations] CAPPING events from decorations provider vscode.git 601
[2022-10-23 17:24:25.887] [exthost] [warning] [Decorations] CAPPING events from decorations provider vscode.git 601
[2022-10-23 17:24:30.948] [exthost] [warning] [Decorations] CAPPING events from decorations provider vscode.git 601
[2022-10-23 17:24:36.006] [exthost] [warning] [Decorations] CAPPING events from decorations provider vscode.git 601
[2022-10-23 17:24:41.052] [exthost] [warning] [Decorations] CAPPING events from decorations provider vscode.git 601
[2022-10-23 17:24:46.096] [exthost] [warning] [Decorations] CAPPING events from decorations provider vscode.git 601
[2022-10-23 17:24:51.163] [exthost] [warning] [Decorations] CAPPING events from decorations provider vscode.git 601
[2022-10-23 17:24:56.216] [exthost] [warning] [Decorations] CAPPING events from decorations provider vscode.git 601
[2022-10-23 17:25:01.263] [exthost] [warning] [Decorations] CAPPING events from decorations provider vscode.git 601
[2022-10-23 17:25:06.318] [exthost] [warning] [Decorations] CAPPING events from decorations provider vscode.git 601
[2022-10-23 17:25:11.378] [exthost] [warning] [Decorations] CAPPING events from decorations provider vscode.git 601
[2022-10-23 17:25:16.434] [exthost] [warning] [Decorations] CAPPING events from decorations provider vscode.git 601
[2022-10-23 17:25:21.489] [exthost] [warning] [Decorations] CAPPING events from decorations provider vscode.git 601
[2022-10-23 17:25:26.553] [exthost] [warning] [Decorations] CAPPING events from decorations provider vscode.git 602
[2022-10-23 17:25:31.614] [exthost] [warning] [Decorations] CAPPING events from decorations provider vscode.git 602
[2022-10-23 17:25:39.510] [exthost] [warning] [Decorations] CAPPING events from decorations provider vscode.git 603
[2022-10-23 17:25:45.237] [exthost] [warning] [Decorations] CAPPING events from decorations provider vscode.git 602
[2022-10-23 17:25:50.282] [exthost] [warning] [Decorations] CAPPING events from decorations provider vscode.git 602
[2022-10-23 17:25:55.334] [exthost] [warning] [Decorations] CAPPING events from decorations provider vscode.git 602
[2022-10-23 17:26:00.395] [exthost] [warning] [Decorations] CAPPING events from decorations provider vscode.git 603
[2022-10-23 17:26:07.955] [exthost] [warning] [Decorations] CAPPING events from decorations provider vscode.git 604
[2022-10-23 17:26:13.010] [exthost] [warning] [Decorations] CAPPING events from decorations provider vscode.git 603
[2022-10-23 17:26:18.049] [exthost] [warning] [Decorations] CAPPING events from decorations provider vscode.git 603
[2022-10-23 17:26:23.110] [exthost] [warning] [Decorations] CAPPING events from decorations provider vscode.git 603
[2022-10-23 17:26:28.161] [exthost] [warning] [Decorations] CAPPING events from decorations provider vscode.git 604
[2022-10-23 17:27:51.053] [exthost] [warning] [Decorations] CAPPING events from decorations provider vscode.git 604
[2022-10-23 17:27:56.112] [exthost] [warning] [Decorations] CAPPING events from decorations provider vscode.git 604
[2022-10-23 17:28:01.161] [exthost] [warning] [Decorations] CAPPING events from decorations provider vscode.git 604
[2022-10-23 17:28:06.206] [exthost] [warning] [Decorations] CAPPING events from decorations provider vscode.git 604
[2022-10-23 17:28:57.266] [exthost] [warning] [Decorations] CAPPING events from decorations provider vscode.git 604
[2022-10-23 17:29:02.325] [exthost] [warning] [Decorations] CAPPING events from decorations provider vscode.git 604
[2022-10-23 17:29:07.380] [exthost] [warning] [Decorations] CAPPING events from decorations provider vscode.git 604
[2022-10-23 17:29:35.853] [exthost] [warning] [Decorations] CAPPING events from decorations provider vscode.git 604
[2022-10-23 17:29:40.898] [exthost] [warning] [Decorations] CAPPING events from decorations provider vscode.git 604
[2022-10-23 17:29:45.942] [exthost] [warning] [Decorations] CAPPING events from decorations provider vscode.git 605
[2022-10-23 17:29:50.982] [exthost] [warning] [Decorations] CAPPING events from decorations provider vscode.git 605
[2022-10-23 17:29:56.029] [exthost] [warning] [Decorations] CAPPING events from decorations provider vscode.git 605
[2022-10-23 17:30:01.083] [exthost] [warning] [Decorations] CAPPING events from decorations provider vscode.git 605
[2022-10-23 17:30:06.129] [exthost] [warning] [Decorations] CAPPING events from decorations provider vscode.git 605
[2022-10-23 17:30:11.172] [exthost] [warning] [Decorations] CAPPING events from decorations provider vscode.git 605
[2022-10-23 17:30:18.788] [exthost] [warning] [Decorations] CAPPING events from decorations provider vscode.git 606
[2022-10-23 17:31:54.209] [exthost] [warning] [Decorations] CAPPING events from decorations provider vscode.git 605
[2022-10-23 17:33:00.457] [exthost] [warning] [Decorations] CAPPING events from decorations provider vscode.git 605
[2022-10-23 17:33:37.358] [exthost] [warning] [Decorations] CAPPING events from decorations provider vscode.git 605
[2022-10-23 17:33:42.402] [exthost] [warning] [Decorations] CAPPING events from decorations provider vscode.git 605
[2022-10-23 17:33:47.461] [exthost] [warning] [Decorations] CAPPING events from decorations provider vscode.git 605
[2022-10-23 17:33:52.505] [exthost] [warning] [Decorations] CAPPING events from decorations provider vscode.git 605
[2022-10-23 17:33:57.563] [exthost] [warning] [Decorations] CAPPING events from decorations provider vscode.git 605
[2022-10-23 17:34:02.628] [exthost] [warning] [Decorations] CAPPING events from decorations provider vscode.git 605
[2022-10-23 17:34:07.698] [exthost] [warning] [Decorations] CAPPING events from decorations provider vscode.git 605
[2022-10-23 17:34:12.766] [exthost] [warning] [Decorations] CAPPING events from decorations provider vscode.git 605
[2022-10-23 17:34:17.838] [exthost] [warning] [Decorations] CAPPING events from decorations provider vscode.git 605
[2022-10-23 17:34:56.148] [exthost] [warning] [Decorations] CAPPING events from decorations provider vscode.git 605
[2022-10-23 17:35:01.215] [exthost] [warning] [Decorations] CAPPING events from decorations provider vscode.git 605
[2022-10-23 17:35:06.268] [exthost] [warning] [Decorations] CAPPING events from decorations provider vscode.git 605
[2022-10-23 17:35:11.329] [exthost] [warning] [Decorations] CAPPING events from decorations provider vscode.git 606
[2022-10-23 17:35:43.884] [exthost] [warning] [Decorations] CAPPING events from decorations provider vscode.git 607
[2022-10-23 17:36:49.033] [exthost] [warning] [Decorations] CAPPING events from decorations provider vscode.git 606
[2022-10-23 17:40:07.648] [exthost] [warning] [Decorations] CAPPING events from decorations provider vscode.git 606
[2022-10-23 17:40:49.588] [exthost] [warning] [Decorations] CAPPING events from decorations provider vscode.git 606
[2022-10-23 17:40:54.640] [exthost] [warning] [Decorations] CAPPING events from decorations provider vscode.git 607
[2022-10-23 17:40:59.686] [exthost] [warning] [Decorations] CAPPING events from decorations provider vscode.git 607
[2022-10-23 17:41:04.728] [exthost] [warning] [Decorations] CAPPING events from decorations provider vscode.git 607
[2022-10-23 17:41:10.401] [exthost] [warning] [Decorations] CAPPING events from decorations provider vscode.git 607
[2022-10-23 17:41:15.444] [exthost] [warning] [Decorations] CAPPING events from decorations provider vscode.git 607
[2022-10-23 17:41:20.485] [exthost] [warning] [Decorations] CAPPING events from decorations provider vscode.git 608
[2022-10-23 17:41:25.542] [exthost] [warning] [Decorations] CAPPING events from decorations provider vscode.git 607
[2022-10-23 17:42:07.356] [exthost] [warning] [Decorations] CAPPING events from decorations provider vscode.git 607
[2022-10-23 17:42:12.421] [exthost] [warning] [Decorations] CAPPING events from decorations provider vscode.git 607
[2022-10-23 17:42:17.492] [exthost] [warning] [Decorations] CAPPING events from decorations provider vscode.git 607
[2022-10-23 17:42:22.543] [exthost] [warning] [Decorations] CAPPING events from decorations provider vscode.git 607
[2022-10-23 17:43:21.221] [exthost] [warning] [Decorations] CAPPING events from decorations provider vscode.git 608
[2022-10-23 17:43:26.262] [exthost] [warning] [Decorations] CAPPING events from decorations provider vscode.git 608
[2022-10-23 17:43:56.401] [exthost] [warning] [Decorations] CAPPING events from decorations provider vscode.git 608
[2022-10-23 17:44:01.453] [exthost] [warning] [Decorations] CAPPING events from decorations provider vscode.git 608
[2022-10-23 17:44:06.495] [exthost] [warning] [Decorations] CAPPING events from decorations provider vscode.git 608
[2022-10-23 17:44:11.555] [exthost] [warning] [Decorations] CAPPING events from decorations provider vscode.git 608
[2022-10-23 17:44:16.605] [exthost] [warning] [Decorations] CAPPING events from decorations provider vscode.git 608
[2022-10-23 17:44:21.662] [exthost] [warning] [Decorations] CAPPING events from decorations provider vscode.git 608
[2022-10-23 17:44:26.712] [exthost] [warning] [Decorations] CAPPING events from decorations provider vscode.git 608
[2022-10-23 17:44:31.773] [exthost] [warning] [Decorations] CAPPING events from decorations provider vscode.git 608
[2022-10-23 17:44:36.818] [exthost] [warning] [Decorations] CAPPING events from decorations provider vscode.git 609
[2022-10-23 17:44:41.926] [exthost] [warning] [Decorations] CAPPING events from decorations provider vscode.git 608
[2022-10-23 17:44:56.926] [exthost] [warning] [Decorations] CAPPING events from decorations provider vscode.git 608
[2022-10-23 17:45:01.965] [exthost] [warning] [Decorations] CAPPING events from decorations provider vscode.git 608
[2022-10-23 17:45:07.000] [exthost] [warning] [Decorations] CAPPING events from decorations provider vscode.git 608
[2022-10-23 17:46:33.369] [exthost] [warning] [Decorations] CAPPING events from decorations provider vscode.git 608
[2022-10-23 17:47:09.668] [exthost] [warning] [Decorations] CAPPING events from decorations provider vscode.git 608
[2022-10-23 17:47:12.964] [exthost] [info] Extension host terminating: received terminate message from renderer
[2022-10-23 17:47:12.975] [exthost] [info] Extension host with pid 1349149 exiting with code 0
